[09:29:38 INFO] Run: bgem3_lora_dbp5l_20260704_0929_crr_hn7_r16 | Seed: 42
[09:29:38 INFO] LoRA rank=16 | CRR=1 | XL=0 | HardNeg K=7
[09:29:38 INFO] Entity descriptions: /home/admin_wsl/research_kg/DBP5L/processed/entity_descriptions.json
[09:29:38 INFO] Loading KG neighbor-based entity descriptions...
[09:29:38 INFO]   Loaded 56589 entity descriptions
[09:29:38 INFO] Loaded 960 relation names
[09:29:38 INFO] Loaded 56589 entities, 815 relation anchor groups
[09:29:39 INFO] HTTP Request: HEAD https://huggingface.co/bert-base-multilingual-cased/resolve/main/config.json "HTTP/1.1 200 OK"
[09:29:39 INFO] HTTP Request: HEAD https://huggingface.co/bert-base-multilingual-cased/resolve/main/tokenizer_config.json "HTTP/1.1 200 OK"
Warning: You are sending unauthenticated requests to the HF Hub. Please set a HF_TOKEN to enable higher rate limits and faster downloads.
[09:29:39 WARNING] Warning: You are sending unauthenticated requests to the HF Hub. Please set a HF_TOKEN to enable higher rate limits and faster downloads.
[09:29:39 INFO] HTTP Request: GET https://huggingface.co/api/models/bert-base-multilingual-cased/tree/main/additional_chat_templates?recursive=false&expand=false "HTTP/1.1 307 Temporary Redirect"
[09:29:39 INFO] HTTP Request: GET https://huggingface.co/api/models/google-bert/bert-base-multilingual-cased/tree/main/additional_chat_templates?recursive=false&expand=false "HTTP/1.1 404 Not Found"
[09:29:40 INFO] HTTP Request: GET https://huggingface.co/api/models/bert-base-multilingual-cased/tree/main?recursive=true&expand=false "HTTP/1.1 307 Temporary Redirect"
[09:29:40 INFO] HTTP Request: GET https://huggingface.co/api/models/google-bert/bert-base-multilingual-cased/tree/main?recursive=true&expand=false "HTTP/1.1 200 OK"
[09:29:40 INFO] HTTP Request: GET https://huggingface.co/api/models/bert-base-multilingual-cased "HTTP/1.1 307 Temporary Redirect"
[09:29:41 INFO] HTTP Request: GET https://huggingface.co/api/models/google-bert/bert-base-multilingual-cased "HTTP/1.1 200 OK"
[09:29:41 INFO] Loading bert-base-multilingual-cased in bfloat16 (frozen)...
[09:29:41 INFO] HTTP Request: HEAD https://huggingface.co/bert-base-multilingual-cased/resolve/main/config.json "HTTP/1.1 200 OK"
[transformers] `torch_dtype` is deprecated! Use `dtype` instead!
[09:29:41 INFO] HTTP Request: HEAD https://huggingface.co/bert-base-multilingual-cased/resolve/main/config.json "HTTP/1.1 200 OK"
Loading weights:   0%|          | 0/199 [00:00<?, ?it/s]Loading weights:   3%|▎         | 5/199 [00:00<00:05, 37.09it/s]Loading weights: 100%|██████████| 199/199 [00:00<00:00, 1042.95it/s]
[transformers] [1mBertModel LOAD REPORT[0m from: bert-base-multilingual-cased
Key                                        | Status     |  | 
-------------------------------------------+------------+--+-
cls.seq_relationship.weight                | UNEXPECTED |  | 
cls.seq_relationship.bias                  | UNEXPECTED |  | 
cls.predictions.transform.LayerNorm.weight | UNEXPECTED |  | 
cls.predictions.transform.LayerNorm.bias   | UNEXPECTED |  | 
cls.predictions.transform.dense.bias       | UNEXPECTED |  | 
cls.predictions.transform.dense.weight     | UNEXPECTED |  | 
cls.predictions.bias                       | UNEXPECTED |  | 

Notes:
- UNEXPECTED:	can be ignored when loading from different task/architecture; not ok if you expect identical arch.
[09:29:41 INFO] Injected LoRA into 24 linear layers (rank=16, alpha=32)
[09:29:41 INFO] Total params: 178.4M | Trainable (LoRA): 0.59M (0.3%)
[09:29:42 INFO] GPU: NVIDIA GeForce RTX 5070 Ti | VRAM used after model load: 0.37 GB | free: 15.4 GB
[09:29:42 INFO] Pre-tokenizing training set...
[09:29:42 INFO]   Building 118256 example texts...
[09:29:42 INFO]     Tokenized 512/118256
[09:29:43 INFO]     Tokenized 10752/118256
[09:29:43 INFO]     Tokenized 20992/118256
[09:29:44 INFO]     Tokenized 31232/118256
[09:29:45 INFO]     Tokenized 41472/118256
[09:29:46 INFO]     Tokenized 51712/118256
[09:29:46 INFO]     Tokenized 61952/118256
[09:29:47 INFO]     Tokenized 72192/118256
[09:29:48 INFO]     Tokenized 82432/118256
[09:29:49 INFO]     Tokenized 92672/118256
[09:29:49 INFO]     Tokenized 102912/118256
[09:29:50 INFO]     Tokenized 113152/118256
[09:29:52 INFO]     Tokenized 512/118256
[09:29:52 INFO]     Tokenized 10752/118256
[09:29:53 INFO]     Tokenized 20992/118256
[09:29:54 INFO]     Tokenized 31232/118256
[09:29:54 INFO]     Tokenized 41472/118256
[09:29:55 INFO]     Tokenized 51712/118256
[09:29:56 INFO]     Tokenized 61952/118256
[09:29:57 INFO]     Tokenized 72192/118256
[09:29:57 INFO]     Tokenized 82432/118256
[09:29:58 INFO]     Tokenized 92672/118256
[09:29:59 INFO]     Tokenized 102912/118256
[09:30:00 INFO]     Tokenized 113152/118256
[09:30:01 INFO] Pre-tokenizing validation set...
[09:30:01 INFO]   Building 13137 example texts...
[09:30:01 INFO]     Tokenized 512/13137
[09:30:02 INFO]     Tokenized 10752/13137
[09:30:02 INFO]     Tokenized 512/13137
[09:30:03 INFO]     Tokenized 10752/13137
[09:30:03 INFO] Training: 118256 examples | 13860 opt steps | 30 epochs
[09:30:03 INFO] Batch=32 | GradAccum=8 | Effective batch=256
[09:30:09 INFO] Ep 1/30 step 50/3696 | loss 1.4103 | acc@1 44.9% acc@3 70.8% | 9.11 steps/s | ETA 3.4h | VRAM 0.4GB
[09:30:13 INFO] Ep 1/30 step 100/3696 | loss 1.4163 | acc@1 44.0% acc@3 70.9% | 10.25 steps/s | ETA 3.0h | VRAM 0.4GB
[09:30:17 INFO] Ep 1/30 step 150/3696 | loss 1.4175 | acc@1 44.2% acc@3 71.0% | 10.70 steps/s | ETA 2.9h | VRAM 0.4GB
[09:30:22 INFO] Ep 1/30 step 200/3696 | loss 1.4091 | acc@1 44.5% acc@3 71.4% | 10.92 steps/s | ETA 2.8h | VRAM 0.4GB
[09:30:26 INFO] Ep 1/30 step 250/3696 | loss 1.4047 | acc@1 44.3% acc@3 71.7% | 11.07 steps/s | ETA 2.8h | VRAM 0.4GB
[09:30:30 INFO] Ep 1/30 step 300/3696 | loss 1.3984 | acc@1 44.2% acc@3 71.9% | 11.16 steps/s | ETA 2.8h | VRAM 0.4GB
[09:30:34 INFO] Ep 1/30 step 350/3696 | loss 1.3892 | acc@1 44.6% acc@3 72.1% | 11.23 steps/s | ETA 2.7h | VRAM 0.4GB
[09:30:39 INFO] Ep 1/30 step 400/3696 | loss 1.3758 | acc@1 45.0% acc@3 72.5% | 11.28 steps/s | ETA 2.7h | VRAM 0.4GB
[09:30:43 INFO] Ep 1/30 step 450/3696 | loss 1.3593 | acc@1 45.4% acc@3 73.0% | 11.32 steps/s | ETA 2.7h | VRAM 0.4GB
[09:30:47 INFO] Ep 1/30 step 500/3696 | loss 1.3398 | acc@1 45.7% acc@3 73.4% | 11.35 steps/s | ETA 2.7h | VRAM 0.4GB
[09:30:52 INFO] Ep 1/30 step 550/3696 | loss 1.3152 | acc@1 46.0% acc@3 73.8% | 11.38 steps/s | ETA 2.7h | VRAM 0.4GB
[09:30:56 INFO] Ep 1/30 step 600/3696 | loss 1.2858 | acc@1 46.3% acc@3 74.3% | 11.40 steps/s | ETA 2.7h | VRAM 0.4GB
[09:31:00 INFO] Ep 1/30 step 650/3696 | loss 1.2533 | acc@1 46.6% acc@3 74.7% | 11.42 steps/s | ETA 2.7h | VRAM 0.4GB
[09:31:04 INFO] Ep 1/30 step 700/3696 | loss 1.2184 | acc@1 47.1% acc@3 75.2% | 11.43 steps/s | ETA 2.7h | VRAM 0.4GB
[09:31:09 INFO] Ep 1/30 step 750/3696 | loss 1.1835 | acc@1 47.7% acc@3 75.7% | 11.45 steps/s | ETA 2.7h | VRAM 0.4GB
[09:31:13 INFO] Ep 1/30 step 800/3696 | loss 1.1480 | acc@1 48.4% acc@3 76.4% | 11.46 steps/s | ETA 2.7h | VRAM 0.4GB
[09:31:17 INFO] Ep 1/30 step 850/3696 | loss 1.1162 | acc@1 48.9% acc@3 76.8% | 11.48 steps/s | ETA 2.7h | VRAM 0.4GB
[09:31:22 INFO] Ep 1/30 step 900/3696 | loss 1.0857 | acc@1 49.5% acc@3 77.3% | 11.48 steps/s | ETA 2.7h | VRAM 0.4GB
[09:31:26 INFO] Ep 1/30 step 950/3696 | loss 1.0570 | acc@1 50.0% acc@3 77.9% | 11.49 steps/s | ETA 2.7h | VRAM 0.4GB
[09:31:30 INFO] Ep 1/30 step 1000/3696 | loss 1.0306 | acc@1 50.6% acc@3 78.3% | 11.50 steps/s | ETA 2.7h | VRAM 0.4GB
[09:31:34 INFO] Ep 1/30 step 1050/3696 | loss 1.0056 | acc@1 51.1% acc@3 78.8% | 11.51 steps/s | ETA 2.7h | VRAM 0.4GB
[09:31:39 INFO] Ep 1/30 step 1100/3696 | loss 0.9815 | acc@1 51.8% acc@3 79.3% | 11.51 steps/s | ETA 2.6h | VRAM 0.4GB
[09:31:43 INFO] Ep 1/30 step 1150/3696 | loss 0.9579 | acc@1 52.5% acc@3 79.8% | 11.52 steps/s | ETA 2.6h | VRAM 0.4GB
[09:31:47 INFO] Ep 1/30 step 1200/3696 | loss 0.9357 | acc@1 53.2% acc@3 80.4% | 11.53 steps/s | ETA 2.6h | VRAM 0.4GB
[09:31:52 INFO] Ep 1/30 step 1250/3696 | loss 0.9141 | acc@1 53.9% acc@3 80.9% | 11.53 steps/s | ETA 2.6h | VRAM 0.4GB
[09:31:56 INFO] Ep 1/30 step 1300/3696 | loss 0.8939 | acc@1 54.7% acc@3 81.4% | 11.54 steps/s | ETA 2.6h | VRAM 0.4GB
[09:32:00 INFO] Ep 1/30 step 1350/3696 | loss 0.8738 | acc@1 55.4% acc@3 81.8% | 11.54 steps/s | ETA 2.6h | VRAM 0.4GB
[09:32:04 INFO] Ep 1/30 step 1400/3696 | loss 0.8546 | acc@1 56.2% acc@3 82.3% | 11.54 steps/s | ETA 2.6h | VRAM 0.4GB
[09:32:09 INFO] Ep 1/30 step 1450/3696 | loss 0.8357 | acc@1 56.9% acc@3 82.8% | 11.55 steps/s | ETA 2.6h | VRAM 0.4GB
[09:32:13 INFO] Ep 1/30 step 1500/3696 | loss 0.8177 | acc@1 57.6% acc@3 83.3% | 11.55 steps/s | ETA 2.6h | VRAM 0.4GB
[09:32:17 INFO] Ep 1/30 step 1550/3696 | loss 0.8003 | acc@1 58.4% acc@3 83.7% | 11.56 steps/s | ETA 2.6h | VRAM 0.4GB
[09:32:22 INFO] Ep 1/30 step 1600/3696 | loss 0.7842 | acc@1 59.1% acc@3 84.1% | 11.56 steps/s | ETA 2.6h | VRAM 0.4GB
[09:32:26 INFO] Ep 1/30 step 1650/3696 | loss 0.7683 | acc@1 59.7% acc@3 84.5% | 11.56 steps/s | ETA 2.6h | VRAM 0.4GB
[09:32:30 INFO] Ep 1/30 step 1700/3696 | loss 0.7531 | acc@1 60.4% acc@3 84.9% | 11.57 steps/s | ETA 2.6h | VRAM 0.4GB
[09:32:34 INFO] Ep 1/30 step 1750/3696 | loss 0.7388 | acc@1 61.0% acc@3 85.2% | 11.57 steps/s | ETA 2.6h | VRAM 0.4GB
[09:32:39 INFO] Ep 1/30 step 1800/3696 | loss 0.7246 | acc@1 61.6% acc@3 85.6% | 11.57 steps/s | ETA 2.6h | VRAM 0.4GB
[09:32:43 INFO] Ep 1/30 step 1850/3696 | loss 0.7110 | acc@1 62.2% acc@3 85.9% | 11.57 steps/s | ETA 2.6h | VRAM 0.4GB
[09:32:47 INFO] Ep 1/30 step 1900/3696 | loss 0.6982 | acc@1 62.7% acc@3 86.2% | 11.58 steps/s | ETA 2.6h | VRAM 0.4GB
[09:32:52 INFO] Ep 1/30 step 1950/3696 | loss 0.6858 | acc@1 63.3% acc@3 86.5% | 11.58 steps/s | ETA 2.6h | VRAM 0.4GB
[09:32:56 INFO] Ep 1/30 step 2000/3696 | loss 0.6739 | acc@1 63.8% acc@3 86.8% | 11.58 steps/s | ETA 2.6h | VRAM 0.4GB
[09:33:00 INFO] Ep 1/30 step 2050/3696 | loss 0.6624 | acc@1 64.3% acc@3 87.1% | 11.58 steps/s | ETA 2.6h | VRAM 0.4GB
[09:33:05 INFO] Ep 1/30 step 2100/3696 | loss 0.6508 | acc@1 64.9% acc@3 87.4% | 11.58 steps/s | ETA 2.6h | VRAM 0.4GB
[09:33:09 INFO] Ep 1/30 step 2150/3696 | loss 0.6403 | acc@1 65.3% acc@3 87.6% | 11.59 steps/s | ETA 2.6h | VRAM 0.4GB
[09:33:13 INFO] Ep 1/30 step 2200/3696 | loss 0.6303 | acc@1 65.8% acc@3 87.8% | 11.59 steps/s | ETA 2.6h | VRAM 0.4GB
[09:33:17 INFO] Ep 1/30 step 2250/3696 | loss 0.6205 | acc@1 66.2% acc@3 88.1% | 11.59 steps/s | ETA 2.6h | VRAM 0.4GB
[09:33:22 INFO] Ep 1/30 step 2300/3696 | loss 0.6109 | acc@1 66.6% acc@3 88.3% | 11.59 steps/s | ETA 2.6h | VRAM 0.4GB
[09:33:26 INFO] Ep 1/30 step 2350/3696 | loss 0.6018 | acc@1 67.0% acc@3 88.5% | 11.59 steps/s | ETA 2.6h | VRAM 0.4GB
[09:33:30 INFO] Ep 1/30 step 2400/3696 | loss 0.5932 | acc@1 67.4% acc@3 88.7% | 11.59 steps/s | ETA 2.6h | VRAM 0.4GB
[09:33:35 INFO] Ep 1/30 step 2450/3696 | loss 0.5845 | acc@1 67.8% acc@3 88.9% | 11.60 steps/s | ETA 2.6h | VRAM 0.4GB
[09:33:39 INFO] Ep 1/30 step 2500/3696 | loss 0.5761 | acc@1 68.2% acc@3 89.1% | 11.60 steps/s | ETA 2.6h | VRAM 0.4GB
[09:33:43 INFO] Ep 1/30 step 2550/3696 | loss 0.5680 | acc@1 68.6% acc@3 89.3% | 11.60 steps/s | ETA 2.6h | VRAM 0.4GB
[09:33:47 INFO] Ep 1/30 step 2600/3696 | loss 0.5607 | acc@1 68.9% acc@3 89.5% | 11.60 steps/s | ETA 2.6h | VRAM 0.4GB
[09:33:52 INFO] Ep 1/30 step 2650/3696 | loss 0.5531 | acc@1 69.2% acc@3 89.7% | 11.60 steps/s | ETA 2.6h | VRAM 0.4GB
[09:33:56 INFO] Ep 1/30 step 2700/3696 | loss 0.5459 | acc@1 69.6% acc@3 89.8% | 11.60 steps/s | ETA 2.6h | VRAM 0.4GB
[09:34:00 INFO] Ep 1/30 step 2750/3696 | loss 0.5392 | acc@1 69.9% acc@3 90.0% | 11.60 steps/s | ETA 2.6h | VRAM 0.4GB
[09:34:05 INFO] Ep 1/30 step 2800/3696 | loss 0.5324 | acc@1 70.2% acc@3 90.1% | 11.60 steps/s | ETA 2.6h | VRAM 0.4GB
[09:34:09 INFO] Ep 1/30 step 2850/3696 | loss 0.5260 | acc@1 70.5% acc@3 90.3% | 11.61 steps/s | ETA 2.6h | VRAM 0.4GB
[09:34:13 INFO] Ep 1/30 step 2900/3696 | loss 0.5196 | acc@1 70.7% acc@3 90.4% | 11.61 steps/s | ETA 2.6h | VRAM 0.4GB
[09:34:17 INFO] Ep 1/30 step 2950/3696 | loss 0.5135 | acc@1 71.0% acc@3 90.6% | 11.61 steps/s | ETA 2.6h | VRAM 0.4GB
[09:34:22 INFO] Ep 1/30 step 3000/3696 | loss 0.5076 | acc@1 71.3% acc@3 90.7% | 11.61 steps/s | ETA 2.6h | VRAM 0.4GB
[09:34:26 INFO] Ep 1/30 step 3050/3696 | loss 0.5018 | acc@1 71.5% acc@3 90.8% | 11.61 steps/s | ETA 2.6h | VRAM 0.4GB
[09:34:30 INFO] Ep 1/30 step 3100/3696 | loss 0.4962 | acc@1 71.8% acc@3 91.0% | 11.61 steps/s | ETA 2.6h | VRAM 0.4GB
[09:34:34 INFO] Ep 1/30 step 3150/3696 | loss 0.4907 | acc@1 72.0% acc@3 91.1% | 11.61 steps/s | ETA 2.6h | VRAM 0.4GB
[09:34:39 INFO] Ep 1/30 step 3200/3696 | loss 0.4855 | acc@1 72.3% acc@3 91.2% | 11.61 steps/s | ETA 2.6h | VRAM 0.4GB
[09:34:43 INFO] Ep 1/30 step 3250/3696 | loss 0.4803 | acc@1 72.5% acc@3 91.3% | 11.61 steps/s | ETA 2.6h | VRAM 0.4GB
[09:34:47 INFO] Ep 1/30 step 3300/3696 | loss 0.4751 | acc@1 72.8% acc@3 91.5% | 11.61 steps/s | ETA 2.6h | VRAM 0.4GB
[09:34:52 INFO] Ep 1/30 step 3350/3696 | loss 0.4702 | acc@1 73.0% acc@3 91.6% | 11.62 steps/s | ETA 2.6h | VRAM 0.4GB
[09:34:56 INFO] Ep 1/30 step 3400/3696 | loss 0.4653 | acc@1 73.2% acc@3 91.7% | 11.62 steps/s | ETA 2.6h | VRAM 0.4GB
[09:35:00 INFO] Ep 1/30 step 3450/3696 | loss 0.4607 | acc@1 73.4% acc@3 91.8% | 11.62 steps/s | ETA 2.6h | VRAM 0.4GB
[09:35:05 INFO] Ep 1/30 step 3500/3696 | loss 0.4562 | acc@1 73.7% acc@3 91.9% | 11.62 steps/s | ETA 2.6h | VRAM 0.4GB
[09:35:09 INFO] Ep 1/30 step 3550/3696 | loss 0.4518 | acc@1 73.9% acc@3 92.0% | 11.62 steps/s | ETA 2.6h | VRAM 0.4GB
[09:35:13 INFO] Ep 1/30 step 3600/3696 | loss 0.4474 | acc@1 74.1% acc@3 92.1% | 11.62 steps/s | ETA 2.6h | VRAM 0.4GB
[09:35:17 INFO] Ep 1/30 step 3650/3696 | loss 0.4432 | acc@1 74.3% acc@3 92.2% | 11.62 steps/s | ETA 2.6h | VRAM 0.4GB
[09:35:37 INFO] === Ep 1/30 | valid acc@1 60.22% acc@3 81.96% | loss 3.6314 | time 5.6min ===
[09:35:37 INFO]   ✓ New best acc@1=60.22% — saved
[09:35:41 INFO] Ep 2/30 step 50/3696 | loss 0.1440 | acc@1 88.2% acc@3 99.2% | 11.65 steps/s | ETA 2.6h | VRAM 0.4GB
[09:35:46 INFO] Ep 2/30 step 100/3696 | loss 0.1409 | acc@1 88.3% acc@3 99.2% | 11.66 steps/s | ETA 2.6h | VRAM 0.4GB
[09:35:50 INFO] Ep 2/30 step 150/3696 | loss 0.1388 | acc@1 88.4% acc@3 99.1% | 11.66 steps/s | ETA 2.6h | VRAM 0.4GB
[09:35:54 INFO] Ep 2/30 step 200/3696 | loss 0.1383 | acc@1 88.6% acc@3 99.1% | 11.65 steps/s | ETA 2.6h | VRAM 0.4GB
[09:35:59 INFO] Ep 2/30 step 250/3696 | loss 0.1377 | acc@1 88.5% acc@3 99.2% | 11.65 steps/s | ETA 2.5h | VRAM 0.4GB
[09:36:03 INFO] Ep 2/30 step 300/3696 | loss 0.1366 | acc@1 88.7% acc@3 99.2% | 11.66 steps/s | ETA 2.5h | VRAM 0.4GB
[09:36:07 INFO] Ep 2/30 step 350/3696 | loss 0.1355 | acc@1 88.8% acc@3 99.1% | 11.66 steps/s | ETA 2.5h | VRAM 0.4GB
[09:36:11 INFO] Ep 2/30 step 400/3696 | loss 0.1347 | acc@1 88.9% acc@3 99.1% | 11.66 steps/s | ETA 2.5h | VRAM 0.4GB
[09:36:16 INFO] Ep 2/30 step 450/3696 | loss 0.1342 | acc@1 88.8% acc@3 99.1% | 11.66 steps/s | ETA 2.5h | VRAM 0.4GB
[09:36:20 INFO] Ep 2/30 step 500/3696 | loss 0.1334 | acc@1 88.8% acc@3 99.2% | 11.66 steps/s | ETA 2.5h | VRAM 0.4GB
[09:36:24 INFO] Ep 2/30 step 550/3696 | loss 0.1328 | acc@1 88.9% acc@3 99.1% | 11.66 steps/s | ETA 2.5h | VRAM 0.4GB
[09:36:29 INFO] Ep 2/30 step 600/3696 | loss 0.1324 | acc@1 89.0% acc@3 99.2% | 11.66 steps/s | ETA 2.5h | VRAM 0.4GB
[09:36:33 INFO] Ep 2/30 step 650/3696 | loss 0.1326 | acc@1 89.0% acc@3 99.1% | 11.66 steps/s | ETA 2.5h | VRAM 0.4GB
[09:36:37 INFO] Ep 2/30 step 700/3696 | loss 0.1326 | acc@1 89.0% acc@3 99.1% | 11.66 steps/s | ETA 2.5h | VRAM 0.4GB
[09:36:41 INFO] Ep 2/30 step 750/3696 | loss 0.1321 | acc@1 89.0% acc@3 99.1% | 11.66 steps/s | ETA 2.5h | VRAM 0.4GB
[09:36:46 INFO] Ep 2/30 step 800/3696 | loss 0.1317 | acc@1 89.1% acc@3 99.1% | 11.66 steps/s | ETA 2.5h | VRAM 0.4GB
[09:36:50 INFO] Ep 2/30 step 850/3696 | loss 0.1316 | acc@1 89.1% acc@3 99.1% | 11.66 steps/s | ETA 2.5h | VRAM 0.4GB
[09:36:54 INFO] Ep 2/30 step 900/3696 | loss 0.1311 | acc@1 89.2% acc@3 99.1% | 11.66 steps/s | ETA 2.5h | VRAM 0.4GB
[09:36:59 INFO] Ep 2/30 step 950/3696 | loss 0.1312 | acc@1 89.1% acc@3 99.1% | 11.66 steps/s | ETA 2.5h | VRAM 0.4GB
[09:37:03 INFO] Ep 2/30 step 1000/3696 | loss 0.1308 | acc@1 89.1% acc@3 99.1% | 11.66 steps/s | ETA 2.5h | VRAM 0.4GB
[09:37:07 INFO] Ep 2/30 step 1050/3696 | loss 0.1305 | acc@1 89.2% acc@3 99.1% | 11.66 steps/s | ETA 2.5h | VRAM 0.4GB
[09:37:11 INFO] Ep 2/30 step 1100/3696 | loss 0.1302 | acc@1 89.2% acc@3 99.1% | 11.65 steps/s | ETA 2.5h | VRAM 0.4GB
[09:37:16 INFO] Ep 2/30 step 1150/3696 | loss 0.1297 | acc@1 89.2% acc@3 99.1% | 11.65 steps/s | ETA 2.5h | VRAM 0.4GB
[09:37:20 INFO] Ep 2/30 step 1200/3696 | loss 0.1294 | acc@1 89.2% acc@3 99.1% | 11.65 steps/s | ETA 2.5h | VRAM 0.4GB
[09:37:24 INFO] Ep 2/30 step 1250/3696 | loss 0.1290 | acc@1 89.2% acc@3 99.1% | 11.65 steps/s | ETA 2.5h | VRAM 0.4GB
[09:37:29 INFO] Ep 2/30 step 1300/3696 | loss 0.1286 | acc@1 89.3% acc@3 99.1% | 11.65 steps/s | ETA 2.5h | VRAM 0.4GB
[09:37:33 INFO] Ep 2/30 step 1350/3696 | loss 0.1282 | acc@1 89.3% acc@3 99.1% | 11.65 steps/s | ETA 2.5h | VRAM 0.4GB
[09:37:37 INFO] Ep 2/30 step 1400/3696 | loss 0.1278 | acc@1 89.3% acc@3 99.1% | 11.65 steps/s | ETA 2.5h | VRAM 0.4GB
[09:37:42 INFO] Ep 2/30 step 1450/3696 | loss 0.1275 | acc@1 89.3% acc@3 99.1% | 11.65 steps/s | ETA 2.5h | VRAM 0.4GB
[09:37:46 INFO] Ep 2/30 step 1500/3696 | loss 0.1273 | acc@1 89.3% acc@3 99.2% | 11.65 steps/s | ETA 2.5h | VRAM 0.4GB
[09:37:50 INFO] Ep 2/30 step 1550/3696 | loss 0.1271 | acc@1 89.3% acc@3 99.2% | 11.65 steps/s | ETA 2.5h | VRAM 0.4GB
[09:37:54 INFO] Ep 2/30 step 1600/3696 | loss 0.1268 | acc@1 89.3% acc@3 99.2% | 11.65 steps/s | ETA 2.5h | VRAM 0.4GB
[09:37:59 INFO] Ep 2/30 step 1650/3696 | loss 0.1267 | acc@1 89.4% acc@3 99.2% | 11.65 steps/s | ETA 2.5h | VRAM 0.4GB
[09:38:03 INFO] Ep 2/30 step 1700/3696 | loss 0.1265 | acc@1 89.4% acc@3 99.2% | 11.65 steps/s | ETA 2.5h | VRAM 0.4GB
[09:38:07 INFO] Ep 2/30 step 1750/3696 | loss 0.1260 | acc@1 89.4% acc@3 99.2% | 11.65 steps/s | ETA 2.5h | VRAM 0.4GB
[09:38:12 INFO] Ep 2/30 step 1800/3696 | loss 0.1255 | acc@1 89.5% acc@3 99.2% | 11.65 steps/s | ETA 2.5h | VRAM 0.4GB
[09:38:16 INFO] Ep 2/30 step 1850/3696 | loss 0.1251 | acc@1 89.5% acc@3 99.2% | 11.65 steps/s | ETA 2.5h | VRAM 0.4GB
[09:38:20 INFO] Ep 2/30 step 1900/3696 | loss 0.1250 | acc@1 89.5% acc@3 99.2% | 11.65 steps/s | ETA 2.5h | VRAM 0.4GB
[09:38:24 INFO] Ep 2/30 step 1950/3696 | loss 0.1246 | acc@1 89.5% acc@3 99.2% | 11.65 steps/s | ETA 2.5h | VRAM 0.4GB
[09:38:29 INFO] Ep 2/30 step 2000/3696 | loss 0.1244 | acc@1 89.5% acc@3 99.2% | 11.65 steps/s | ETA 2.5h | VRAM 0.4GB
[09:38:33 INFO] Ep 2/30 step 2050/3696 | loss 0.1241 | acc@1 89.5% acc@3 99.2% | 11.65 steps/s | ETA 2.5h | VRAM 0.4GB
[09:38:37 INFO] Ep 2/30 step 2100/3696 | loss 0.1239 | acc@1 89.5% acc@3 99.2% | 11.65 steps/s | ETA 2.5h | VRAM 0.4GB
[09:38:42 INFO] Ep 2/30 step 2150/3696 | loss 0.1236 | acc@1 89.5% acc@3 99.2% | 11.65 steps/s | ETA 2.5h | VRAM 0.4GB
[09:38:46 INFO] Ep 2/30 step 2200/3696 | loss 0.1233 | acc@1 89.6% acc@3 99.2% | 11.65 steps/s | ETA 2.5h | VRAM 0.4GB
[09:38:50 INFO] Ep 2/30 step 2250/3696 | loss 0.1229 | acc@1 89.6% acc@3 99.2% | 11.65 steps/s | ETA 2.5h | VRAM 0.4GB
[09:38:55 INFO] Ep 2/30 step 2300/3696 | loss 0.1224 | acc@1 89.6% acc@3 99.2% | 11.65 steps/s | ETA 2.5h | VRAM 0.4GB
[09:38:59 INFO] Ep 2/30 step 2350/3696 | loss 0.1219 | acc@1 89.6% acc@3 99.2% | 11.65 steps/s | ETA 2.5h | VRAM 0.4GB
[09:39:03 INFO] Ep 2/30 step 2400/3696 | loss 0.1219 | acc@1 89.6% acc@3 99.2% | 11.65 steps/s | ETA 2.5h | VRAM 0.4GB
[09:39:07 INFO] Ep 2/30 step 2450/3696 | loss 0.1216 | acc@1 89.7% acc@3 99.2% | 11.65 steps/s | ETA 2.5h | VRAM 0.4GB
[09:39:12 INFO] Ep 2/30 step 2500/3696 | loss 0.1214 | acc@1 89.7% acc@3 99.2% | 11.65 steps/s | ETA 2.5h | VRAM 0.4GB
[09:39:16 INFO] Ep 2/30 step 2550/3696 | loss 0.1210 | acc@1 89.7% acc@3 99.2% | 11.65 steps/s | ETA 2.5h | VRAM 0.4GB
[09:39:20 INFO] Ep 2/30 step 2600/3696 | loss 0.1206 | acc@1 89.7% acc@3 99.2% | 11.64 steps/s | ETA 2.5h | VRAM 0.4GB
[09:39:25 INFO] Ep 2/30 step 2650/3696 | loss 0.1204 | acc@1 89.7% acc@3 99.2% | 11.64 steps/s | ETA 2.5h | VRAM 0.4GB
[09:39:29 INFO] Ep 2/30 step 2700/3696 | loss 0.1200 | acc@1 89.8% acc@3 99.2% | 11.64 steps/s | ETA 2.5h | VRAM 0.4GB
[09:39:33 INFO] Ep 2/30 step 2750/3696 | loss 0.1198 | acc@1 89.8% acc@3 99.2% | 11.64 steps/s | ETA 2.5h | VRAM 0.4GB
[09:39:38 INFO] Ep 2/30 step 2800/3696 | loss 0.1196 | acc@1 89.8% acc@3 99.2% | 11.64 steps/s | ETA 2.5h | VRAM 0.4GB
[09:39:42 INFO] Ep 2/30 step 2850/3696 | loss 0.1192 | acc@1 89.8% acc@3 99.2% | 11.64 steps/s | ETA 2.5h | VRAM 0.4GB
[09:39:46 INFO] Ep 2/30 step 2900/3696 | loss 0.1189 | acc@1 89.8% acc@3 99.2% | 11.64 steps/s | ETA 2.5h | VRAM 0.4GB
[09:39:50 INFO] Ep 2/30 step 2950/3696 | loss 0.1186 | acc@1 89.9% acc@3 99.2% | 11.64 steps/s | ETA 2.5h | VRAM 0.4GB
[09:39:55 INFO] Ep 2/30 step 3000/3696 | loss 0.1183 | acc@1 89.9% acc@3 99.2% | 11.64 steps/s | ETA 2.5h | VRAM 0.4GB
[09:39:59 INFO] Ep 2/30 step 3050/3696 | loss 0.1181 | acc@1 89.9% acc@3 99.2% | 11.64 steps/s | ETA 2.5h | VRAM 0.4GB
[09:40:03 INFO] Ep 2/30 step 3100/3696 | loss 0.1180 | acc@1 89.9% acc@3 99.2% | 11.64 steps/s | ETA 2.5h | VRAM 0.4GB
[09:40:08 INFO] Ep 2/30 step 3150/3696 | loss 0.1177 | acc@1 89.9% acc@3 99.2% | 11.64 steps/s | ETA 2.5h | VRAM 0.4GB
[09:40:12 INFO] Ep 2/30 step 3200/3696 | loss 0.1175 | acc@1 89.9% acc@3 99.2% | 11.64 steps/s | ETA 2.5h | VRAM 0.4GB
[09:40:16 INFO] Ep 2/30 step 3250/3696 | loss 0.1173 | acc@1 89.9% acc@3 99.2% | 11.64 steps/s | ETA 2.5h | VRAM 0.4GB
[09:40:20 INFO] Ep 2/30 step 3300/3696 | loss 0.1171 | acc@1 89.9% acc@3 99.2% | 11.64 steps/s | ETA 2.5h | VRAM 0.4GB
[09:40:25 INFO] Ep 2/30 step 3350/3696 | loss 0.1168 | acc@1 89.9% acc@3 99.2% | 11.64 steps/s | ETA 2.5h | VRAM 0.4GB
[09:40:29 INFO] Ep 2/30 step 3400/3696 | loss 0.1165 | acc@1 90.0% acc@3 99.2% | 11.64 steps/s | ETA 2.5h | VRAM 0.4GB
[09:40:33 INFO] Ep 2/30 step 3450/3696 | loss 0.1163 | acc@1 90.0% acc@3 99.2% | 11.64 steps/s | ETA 2.5h | VRAM 0.4GB
[09:40:38 INFO] Ep 2/30 step 3500/3696 | loss 0.1160 | acc@1 90.0% acc@3 99.2% | 11.64 steps/s | ETA 2.5h | VRAM 0.4GB
[09:40:42 INFO] Ep 2/30 step 3550/3696 | loss 0.1159 | acc@1 90.0% acc@3 99.2% | 11.64 steps/s | ETA 2.5h | VRAM 0.4GB
[09:40:46 INFO] Ep 2/30 step 3600/3696 | loss 0.1155 | acc@1 90.0% acc@3 99.2% | 11.64 steps/s | ETA 2.5h | VRAM 0.4GB
[09:40:51 INFO] Ep 2/30 step 3650/3696 | loss 0.1151 | acc@1 90.1% acc@3 99.2% | 11.64 steps/s | ETA 2.5h | VRAM 0.4GB
[09:41:10 INFO] === Ep 2/30 | valid acc@1 64.80% acc@3 84.87% | loss 3.5473 | time 5.5min ===
[09:41:10 INFO]   ✓ New best acc@1=64.80% — saved
[09:41:14 INFO] Ep 3/30 step 50/3696 | loss 0.0913 | acc@1 92.1% acc@3 99.6% | 11.57 steps/s | ETA 2.5h | VRAM 0.4GB
[09:41:19 INFO] Ep 3/30 step 100/3696 | loss 0.0933 | acc@1 91.3% acc@3 99.6% | 11.60 steps/s | ETA 2.5h | VRAM 0.4GB
[09:41:23 INFO] Ep 3/30 step 150/3696 | loss 0.0953 | acc@1 91.0% acc@3 99.5% | 11.62 steps/s | ETA 2.5h | VRAM 0.4GB
[09:41:27 INFO] Ep 3/30 step 200/3696 | loss 0.0954 | acc@1 91.0% acc@3 99.5% | 11.63 steps/s | ETA 2.5h | VRAM 0.4GB
[09:41:32 INFO] Ep 3/30 step 250/3696 | loss 0.0940 | acc@1 91.2% acc@3 99.5% | 11.64 steps/s | ETA 2.5h | VRAM 0.4GB
[09:41:36 INFO] Ep 3/30 step 300/3696 | loss 0.0943 | acc@1 91.4% acc@3 99.5% | 11.64 steps/s | ETA 2.5h | VRAM 0.4GB
[09:41:40 INFO] Ep 3/30 step 350/3696 | loss 0.0938 | acc@1 91.4% acc@3 99.5% | 11.64 steps/s | ETA 2.5h | VRAM 0.4GB
[09:41:45 INFO] Ep 3/30 step 400/3696 | loss 0.0929 | acc@1 91.5% acc@3 99.5% | 11.64 steps/s | ETA 2.5h | VRAM 0.4GB
[09:41:49 INFO] Ep 3/30 step 450/3696 | loss 0.0933 | acc@1 91.5% acc@3 99.5% | 11.64 steps/s | ETA 2.5h | VRAM 0.4GB
[09:41:53 INFO] Ep 3/30 step 500/3696 | loss 0.0919 | acc@1 91.6% acc@3 99.5% | 11.64 steps/s | ETA 2.5h | VRAM 0.4GB
[09:41:57 INFO] Ep 3/30 step 550/3696 | loss 0.0909 | acc@1 91.6% acc@3 99.5% | 11.64 steps/s | ETA 2.5h | VRAM 0.4GB
[09:42:02 INFO] Ep 3/30 step 600/3696 | loss 0.0907 | acc@1 91.6% acc@3 99.5% | 11.64 steps/s | ETA 2.5h | VRAM 0.4GB
[09:42:06 INFO] Ep 3/30 step 650/3696 | loss 0.0913 | acc@1 91.6% acc@3 99.5% | 11.64 steps/s | ETA 2.5h | VRAM 0.4GB
[09:42:10 INFO] Ep 3/30 step 700/3696 | loss 0.0910 | acc@1 91.6% acc@3 99.5% | 11.64 steps/s | ETA 2.5h | VRAM 0.4GB
[09:42:15 INFO] Ep 3/30 step 750/3696 | loss 0.0909 | acc@1 91.6% acc@3 99.5% | 11.64 steps/s | ETA 2.5h | VRAM 0.4GB
[09:42:19 INFO] Ep 3/30 step 800/3696 | loss 0.0909 | acc@1 91.6% acc@3 99.5% | 11.64 steps/s | ETA 2.4h | VRAM 0.4GB
[09:42:23 INFO] Ep 3/30 step 850/3696 | loss 0.0915 | acc@1 91.5% acc@3 99.5% | 11.65 steps/s | ETA 2.4h | VRAM 0.4GB
[09:42:27 INFO] Ep 3/30 step 900/3696 | loss 0.0917 | acc@1 91.5% acc@3 99.5% | 11.65 steps/s | ETA 2.4h | VRAM 0.4GB
[09:42:32 INFO] Ep 3/30 step 950/3696 | loss 0.0914 | acc@1 91.5% acc@3 99.5% | 11.65 steps/s | ETA 2.4h | VRAM 0.4GB
[09:42:36 INFO] Ep 3/30 step 1000/3696 | loss 0.0910 | acc@1 91.5% acc@3 99.5% | 11.65 steps/s | ETA 2.4h | VRAM 0.4GB
[09:42:40 INFO] Ep 3/30 step 1050/3696 | loss 0.0911 | acc@1 91.5% acc@3 99.5% | 11.65 steps/s | ETA 2.4h | VRAM 0.4GB
[09:42:45 INFO] Ep 3/30 step 1100/3696 | loss 0.0908 | acc@1 91.5% acc@3 99.5% | 11.65 steps/s | ETA 2.4h | VRAM 0.4GB
[09:42:49 INFO] Ep 3/30 step 1150/3696 | loss 0.0912 | acc@1 91.4% acc@3 99.5% | 11.65 steps/s | ETA 2.4h | VRAM 0.4GB
[09:42:53 INFO] Ep 3/30 step 1200/3696 | loss 0.0911 | acc@1 91.4% acc@3 99.5% | 11.65 steps/s | ETA 2.4h | VRAM 0.4GB
[09:42:57 INFO] Ep 3/30 step 1250/3696 | loss 0.0911 | acc@1 91.4% acc@3 99.5% | 11.65 steps/s | ETA 2.4h | VRAM 0.4GB
[09:43:02 INFO] Ep 3/30 step 1300/3696 | loss 0.0908 | acc@1 91.5% acc@3 99.5% | 11.64 steps/s | ETA 2.4h | VRAM 0.4GB
[09:43:06 INFO] Ep 3/30 step 1350/3696 | loss 0.0905 | acc@1 91.5% acc@3 99.5% | 11.64 steps/s | ETA 2.4h | VRAM 0.4GB
[09:43:11 INFO] Ep 3/30 step 1400/3696 | loss 0.0904 | acc@1 91.5% acc@3 99.5% | 11.63 steps/s | ETA 2.4h | VRAM 0.4GB
[09:43:15 INFO] Ep 3/30 step 1450/3696 | loss 0.0903 | acc@1 91.5% acc@3 99.5% | 11.63 steps/s | ETA 2.4h | VRAM 0.4GB
[09:43:19 INFO] Ep 3/30 step 1500/3696 | loss 0.0901 | acc@1 91.5% acc@3 99.5% | 11.63 steps/s | ETA 2.4h | VRAM 0.4GB
[09:43:23 INFO] Ep 3/30 step 1550/3696 | loss 0.0900 | acc@1 91.5% acc@3 99.5% | 11.63 steps/s | ETA 2.4h | VRAM 0.4GB
[09:43:28 INFO] Ep 3/30 step 1600/3696 | loss 0.0898 | acc@1 91.5% acc@3 99.5% | 11.63 steps/s | ETA 2.4h | VRAM 0.4GB
[09:43:32 INFO] Ep 3/30 step 1650/3696 | loss 0.0897 | acc@1 91.5% acc@3 99.5% | 11.63 steps/s | ETA 2.4h | VRAM 0.4GB
[09:43:36 INFO] Ep 3/30 step 1700/3696 | loss 0.0896 | acc@1 91.5% acc@3 99.5% | 11.63 steps/s | ETA 2.4h | VRAM 0.4GB
[09:43:41 INFO] Ep 3/30 step 1750/3696 | loss 0.0895 | acc@1 91.5% acc@3 99.5% | 11.62 steps/s | ETA 2.4h | VRAM 0.4GB
[09:43:45 INFO] Ep 3/30 step 1800/3696 | loss 0.0892 | acc@1 91.5% acc@3 99.5% | 11.62 steps/s | ETA 2.4h | VRAM 0.4GB
[09:43:49 INFO] Ep 3/30 step 1850/3696 | loss 0.0890 | acc@1 91.5% acc@3 99.5% | 11.61 steps/s | ETA 2.4h | VRAM 0.4GB
[09:43:54 INFO] Ep 3/30 step 1900/3696 | loss 0.0888 | acc@1 91.5% acc@3 99.5% | 11.61 steps/s | ETA 2.4h | VRAM 0.4GB
[09:43:58 INFO] Ep 3/30 step 1950/3696 | loss 0.0885 | acc@1 91.6% acc@3 99.5% | 11.61 steps/s | ETA 2.4h | VRAM 0.4GB
[09:44:02 INFO] Ep 3/30 step 2000/3696 | loss 0.0883 | acc@1 91.6% acc@3 99.5% | 11.61 steps/s | ETA 2.4h | VRAM 0.4GB
[09:44:07 INFO] Ep 3/30 step 2050/3696 | loss 0.0881 | acc@1 91.6% acc@3 99.5% | 11.61 steps/s | ETA 2.4h | VRAM 0.4GB
[09:44:11 INFO] Ep 3/30 step 2100/3696 | loss 0.0879 | acc@1 91.6% acc@3 99.5% | 11.61 steps/s | ETA 2.4h | VRAM 0.4GB
[09:44:15 INFO] Ep 3/30 step 2150/3696 | loss 0.0876 | acc@1 91.6% acc@3 99.5% | 11.61 steps/s | ETA 2.4h | VRAM 0.4GB
[09:44:20 INFO] Ep 3/30 step 2200/3696 | loss 0.0875 | acc@1 91.6% acc@3 99.5% | 11.61 steps/s | ETA 2.4h | VRAM 0.4GB
[09:44:24 INFO] Ep 3/30 step 2250/3696 | loss 0.0872 | acc@1 91.6% acc@3 99.5% | 11.61 steps/s | ETA 2.4h | VRAM 0.4GB
[09:44:28 INFO] Ep 3/30 step 2300/3696 | loss 0.0870 | acc@1 91.7% acc@3 99.5% | 11.61 steps/s | ETA 2.4h | VRAM 0.4GB
[09:44:33 INFO] Ep 3/30 step 2350/3696 | loss 0.0868 | acc@1 91.7% acc@3 99.5% | 11.61 steps/s | ETA 2.4h | VRAM 0.4GB
[09:44:37 INFO] Ep 3/30 step 2400/3696 | loss 0.0866 | acc@1 91.7% acc@3 99.5% | 11.61 steps/s | ETA 2.4h | VRAM 0.4GB
[09:44:41 INFO] Ep 3/30 step 2450/3696 | loss 0.0865 | acc@1 91.6% acc@3 99.5% | 11.61 steps/s | ETA 2.4h | VRAM 0.4GB
[09:44:45 INFO] Ep 3/30 step 2500/3696 | loss 0.0863 | acc@1 91.7% acc@3 99.5% | 11.61 steps/s | ETA 2.4h | VRAM 0.4GB
[09:44:50 INFO] Ep 3/30 step 2550/3696 | loss 0.0861 | acc@1 91.7% acc@3 99.5% | 11.61 steps/s | ETA 2.4h | VRAM 0.4GB
[09:44:54 INFO] Ep 3/30 step 2600/3696 | loss 0.0860 | acc@1 91.7% acc@3 99.5% | 11.61 steps/s | ETA 2.4h | VRAM 0.4GB
[09:44:58 INFO] Ep 3/30 step 2650/3696 | loss 0.0860 | acc@1 91.7% acc@3 99.5% | 11.61 steps/s | ETA 2.4h | VRAM 0.4GB
[09:45:03 INFO] Ep 3/30 step 2700/3696 | loss 0.0858 | acc@1 91.7% acc@3 99.5% | 11.61 steps/s | ETA 2.4h | VRAM 0.4GB
[09:45:07 INFO] Ep 3/30 step 2750/3696 | loss 0.0857 | acc@1 91.7% acc@3 99.5% | 11.61 steps/s | ETA 2.4h | VRAM 0.4GB
[09:45:11 INFO] Ep 3/30 step 2800/3696 | loss 0.0856 | acc@1 91.7% acc@3 99.5% | 11.62 steps/s | ETA 2.4h | VRAM 0.4GB
[09:45:16 INFO] Ep 3/30 step 2850/3696 | loss 0.0856 | acc@1 91.7% acc@3 99.5% | 11.62 steps/s | ETA 2.4h | VRAM 0.4GB
[09:45:20 INFO] Ep 3/30 step 2900/3696 | loss 0.0858 | acc@1 91.7% acc@3 99.5% | 11.62 steps/s | ETA 2.4h | VRAM 0.4GB
[09:45:24 INFO] Ep 3/30 step 2950/3696 | loss 0.0856 | acc@1 91.7% acc@3 99.5% | 11.62 steps/s | ETA 2.4h | VRAM 0.4GB
[09:45:28 INFO] Ep 3/30 step 3000/3696 | loss 0.0855 | acc@1 91.7% acc@3 99.5% | 11.62 steps/s | ETA 2.4h | VRAM 0.4GB
[09:45:33 INFO] Ep 3/30 step 3050/3696 | loss 0.0853 | acc@1 91.7% acc@3 99.5% | 11.62 steps/s | ETA 2.4h | VRAM 0.4GB
[09:45:37 INFO] Ep 3/30 step 3100/3696 | loss 0.0851 | acc@1 91.7% acc@3 99.5% | 11.62 steps/s | ETA 2.4h | VRAM 0.4GB
[09:45:41 INFO] Ep 3/30 step 3150/3696 | loss 0.0851 | acc@1 91.7% acc@3 99.5% | 11.62 steps/s | ETA 2.4h | VRAM 0.4GB
[09:45:46 INFO] Ep 3/30 step 3200/3696 | loss 0.0849 | acc@1 91.7% acc@3 99.5% | 11.62 steps/s | ETA 2.4h | VRAM 0.4GB
[09:45:50 INFO] Ep 3/30 step 3250/3696 | loss 0.0846 | acc@1 91.8% acc@3 99.5% | 11.62 steps/s | ETA 2.4h | VRAM 0.4GB
[09:45:54 INFO] Ep 3/30 step 3300/3696 | loss 0.0844 | acc@1 91.8% acc@3 99.5% | 11.62 steps/s | ETA 2.4h | VRAM 0.4GB
[09:45:59 INFO] Ep 3/30 step 3350/3696 | loss 0.0843 | acc@1 91.8% acc@3 99.5% | 11.62 steps/s | ETA 2.4h | VRAM 0.4GB
[09:46:03 INFO] Ep 3/30 step 3400/3696 | loss 0.0842 | acc@1 91.8% acc@3 99.5% | 11.62 steps/s | ETA 2.4h | VRAM 0.4GB
[09:46:07 INFO] Ep 3/30 step 3450/3696 | loss 0.0842 | acc@1 91.8% acc@3 99.5% | 11.62 steps/s | ETA 2.4h | VRAM 0.4GB
[09:46:11 INFO] Ep 3/30 step 3500/3696 | loss 0.0841 | acc@1 91.8% acc@3 99.5% | 11.62 steps/s | ETA 2.4h | VRAM 0.4GB
[09:46:16 INFO] Ep 3/30 step 3550/3696 | loss 0.0840 | acc@1 91.8% acc@3 99.5% | 11.62 steps/s | ETA 2.4h | VRAM 0.4GB
[09:46:20 INFO] Ep 3/30 step 3600/3696 | loss 0.0838 | acc@1 91.8% acc@3 99.5% | 11.62 steps/s | ETA 2.4h | VRAM 0.4GB
[09:46:24 INFO] Ep 3/30 step 3650/3696 | loss 0.0837 | acc@1 91.8% acc@3 99.5% | 11.62 steps/s | ETA 2.4h | VRAM 0.4GB
[09:46:44 INFO] === Ep 3/30 | valid acc@1 66.79% acc@3 86.37% | loss 3.4722 | time 5.6min ===
[09:46:44 INFO]   ✓ New best acc@1=66.79% — saved
[09:46:48 INFO] Ep 4/30 step 50/3696 | loss 0.0757 | acc@1 91.3% acc@3 99.4% | 11.62 steps/s | ETA 2.4h | VRAM 0.4GB
[09:46:53 INFO] Ep 4/30 step 100/3696 | loss 0.0730 | acc@1 92.3% acc@3 99.5% | 11.65 steps/s | ETA 2.4h | VRAM 0.4GB
[09:46:57 INFO] Ep 4/30 step 150/3696 | loss 0.0689 | acc@1 92.9% acc@3 99.6% | 11.67 steps/s | ETA 2.4h | VRAM 0.4GB
[09:47:01 INFO] Ep 4/30 step 200/3696 | loss 0.0691 | acc@1 92.8% acc@3 99.6% | 11.67 steps/s | ETA 2.4h | VRAM 0.4GB
[09:47:06 INFO] Ep 4/30 step 250/3696 | loss 0.0701 | acc@1 92.7% acc@3 99.6% | 11.67 steps/s | ETA 2.4h | VRAM 0.4GB
[09:47:10 INFO] Ep 4/30 step 300/3696 | loss 0.0714 | acc@1 92.5% acc@3 99.5% | 11.67 steps/s | ETA 2.4h | VRAM 0.4GB
[09:47:14 INFO] Ep 4/30 step 350/3696 | loss 0.0718 | acc@1 92.5% acc@3 99.6% | 11.67 steps/s | ETA 2.4h | VRAM 0.4GB
[09:47:18 INFO] Ep 4/30 step 400/3696 | loss 0.0722 | acc@1 92.5% acc@3 99.5% | 11.67 steps/s | ETA 2.4h | VRAM 0.4GB
[09:47:23 INFO] Ep 4/30 step 450/3696 | loss 0.0722 | acc@1 92.5% acc@3 99.5% | 11.67 steps/s | ETA 2.4h | VRAM 0.4GB
[09:47:27 INFO] Ep 4/30 step 500/3696 | loss 0.0721 | acc@1 92.5% acc@3 99.5% | 11.67 steps/s | ETA 2.4h | VRAM 0.4GB
[09:47:31 INFO] Ep 4/30 step 550/3696 | loss 0.0714 | acc@1 92.5% acc@3 99.5% | 11.67 steps/s | ETA 2.4h | VRAM 0.4GB
[09:47:36 INFO] Ep 4/30 step 600/3696 | loss 0.0712 | acc@1 92.6% acc@3 99.5% | 11.67 steps/s | ETA 2.4h | VRAM 0.4GB
[09:47:40 INFO] Ep 4/30 step 650/3696 | loss 0.0707 | acc@1 92.7% acc@3 99.6% | 11.67 steps/s | ETA 2.4h | VRAM 0.4GB
[09:47:44 INFO] Ep 4/30 step 700/3696 | loss 0.0705 | acc@1 92.7% acc@3 99.6% | 11.67 steps/s | ETA 2.4h | VRAM 0.4GB
[09:47:48 INFO] Ep 4/30 step 750/3696 | loss 0.0709 | acc@1 92.7% acc@3 99.6% | 11.67 steps/s | ETA 2.4h | VRAM 0.4GB
[09:47:53 INFO] Ep 4/30 step 800/3696 | loss 0.0709 | acc@1 92.6% acc@3 99.6% | 11.66 steps/s | ETA 2.4h | VRAM 0.4GB
[09:47:57 INFO] Ep 4/30 step 850/3696 | loss 0.0713 | acc@1 92.6% acc@3 99.6% | 11.66 steps/s | ETA 2.4h | VRAM 0.4GB
[09:48:01 INFO] Ep 4/30 step 900/3696 | loss 0.0713 | acc@1 92.6% acc@3 99.6% | 11.66 steps/s | ETA 2.4h | VRAM 0.4GB
[09:48:06 INFO] Ep 4/30 step 950/3696 | loss 0.0712 | acc@1 92.6% acc@3 99.6% | 11.66 steps/s | ETA 2.4h | VRAM 0.4GB
[09:48:10 INFO] Ep 4/30 step 1000/3696 | loss 0.0711 | acc@1 92.6% acc@3 99.6% | 11.64 steps/s | ETA 2.4h | VRAM 0.4GB
[09:48:14 INFO] Ep 4/30 step 1050/3696 | loss 0.0712 | acc@1 92.6% acc@3 99.6% | 11.64 steps/s | ETA 2.4h | VRAM 0.4GB
[09:48:19 INFO] Ep 4/30 step 1100/3696 | loss 0.0710 | acc@1 92.6% acc@3 99.6% | 11.64 steps/s | ETA 2.4h | VRAM 0.4GB
[09:48:23 INFO] Ep 4/30 step 1150/3696 | loss 0.0711 | acc@1 92.6% acc@3 99.6% | 11.64 steps/s | ETA 2.4h | VRAM 0.4GB
[09:48:27 INFO] Ep 4/30 step 1200/3696 | loss 0.0712 | acc@1 92.5% acc@3 99.6% | 11.64 steps/s | ETA 2.4h | VRAM 0.4GB
[09:48:31 INFO] Ep 4/30 step 1250/3696 | loss 0.0710 | acc@1 92.6% acc@3 99.6% | 11.64 steps/s | ETA 2.4h | VRAM 0.4GB
[09:48:36 INFO] Ep 4/30 step 1300/3696 | loss 0.0712 | acc@1 92.5% acc@3 99.6% | 11.64 steps/s | ETA 2.4h | VRAM 0.4GB
[09:48:40 INFO] Ep 4/30 step 1350/3696 | loss 0.0710 | acc@1 92.6% acc@3 99.6% | 11.64 steps/s | ETA 2.3h | VRAM 0.4GB
[09:48:44 INFO] Ep 4/30 step 1400/3696 | loss 0.0711 | acc@1 92.6% acc@3 99.6% | 11.64 steps/s | ETA 2.3h | VRAM 0.4GB
[09:48:49 INFO] Ep 4/30 step 1450/3696 | loss 0.0711 | acc@1 92.5% acc@3 99.6% | 11.64 steps/s | ETA 2.3h | VRAM 0.4GB
[09:48:53 INFO] Ep 4/30 step 1500/3696 | loss 0.0706 | acc@1 92.6% acc@3 99.6% | 11.64 steps/s | ETA 2.3h | VRAM 0.4GB
[09:48:57 INFO] Ep 4/30 step 1550/3696 | loss 0.0705 | acc@1 92.6% acc@3 99.6% | 11.64 steps/s | ETA 2.3h | VRAM 0.4GB
[09:49:01 INFO] Ep 4/30 step 1600/3696 | loss 0.0701 | acc@1 92.6% acc@3 99.6% | 11.65 steps/s | ETA 2.3h | VRAM 0.4GB
[09:49:06 INFO] Ep 4/30 step 1650/3696 | loss 0.0699 | acc@1 92.7% acc@3 99.6% | 11.65 steps/s | ETA 2.3h | VRAM 0.4GB
[09:49:10 INFO] Ep 4/30 step 1700/3696 | loss 0.0700 | acc@1 92.6% acc@3 99.6% | 11.65 steps/s | ETA 2.3h | VRAM 0.4GB
[09:49:14 INFO] Ep 4/30 step 1750/3696 | loss 0.0700 | acc@1 92.6% acc@3 99.6% | 11.65 steps/s | ETA 2.3h | VRAM 0.4GB
[09:49:19 INFO] Ep 4/30 step 1800/3696 | loss 0.0698 | acc@1 92.6% acc@3 99.6% | 11.65 steps/s | ETA 2.3h | VRAM 0.4GB
[09:49:23 INFO] Ep 4/30 step 1850/3696 | loss 0.0699 | acc@1 92.6% acc@3 99.6% | 11.65 steps/s | ETA 2.3h | VRAM 0.4GB
[09:49:27 INFO] Ep 4/30 step 1900/3696 | loss 0.0696 | acc@1 92.7% acc@3 99.6% | 11.65 steps/s | ETA 2.3h | VRAM 0.4GB
[09:49:31 INFO] Ep 4/30 step 1950/3696 | loss 0.0695 | acc@1 92.7% acc@3 99.6% | 11.65 steps/s | ETA 2.3h | VRAM 0.4GB
[09:49:36 INFO] Ep 4/30 step 2000/3696 | loss 0.0696 | acc@1 92.7% acc@3 99.6% | 11.65 steps/s | ETA 2.3h | VRAM 0.4GB
[09:49:40 INFO] Ep 4/30 step 2050/3696 | loss 0.0693 | acc@1 92.7% acc@3 99.6% | 11.65 steps/s | ETA 2.3h | VRAM 0.4GB
[09:49:44 INFO] Ep 4/30 step 2100/3696 | loss 0.0694 | acc@1 92.7% acc@3 99.6% | 11.65 steps/s | ETA 2.3h | VRAM 0.4GB
[09:49:49 INFO] Ep 4/30 step 2150/3696 | loss 0.0694 | acc@1 92.7% acc@3 99.6% | 11.65 steps/s | ETA 2.3h | VRAM 0.4GB
[09:49:53 INFO] Ep 4/30 step 2200/3696 | loss 0.0695 | acc@1 92.7% acc@3 99.6% | 11.65 steps/s | ETA 2.3h | VRAM 0.4GB
[09:49:57 INFO] Ep 4/30 step 2250/3696 | loss 0.0694 | acc@1 92.7% acc@3 99.6% | 11.65 steps/s | ETA 2.3h | VRAM 0.4GB
[09:50:01 INFO] Ep 4/30 step 2300/3696 | loss 0.0693 | acc@1 92.7% acc@3 99.6% | 11.65 steps/s | ETA 2.3h | VRAM 0.4GB
[09:50:06 INFO] Ep 4/30 step 2350/3696 | loss 0.0691 | acc@1 92.7% acc@3 99.6% | 11.65 steps/s | ETA 2.3h | VRAM 0.4GB
[09:50:10 INFO] Ep 4/30 step 2400/3696 | loss 0.0690 | acc@1 92.7% acc@3 99.6% | 11.65 steps/s | ETA 2.3h | VRAM 0.4GB
[09:50:14 INFO] Ep 4/30 step 2450/3696 | loss 0.0689 | acc@1 92.7% acc@3 99.6% | 11.65 steps/s | ETA 2.3h | VRAM 0.4GB
[09:50:19 INFO] Ep 4/30 step 2500/3696 | loss 0.0688 | acc@1 92.7% acc@3 99.6% | 11.65 steps/s | ETA 2.3h | VRAM 0.4GB
[09:50:23 INFO] Ep 4/30 step 2550/3696 | loss 0.0688 | acc@1 92.7% acc@3 99.6% | 11.65 steps/s | ETA 2.3h | VRAM 0.4GB
[09:50:27 INFO] Ep 4/30 step 2600/3696 | loss 0.0687 | acc@1 92.7% acc@3 99.6% | 11.65 steps/s | ETA 2.3h | VRAM 0.4GB
[09:50:31 INFO] Ep 4/30 step 2650/3696 | loss 0.0686 | acc@1 92.7% acc@3 99.6% | 11.65 steps/s | ETA 2.3h | VRAM 0.4GB
[09:50:36 INFO] Ep 4/30 step 2700/3696 | loss 0.0686 | acc@1 92.7% acc@3 99.6% | 11.66 steps/s | ETA 2.3h | VRAM 0.4GB
[09:50:40 INFO] Ep 4/30 step 2750/3696 | loss 0.0685 | acc@1 92.8% acc@3 99.6% | 11.66 steps/s | ETA 2.3h | VRAM 0.4GB
[09:50:44 INFO] Ep 4/30 step 2800/3696 | loss 0.0683 | acc@1 92.8% acc@3 99.6% | 11.66 steps/s | ETA 2.3h | VRAM 0.4GB
[09:50:49 INFO] Ep 4/30 step 2850/3696 | loss 0.0681 | acc@1 92.8% acc@3 99.6% | 11.66 steps/s | ETA 2.3h | VRAM 0.4GB
[09:50:53 INFO] Ep 4/30 step 2900/3696 | loss 0.0680 | acc@1 92.8% acc@3 99.6% | 11.66 steps/s | ETA 2.3h | VRAM 0.4GB
[09:50:57 INFO] Ep 4/30 step 2950/3696 | loss 0.0679 | acc@1 92.8% acc@3 99.6% | 11.66 steps/s | ETA 2.3h | VRAM 0.4GB
[09:51:01 INFO] Ep 4/30 step 3000/3696 | loss 0.0679 | acc@1 92.8% acc@3 99.6% | 11.66 steps/s | ETA 2.3h | VRAM 0.4GB
[09:51:06 INFO] Ep 4/30 step 3050/3696 | loss 0.0678 | acc@1 92.8% acc@3 99.6% | 11.66 steps/s | ETA 2.3h | VRAM 0.4GB
[09:51:10 INFO] Ep 4/30 step 3100/3696 | loss 0.0678 | acc@1 92.8% acc@3 99.6% | 11.66 steps/s | ETA 2.3h | VRAM 0.4GB
[09:51:14 INFO] Ep 4/30 step 3150/3696 | loss 0.0679 | acc@1 92.8% acc@3 99.6% | 11.66 steps/s | ETA 2.3h | VRAM 0.4GB
[09:51:19 INFO] Ep 4/30 step 3200/3696 | loss 0.0679 | acc@1 92.8% acc@3 99.6% | 11.66 steps/s | ETA 2.3h | VRAM 0.4GB
[09:51:23 INFO] Ep 4/30 step 3250/3696 | loss 0.0680 | acc@1 92.8% acc@3 99.6% | 11.66 steps/s | ETA 2.3h | VRAM 0.4GB
[09:51:27 INFO] Ep 4/30 step 3300/3696 | loss 0.0680 | acc@1 92.7% acc@3 99.6% | 11.66 steps/s | ETA 2.3h | VRAM 0.4GB
[09:51:31 INFO] Ep 4/30 step 3350/3696 | loss 0.0680 | acc@1 92.7% acc@3 99.6% | 11.66 steps/s | ETA 2.3h | VRAM 0.4GB
[09:51:36 INFO] Ep 4/30 step 3400/3696 | loss 0.0679 | acc@1 92.8% acc@3 99.6% | 11.66 steps/s | ETA 2.3h | VRAM 0.4GB
[09:51:40 INFO] Ep 4/30 step 3450/3696 | loss 0.0678 | acc@1 92.8% acc@3 99.6% | 11.66 steps/s | ETA 2.3h | VRAM 0.4GB
[09:51:44 INFO] Ep 4/30 step 3500/3696 | loss 0.0677 | acc@1 92.8% acc@3 99.6% | 11.66 steps/s | ETA 2.3h | VRAM 0.4GB
[09:51:48 INFO] Ep 4/30 step 3550/3696 | loss 0.0677 | acc@1 92.8% acc@3 99.6% | 11.66 steps/s | ETA 2.3h | VRAM 0.4GB
[09:51:53 INFO] Ep 4/30 step 3600/3696 | loss 0.0677 | acc@1 92.8% acc@3 99.6% | 11.66 steps/s | ETA 2.3h | VRAM 0.4GB
[09:51:57 INFO] Ep 4/30 step 3650/3696 | loss 0.0677 | acc@1 92.7% acc@3 99.6% | 11.66 steps/s | ETA 2.3h | VRAM 0.4GB
[09:52:16 INFO] === Ep 4/30 | valid acc@1 68.07% acc@3 87.01% | loss 3.4012 | time 5.5min ===
[09:52:17 INFO]   ✓ New best acc@1=68.07% — saved
[09:52:21 INFO] Ep 5/30 step 50/3696 | loss 0.0560 | acc@1 93.9% acc@3 99.9% | 11.70 steps/s | ETA 2.3h | VRAM 0.4GB
[09:52:25 INFO] Ep 5/30 step 100/3696 | loss 0.0562 | acc@1 94.0% acc@3 100.0% | 11.69 steps/s | ETA 2.3h | VRAM 0.4GB
[09:52:29 INFO] Ep 5/30 step 150/3696 | loss 0.0605 | acc@1 93.3% acc@3 99.9% | 11.70 steps/s | ETA 2.3h | VRAM 0.4GB
[09:52:34 INFO] Ep 5/30 step 200/3696 | loss 0.0605 | acc@1 93.2% acc@3 99.8% | 11.70 steps/s | ETA 2.3h | VRAM 0.4GB
[09:52:38 INFO] Ep 5/30 step 250/3696 | loss 0.0597 | acc@1 93.4% acc@3 99.8% | 11.70 steps/s | ETA 2.3h | VRAM 0.4GB
[09:52:42 INFO] Ep 5/30 step 300/3696 | loss 0.0591 | acc@1 93.4% acc@3 99.8% | 11.70 steps/s | ETA 2.3h | VRAM 0.4GB
[09:52:46 INFO] Ep 5/30 step 350/3696 | loss 0.0599 | acc@1 93.3% acc@3 99.8% | 11.70 steps/s | ETA 2.3h | VRAM 0.4GB
[09:52:51 INFO] Ep 5/30 step 400/3696 | loss 0.0610 | acc@1 93.2% acc@3 99.7% | 11.70 steps/s | ETA 2.3h | VRAM 0.4GB
[09:52:55 INFO] Ep 5/30 step 450/3696 | loss 0.0615 | acc@1 93.1% acc@3 99.8% | 11.70 steps/s | ETA 2.3h | VRAM 0.4GB
[09:52:59 INFO] Ep 5/30 step 500/3696 | loss 0.0614 | acc@1 93.2% acc@3 99.8% | 11.70 steps/s | ETA 2.3h | VRAM 0.4GB
[09:53:04 INFO] Ep 5/30 step 550/3696 | loss 0.0612 | acc@1 93.2% acc@3 99.8% | 11.70 steps/s | ETA 2.3h | VRAM 0.4GB
[09:53:08 INFO] Ep 5/30 step 600/3696 | loss 0.0612 | acc@1 93.2% acc@3 99.7% | 11.70 steps/s | ETA 2.3h | VRAM 0.4GB
[09:53:12 INFO] Ep 5/30 step 650/3696 | loss 0.0610 | acc@1 93.2% acc@3 99.7% | 11.70 steps/s | ETA 2.3h | VRAM 0.4GB
[09:53:16 INFO] Ep 5/30 step 700/3696 | loss 0.0607 | acc@1 93.2% acc@3 99.7% | 11.69 steps/s | ETA 2.3h | VRAM 0.4GB
[09:53:21 INFO] Ep 5/30 step 750/3696 | loss 0.0608 | acc@1 93.1% acc@3 99.7% | 11.69 steps/s | ETA 2.3h | VRAM 0.4GB
[09:53:25 INFO] Ep 5/30 step 800/3696 | loss 0.0606 | acc@1 93.2% acc@3 99.8% | 11.69 steps/s | ETA 2.3h | VRAM 0.4GB
[09:53:29 INFO] Ep 5/30 step 850/3696 | loss 0.0604 | acc@1 93.2% acc@3 99.8% | 11.69 steps/s | ETA 2.3h | VRAM 0.4GB
[09:53:34 INFO] Ep 5/30 step 900/3696 | loss 0.0598 | acc@1 93.3% acc@3 99.8% | 11.69 steps/s | ETA 2.3h | VRAM 0.4GB
[09:53:38 INFO] Ep 5/30 step 950/3696 | loss 0.0601 | acc@1 93.3% acc@3 99.8% | 11.69 steps/s | ETA 2.3h | VRAM 0.4GB
[09:53:42 INFO] Ep 5/30 step 1000/3696 | loss 0.0602 | acc@1 93.2% acc@3 99.7% | 11.69 steps/s | ETA 2.3h | VRAM 0.4GB
[09:53:46 INFO] Ep 5/30 step 1050/3696 | loss 0.0604 | acc@1 93.2% acc@3 99.7% | 11.69 steps/s | ETA 2.3h | VRAM 0.4GB
[09:53:51 INFO] Ep 5/30 step 1100/3696 | loss 0.0601 | acc@1 93.2% acc@3 99.7% | 11.69 steps/s | ETA 2.3h | VRAM 0.4GB
[09:53:55 INFO] Ep 5/30 step 1150/3696 | loss 0.0601 | acc@1 93.2% acc@3 99.7% | 11.69 steps/s | ETA 2.3h | VRAM 0.4GB
[09:53:59 INFO] Ep 5/30 step 1200/3696 | loss 0.0601 | acc@1 93.2% acc@3 99.7% | 11.69 steps/s | ETA 2.3h | VRAM 0.4GB
[09:54:04 INFO] Ep 5/30 step 1250/3696 | loss 0.0600 | acc@1 93.2% acc@3 99.7% | 11.69 steps/s | ETA 2.3h | VRAM 0.4GB
[09:54:08 INFO] Ep 5/30 step 1300/3696 | loss 0.0600 | acc@1 93.2% acc@3 99.7% | 11.68 steps/s | ETA 2.3h | VRAM 0.4GB
[09:54:12 INFO] Ep 5/30 step 1350/3696 | loss 0.0599 | acc@1 93.2% acc@3 99.7% | 11.69 steps/s | ETA 2.3h | VRAM 0.4GB
[09:54:16 INFO] Ep 5/30 step 1400/3696 | loss 0.0602 | acc@1 93.2% acc@3 99.7% | 11.68 steps/s | ETA 2.3h | VRAM 0.4GB
[09:54:21 INFO] Ep 5/30 step 1450/3696 | loss 0.0601 | acc@1 93.2% acc@3 99.7% | 11.68 steps/s | ETA 2.3h | VRAM 0.4GB
[09:54:25 INFO] Ep 5/30 step 1500/3696 | loss 0.0601 | acc@1 93.2% acc@3 99.7% | 11.68 steps/s | ETA 2.2h | VRAM 0.4GB
[09:54:29 INFO] Ep 5/30 step 1550/3696 | loss 0.0603 | acc@1 93.1% acc@3 99.7% | 11.68 steps/s | ETA 2.2h | VRAM 0.4GB
[09:54:34 INFO] Ep 5/30 step 1600/3696 | loss 0.0602 | acc@1 93.2% acc@3 99.7% | 11.68 steps/s | ETA 2.2h | VRAM 0.4GB
[09:54:38 INFO] Ep 5/30 step 1650/3696 | loss 0.0602 | acc@1 93.1% acc@3 99.7% | 11.68 steps/s | ETA 2.2h | VRAM 0.4GB
[09:54:42 INFO] Ep 5/30 step 1700/3696 | loss 0.0600 | acc@1 93.2% acc@3 99.7% | 11.68 steps/s | ETA 2.2h | VRAM 0.4GB
[09:54:46 INFO] Ep 5/30 step 1750/3696 | loss 0.0600 | acc@1 93.2% acc@3 99.7% | 11.68 steps/s | ETA 2.2h | VRAM 0.4GB
[09:54:51 INFO] Ep 5/30 step 1800/3696 | loss 0.0599 | acc@1 93.2% acc@3 99.7% | 11.68 steps/s | ETA 2.2h | VRAM 0.4GB
[09:54:55 INFO] Ep 5/30 step 1850/3696 | loss 0.0600 | acc@1 93.2% acc@3 99.7% | 11.68 steps/s | ETA 2.2h | VRAM 0.4GB
[09:54:59 INFO] Ep 5/30 step 1900/3696 | loss 0.0599 | acc@1 93.2% acc@3 99.7% | 11.68 steps/s | ETA 2.2h | VRAM 0.4GB
[09:55:04 INFO] Ep 5/30 step 1950/3696 | loss 0.0600 | acc@1 93.1% acc@3 99.7% | 11.68 steps/s | ETA 2.2h | VRAM 0.4GB
[09:55:08 INFO] Ep 5/30 step 2000/3696 | loss 0.0602 | acc@1 93.1% acc@3 99.7% | 11.68 steps/s | ETA 2.2h | VRAM 0.4GB
[09:55:12 INFO] Ep 5/30 step 2050/3696 | loss 0.0601 | acc@1 93.2% acc@3 99.7% | 11.68 steps/s | ETA 2.2h | VRAM 0.4GB
[09:55:16 INFO] Ep 5/30 step 2100/3696 | loss 0.0602 | acc@1 93.1% acc@3 99.7% | 11.68 steps/s | ETA 2.2h | VRAM 0.4GB
[09:55:21 INFO] Ep 5/30 step 2150/3696 | loss 0.0601 | acc@1 93.1% acc@3 99.7% | 11.68 steps/s | ETA 2.2h | VRAM 0.4GB
[09:55:25 INFO] Ep 5/30 step 2200/3696 | loss 0.0602 | acc@1 93.1% acc@3 99.7% | 11.68 steps/s | ETA 2.2h | VRAM 0.4GB
[09:55:29 INFO] Ep 5/30 step 2250/3696 | loss 0.0603 | acc@1 93.1% acc@3 99.7% | 11.68 steps/s | ETA 2.2h | VRAM 0.4GB
[09:55:33 INFO] Ep 5/30 step 2300/3696 | loss 0.0602 | acc@1 93.1% acc@3 99.7% | 11.68 steps/s | ETA 2.2h | VRAM 0.4GB
[09:55:38 INFO] Ep 5/30 step 2350/3696 | loss 0.0601 | acc@1 93.1% acc@3 99.7% | 11.68 steps/s | ETA 2.2h | VRAM 0.4GB
[09:55:42 INFO] Ep 5/30 step 2400/3696 | loss 0.0601 | acc@1 93.1% acc@3 99.7% | 11.68 steps/s | ETA 2.2h | VRAM 0.4GB
[09:55:46 INFO] Ep 5/30 step 2450/3696 | loss 0.0599 | acc@1 93.2% acc@3 99.7% | 11.68 steps/s | ETA 2.2h | VRAM 0.4GB
[09:55:51 INFO] Ep 5/30 step 2500/3696 | loss 0.0600 | acc@1 93.2% acc@3 99.7% | 11.68 steps/s | ETA 2.2h | VRAM 0.4GB
[09:55:55 INFO] Ep 5/30 step 2550/3696 | loss 0.0600 | acc@1 93.2% acc@3 99.7% | 11.68 steps/s | ETA 2.2h | VRAM 0.4GB
[09:55:59 INFO] Ep 5/30 step 2600/3696 | loss 0.0599 | acc@1 93.2% acc@3 99.7% | 11.68 steps/s | ETA 2.2h | VRAM 0.4GB
[09:56:03 INFO] Ep 5/30 step 2650/3696 | loss 0.0598 | acc@1 93.2% acc@3 99.7% | 11.68 steps/s | ETA 2.2h | VRAM 0.4GB
[09:56:08 INFO] Ep 5/30 step 2700/3696 | loss 0.0597 | acc@1 93.2% acc@3 99.7% | 11.68 steps/s | ETA 2.2h | VRAM 0.4GB
[09:56:12 INFO] Ep 5/30 step 2750/3696 | loss 0.0596 | acc@1 93.2% acc@3 99.7% | 11.68 steps/s | ETA 2.2h | VRAM 0.4GB
[09:56:16 INFO] Ep 5/30 step 2800/3696 | loss 0.0595 | acc@1 93.2% acc@3 99.7% | 11.68 steps/s | ETA 2.2h | VRAM 0.4GB
[09:56:21 INFO] Ep 5/30 step 2850/3696 | loss 0.0595 | acc@1 93.2% acc@3 99.7% | 11.68 steps/s | ETA 2.2h | VRAM 0.4GB
[09:56:25 INFO] Ep 5/30 step 2900/3696 | loss 0.0595 | acc@1 93.2% acc@3 99.7% | 11.68 steps/s | ETA 2.2h | VRAM 0.4GB
[09:56:29 INFO] Ep 5/30 step 2950/3696 | loss 0.0595 | acc@1 93.2% acc@3 99.7% | 11.68 steps/s | ETA 2.2h | VRAM 0.4GB
[09:56:33 INFO] Ep 5/30 step 3000/3696 | loss 0.0595 | acc@1 93.2% acc@3 99.7% | 11.68 steps/s | ETA 2.2h | VRAM 0.4GB
[09:56:38 INFO] Ep 5/30 step 3050/3696 | loss 0.0595 | acc@1 93.2% acc@3 99.7% | 11.68 steps/s | ETA 2.2h | VRAM 0.4GB
[09:56:42 INFO] Ep 5/30 step 3100/3696 | loss 0.0595 | acc@1 93.2% acc@3 99.7% | 11.68 steps/s | ETA 2.2h | VRAM 0.4GB
[09:56:46 INFO] Ep 5/30 step 3150/3696 | loss 0.0595 | acc@1 93.2% acc@3 99.7% | 11.68 steps/s | ETA 2.2h | VRAM 0.4GB
[09:56:51 INFO] Ep 5/30 step 3200/3696 | loss 0.0594 | acc@1 93.2% acc@3 99.7% | 11.68 steps/s | ETA 2.2h | VRAM 0.4GB
[09:56:55 INFO] Ep 5/30 step 3250/3696 | loss 0.0593 | acc@1 93.2% acc@3 99.7% | 11.68 steps/s | ETA 2.2h | VRAM 0.4GB
[09:56:59 INFO] Ep 5/30 step 3300/3696 | loss 0.0592 | acc@1 93.2% acc@3 99.7% | 11.68 steps/s | ETA 2.2h | VRAM 0.4GB
[09:57:03 INFO] Ep 5/30 step 3350/3696 | loss 0.0592 | acc@1 93.2% acc@3 99.7% | 11.68 steps/s | ETA 2.2h | VRAM 0.4GB
[09:57:08 INFO] Ep 5/30 step 3400/3696 | loss 0.0592 | acc@1 93.2% acc@3 99.7% | 11.68 steps/s | ETA 2.2h | VRAM 0.4GB
[09:57:12 INFO] Ep 5/30 step 3450/3696 | loss 0.0590 | acc@1 93.2% acc@3 99.7% | 11.68 steps/s | ETA 2.2h | VRAM 0.4GB
[09:57:16 INFO] Ep 5/30 step 3500/3696 | loss 0.0590 | acc@1 93.2% acc@3 99.7% | 11.68 steps/s | ETA 2.2h | VRAM 0.4GB
[09:57:21 INFO] Ep 5/30 step 3550/3696 | loss 0.0589 | acc@1 93.2% acc@3 99.7% | 11.68 steps/s | ETA 2.2h | VRAM 0.4GB
[09:57:25 INFO] Ep 5/30 step 3600/3696 | loss 0.0588 | acc@1 93.2% acc@3 99.7% | 11.68 steps/s | ETA 2.2h | VRAM 0.4GB
[09:57:29 INFO] Ep 5/30 step 3650/3696 | loss 0.0589 | acc@1 93.2% acc@3 99.7% | 11.68 steps/s | ETA 2.2h | VRAM 0.4GB
[09:57:48 INFO] === Ep 5/30 | valid acc@1 69.06% acc@3 87.40% | loss 3.3490 | time 5.5min ===
[09:57:49 INFO]   ✓ New best acc@1=69.06% — saved
[09:57:49 INFO]   [HN] Building entity cache for 56589 entities...
[09:58:24 INFO]   [HN] Cache built in 0.6 min | shape torch.Size([56589, 768])
[09:58:24 INFO]   [HN] Cache on GPU (174 MB)
[09:58:28 INFO] Ep 6/30 step 50/3696 | loss 0.5317 | acc@1 69.4% acc@3 86.7% | 11.01 steps/s | ETA 2.3h | VRAM 0.6GB
[09:58:33 INFO] Ep 6/30 step 100/3696 | loss 0.3760 | acc@1 77.8% acc@3 92.6% | 11.06 steps/s | ETA 2.3h | VRAM 0.6GB
[09:58:37 INFO] Ep 6/30 step 150/3696 | loss 0.2984 | acc@1 82.0% acc@3 94.7% | 11.08 steps/s | ETA 2.3h | VRAM 0.6GB
[09:58:42 INFO] Ep 6/30 step 200/3696 | loss 0.2518 | acc@1 84.7% acc@3 95.9% | 11.07 steps/s | ETA 2.3h | VRAM 0.6GB
[09:58:46 INFO] Ep 6/30 step 250/3696 | loss 0.2234 | acc@1 86.2% acc@3 96.5% | 11.08 steps/s | ETA 2.3h | VRAM 0.6GB
[09:58:51 INFO] Ep 6/30 step 300/3696 | loss 0.2029 | acc@1 87.0% acc@3 97.0% | 11.08 steps/s | ETA 2.3h | VRAM 0.6GB
[09:58:55 INFO] Ep 6/30 step 350/3696 | loss 0.1874 | acc@1 88.0% acc@3 97.4% | 11.08 steps/s | ETA 2.3h | VRAM 0.6GB
[09:59:00 INFO] Ep 6/30 step 400/3696 | loss 0.1759 | acc@1 88.5% acc@3 97.7% | 11.08 steps/s | ETA 2.3h | VRAM 0.6GB
[09:59:04 INFO] Ep 6/30 step 450/3696 | loss 0.1661 | acc@1 89.0% acc@3 97.9% | 11.07 steps/s | ETA 2.3h | VRAM 0.6GB
[09:59:09 INFO] Ep 6/30 step 500/3696 | loss 0.1584 | acc@1 89.3% acc@3 98.1% | 11.07 steps/s | ETA 2.3h | VRAM 0.6GB
[09:59:13 INFO] Ep 6/30 step 550/3696 | loss 0.1514 | acc@1 89.6% acc@3 98.2% | 11.07 steps/s | ETA 2.3h | VRAM 0.6GB
[09:59:18 INFO] Ep 6/30 step 600/3696 | loss 0.1457 | acc@1 89.9% acc@3 98.3% | 11.07 steps/s | ETA 2.3h | VRAM 0.6GB
[09:59:22 INFO] Ep 6/30 step 650/3696 | loss 0.1406 | acc@1 90.1% acc@3 98.4% | 11.07 steps/s | ETA 2.3h | VRAM 0.6GB
[09:59:27 INFO] Ep 6/30 step 700/3696 | loss 0.1363 | acc@1 90.3% acc@3 98.5% | 11.07 steps/s | ETA 2.3h | VRAM 0.6GB
[09:59:31 INFO] Ep 6/30 step 750/3696 | loss 0.1324 | acc@1 90.5% acc@3 98.6% | 11.07 steps/s | ETA 2.3h | VRAM 0.6GB
[09:59:36 INFO] Ep 6/30 step 800/3696 | loss 0.1287 | acc@1 90.6% acc@3 98.7% | 11.07 steps/s | ETA 2.3h | VRAM 0.6GB
[09:59:40 INFO] Ep 6/30 step 850/3696 | loss 0.1254 | acc@1 90.7% acc@3 98.7% | 11.07 steps/s | ETA 2.3h | VRAM 0.6GB
[09:59:45 INFO] Ep 6/30 step 900/3696 | loss 0.1224 | acc@1 90.9% acc@3 98.8% | 11.07 steps/s | ETA 2.3h | VRAM 0.6GB
[09:59:49 INFO] Ep 6/30 step 950/3696 | loss 0.1200 | acc@1 91.0% acc@3 98.8% | 11.07 steps/s | ETA 2.3h | VRAM 0.6GB
[09:59:54 INFO] Ep 6/30 step 1000/3696 | loss 0.1177 | acc@1 91.0% acc@3 98.9% | 11.06 steps/s | ETA 2.3h | VRAM 0.6GB
[09:59:58 INFO] Ep 6/30 step 1050/3696 | loss 0.1157 | acc@1 91.1% acc@3 98.9% | 11.06 steps/s | ETA 2.3h | VRAM 0.6GB
[10:00:03 INFO] Ep 6/30 step 1100/3696 | loss 0.1137 | acc@1 91.2% acc@3 98.9% | 11.07 steps/s | ETA 2.3h | VRAM 0.6GB
[10:00:07 INFO] Ep 6/30 step 1150/3696 | loss 0.1116 | acc@1 91.3% acc@3 98.9% | 11.08 steps/s | ETA 2.3h | VRAM 0.6GB
[10:00:12 INFO] Ep 6/30 step 1200/3696 | loss 0.1099 | acc@1 91.4% acc@3 99.0% | 11.08 steps/s | ETA 2.3h | VRAM 0.6GB
[10:00:16 INFO] Ep 6/30 step 1250/3696 | loss 0.1084 | acc@1 91.5% acc@3 99.0% | 11.09 steps/s | ETA 2.3h | VRAM 0.6GB
[10:00:21 INFO] Ep 6/30 step 1300/3696 | loss 0.1071 | acc@1 91.5% acc@3 99.0% | 11.09 steps/s | ETA 2.3h | VRAM 0.6GB
[10:00:25 INFO] Ep 6/30 step 1350/3696 | loss 0.1059 | acc@1 91.6% acc@3 99.0% | 11.09 steps/s | ETA 2.3h | VRAM 0.6GB
[10:00:30 INFO] Ep 6/30 step 1400/3696 | loss 0.1048 | acc@1 91.6% acc@3 99.0% | 11.10 steps/s | ETA 2.3h | VRAM 0.6GB
[10:00:34 INFO] Ep 6/30 step 1450/3696 | loss 0.1035 | acc@1 91.6% acc@3 99.1% | 11.10 steps/s | ETA 2.3h | VRAM 0.6GB
[10:00:39 INFO] Ep 6/30 step 1500/3696 | loss 0.1020 | acc@1 91.7% acc@3 99.1% | 11.11 steps/s | ETA 2.3h | VRAM 0.6GB
[10:00:43 INFO] Ep 6/30 step 1550/3696 | loss 0.1008 | acc@1 91.8% acc@3 99.1% | 11.11 steps/s | ETA 2.3h | VRAM 0.6GB
[10:00:47 INFO] Ep 6/30 step 1600/3696 | loss 0.0995 | acc@1 91.8% acc@3 99.1% | 11.12 steps/s | ETA 2.3h | VRAM 0.6GB
[10:00:52 INFO] Ep 6/30 step 1650/3696 | loss 0.0985 | acc@1 91.9% acc@3 99.1% | 11.12 steps/s | ETA 2.3h | VRAM 0.6GB
[10:00:56 INFO] Ep 6/30 step 1700/3696 | loss 0.0976 | acc@1 91.9% acc@3 99.1% | 11.12 steps/s | ETA 2.3h | VRAM 0.6GB
[10:01:01 INFO] Ep 6/30 step 1750/3696 | loss 0.0967 | acc@1 92.0% acc@3 99.2% | 11.12 steps/s | ETA 2.3h | VRAM 0.6GB
[10:01:05 INFO] Ep 6/30 step 1800/3696 | loss 0.0959 | acc@1 92.0% acc@3 99.2% | 11.13 steps/s | ETA 2.3h | VRAM 0.6GB
[10:01:10 INFO] Ep 6/30 step 1850/3696 | loss 0.0951 | acc@1 92.0% acc@3 99.2% | 11.13 steps/s | ETA 2.3h | VRAM 0.6GB
[10:01:14 INFO] Ep 6/30 step 1900/3696 | loss 0.0944 | acc@1 92.1% acc@3 99.2% | 11.13 steps/s | ETA 2.3h | VRAM 0.6GB
[10:01:19 INFO] Ep 6/30 step 1950/3696 | loss 0.0936 | acc@1 92.1% acc@3 99.2% | 11.13 steps/s | ETA 2.3h | VRAM 0.6GB
[10:01:23 INFO] Ep 6/30 step 2000/3696 | loss 0.0927 | acc@1 92.1% acc@3 99.2% | 11.13 steps/s | ETA 2.3h | VRAM 0.6GB
[10:01:28 INFO] Ep 6/30 step 2050/3696 | loss 0.0921 | acc@1 92.1% acc@3 99.2% | 11.13 steps/s | ETA 2.3h | VRAM 0.6GB
[10:01:32 INFO] Ep 6/30 step 2100/3696 | loss 0.0913 | acc@1 92.2% acc@3 99.2% | 11.13 steps/s | ETA 2.3h | VRAM 0.6GB
[10:01:37 INFO] Ep 6/30 step 2150/3696 | loss 0.0907 | acc@1 92.2% acc@3 99.2% | 11.14 steps/s | ETA 2.3h | VRAM 0.6GB
[10:01:41 INFO] Ep 6/30 step 2200/3696 | loss 0.0900 | acc@1 92.2% acc@3 99.3% | 11.14 steps/s | ETA 2.2h | VRAM 0.6GB
[10:01:46 INFO] Ep 6/30 step 2250/3696 | loss 0.0895 | acc@1 92.2% acc@3 99.3% | 11.14 steps/s | ETA 2.2h | VRAM 0.6GB
[10:01:50 INFO] Ep 6/30 step 2300/3696 | loss 0.0889 | acc@1 92.2% acc@3 99.3% | 11.14 steps/s | ETA 2.2h | VRAM 0.6GB
[10:01:54 INFO] Ep 6/30 step 2350/3696 | loss 0.0883 | acc@1 92.3% acc@3 99.3% | 11.14 steps/s | ETA 2.2h | VRAM 0.6GB
[10:01:59 INFO] Ep 6/30 step 2400/3696 | loss 0.0876 | acc@1 92.3% acc@3 99.3% | 11.14 steps/s | ETA 2.2h | VRAM 0.6GB
[10:02:03 INFO] Ep 6/30 step 2450/3696 | loss 0.0871 | acc@1 92.3% acc@3 99.3% | 11.14 steps/s | ETA 2.2h | VRAM 0.6GB
[10:02:08 INFO] Ep 6/30 step 2500/3696 | loss 0.0866 | acc@1 92.4% acc@3 99.3% | 11.14 steps/s | ETA 2.2h | VRAM 0.6GB
[10:02:12 INFO] Ep 6/30 step 2550/3696 | loss 0.0860 | acc@1 92.4% acc@3 99.3% | 11.15 steps/s | ETA 2.2h | VRAM 0.6GB
[10:02:17 INFO] Ep 6/30 step 2600/3696 | loss 0.0855 | acc@1 92.4% acc@3 99.3% | 11.15 steps/s | ETA 2.2h | VRAM 0.6GB
[10:02:21 INFO] Ep 6/30 step 2650/3696 | loss 0.0850 | acc@1 92.4% acc@3 99.3% | 11.15 steps/s | ETA 2.2h | VRAM 0.6GB
[10:02:26 INFO] Ep 6/30 step 2700/3696 | loss 0.0846 | acc@1 92.5% acc@3 99.3% | 11.15 steps/s | ETA 2.2h | VRAM 0.6GB
[10:02:30 INFO] Ep 6/30 step 2750/3696 | loss 0.0842 | acc@1 92.5% acc@3 99.3% | 11.15 steps/s | ETA 2.2h | VRAM 0.6GB
[10:02:35 INFO] Ep 6/30 step 2800/3696 | loss 0.0838 | acc@1 92.5% acc@3 99.3% | 11.15 steps/s | ETA 2.2h | VRAM 0.6GB
[10:02:39 INFO] Ep 6/30 step 2850/3696 | loss 0.0834 | acc@1 92.5% acc@3 99.3% | 11.15 steps/s | ETA 2.2h | VRAM 0.6GB
[10:02:44 INFO] Ep 6/30 step 2900/3696 | loss 0.0831 | acc@1 92.5% acc@3 99.4% | 11.15 steps/s | ETA 2.2h | VRAM 0.6GB
[10:02:48 INFO] Ep 6/30 step 2950/3696 | loss 0.0827 | acc@1 92.5% acc@3 99.3% | 11.16 steps/s | ETA 2.2h | VRAM 0.6GB
[10:02:52 INFO] Ep 6/30 step 3000/3696 | loss 0.0824 | acc@1 92.5% acc@3 99.4% | 11.16 steps/s | ETA 2.2h | VRAM 0.6GB
[10:02:57 INFO] Ep 6/30 step 3050/3696 | loss 0.0820 | acc@1 92.5% acc@3 99.4% | 11.16 steps/s | ETA 2.2h | VRAM 0.6GB
[10:03:01 INFO] Ep 6/30 step 3100/3696 | loss 0.0818 | acc@1 92.5% acc@3 99.4% | 11.16 steps/s | ETA 2.2h | VRAM 0.6GB
[10:03:06 INFO] Ep 6/30 step 3150/3696 | loss 0.0814 | acc@1 92.5% acc@3 99.4% | 11.16 steps/s | ETA 2.2h | VRAM 0.6GB
[10:03:10 INFO] Ep 6/30 step 3200/3696 | loss 0.0810 | acc@1 92.5% acc@3 99.4% | 11.16 steps/s | ETA 2.2h | VRAM 0.6GB
[10:03:15 INFO] Ep 6/30 step 3250/3696 | loss 0.0807 | acc@1 92.6% acc@3 99.4% | 11.16 steps/s | ETA 2.2h | VRAM 0.6GB
[10:03:19 INFO] Ep 6/30 step 3300/3696 | loss 0.0805 | acc@1 92.6% acc@3 99.4% | 11.16 steps/s | ETA 2.2h | VRAM 0.6GB
[10:03:24 INFO] Ep 6/30 step 3350/3696 | loss 0.0803 | acc@1 92.6% acc@3 99.4% | 11.16 steps/s | ETA 2.2h | VRAM 0.6GB
[10:03:28 INFO] Ep 6/30 step 3400/3696 | loss 0.0799 | acc@1 92.6% acc@3 99.4% | 11.16 steps/s | ETA 2.2h | VRAM 0.6GB
[10:03:33 INFO] Ep 6/30 step 3450/3696 | loss 0.0796 | acc@1 92.6% acc@3 99.4% | 11.16 steps/s | ETA 2.2h | VRAM 0.6GB
[10:03:37 INFO] Ep 6/30 step 3500/3696 | loss 0.0793 | acc@1 92.6% acc@3 99.4% | 11.17 steps/s | ETA 2.2h | VRAM 0.6GB
[10:03:41 INFO] Ep 6/30 step 3550/3696 | loss 0.0791 | acc@1 92.6% acc@3 99.4% | 11.17 steps/s | ETA 2.2h | VRAM 0.6GB
[10:03:46 INFO] Ep 6/30 step 3600/3696 | loss 0.0789 | acc@1 92.6% acc@3 99.4% | 11.17 steps/s | ETA 2.2h | VRAM 0.6GB
[10:03:50 INFO] Ep 6/30 step 3650/3696 | loss 0.0787 | acc@1 92.6% acc@3 99.4% | 11.17 steps/s | ETA 2.2h | VRAM 0.6GB
[10:04:10 INFO] === Ep 6/30 | valid acc@1 69.01% acc@3 87.81% | loss 3.2978 | time 5.8min ===
[10:04:10 INFO]   [HN] Building entity cache for 56589 entities...
[10:04:44 INFO]   [HN] Cache built in 0.6 min | shape torch.Size([56589, 768])
[10:04:44 INFO]   [HN] Cache on GPU (174 MB)
[10:04:49 INFO] Ep 7/30 step 50/3696 | loss 0.5490 | acc@1 72.4% acc@3 86.3% | 11.13 steps/s | ETA 2.2h | VRAM 0.6GB
[10:04:53 INFO] Ep 7/30 step 100/3696 | loss 0.3793 | acc@1 81.2% acc@3 92.5% | 11.14 steps/s | ETA 2.2h | VRAM 0.6GB
[10:04:58 INFO] Ep 7/30 step 150/3696 | loss 0.2934 | acc@1 84.6% acc@3 94.9% | 11.15 steps/s | ETA 2.2h | VRAM 0.6GB
[10:05:02 INFO] Ep 7/30 step 200/3696 | loss 0.2431 | acc@1 86.6% acc@3 96.0% | 11.17 steps/s | ETA 2.2h | VRAM 0.6GB
[10:05:07 INFO] Ep 7/30 step 250/3696 | loss 0.2125 | acc@1 87.7% acc@3 96.6% | 11.18 steps/s | ETA 2.2h | VRAM 0.6GB
[10:05:11 INFO] Ep 7/30 step 300/3696 | loss 0.1889 | acc@1 88.6% acc@3 97.1% | 11.19 steps/s | ETA 2.2h | VRAM 0.6GB
[10:05:16 INFO] Ep 7/30 step 350/3696 | loss 0.1725 | acc@1 89.2% acc@3 97.5% | 11.19 steps/s | ETA 2.2h | VRAM 0.6GB
[10:05:20 INFO] Ep 7/30 step 400/3696 | loss 0.1599 | acc@1 89.7% acc@3 97.8% | 11.20 steps/s | ETA 2.2h | VRAM 0.6GB
[10:05:25 INFO] Ep 7/30 step 450/3696 | loss 0.1501 | acc@1 90.1% acc@3 98.0% | 11.20 steps/s | ETA 2.2h | VRAM 0.6GB
[10:05:29 INFO] Ep 7/30 step 500/3696 | loss 0.1408 | acc@1 90.5% acc@3 98.1% | 11.20 steps/s | ETA 2.2h | VRAM 0.6GB
[10:05:33 INFO] Ep 7/30 step 550/3696 | loss 0.1348 | acc@1 90.6% acc@3 98.3% | 11.21 steps/s | ETA 2.2h | VRAM 0.6GB
[10:05:38 INFO] Ep 7/30 step 600/3696 | loss 0.1286 | acc@1 90.8% acc@3 98.4% | 11.21 steps/s | ETA 2.2h | VRAM 0.6GB
[10:05:42 INFO] Ep 7/30 step 650/3696 | loss 0.1239 | acc@1 91.0% acc@3 98.5% | 11.21 steps/s | ETA 2.2h | VRAM 0.6GB
[10:05:47 INFO] Ep 7/30 step 700/3696 | loss 0.1189 | acc@1 91.2% acc@3 98.6% | 11.21 steps/s | ETA 2.2h | VRAM 0.6GB
[10:05:51 INFO] Ep 7/30 step 750/3696 | loss 0.1155 | acc@1 91.3% acc@3 98.7% | 11.21 steps/s | ETA 2.2h | VRAM 0.6GB
[10:05:56 INFO] Ep 7/30 step 800/3696 | loss 0.1119 | acc@1 91.4% acc@3 98.7% | 11.21 steps/s | ETA 2.2h | VRAM 0.6GB
[10:06:00 INFO] Ep 7/30 step 850/3696 | loss 0.1084 | acc@1 91.5% acc@3 98.8% | 11.21 steps/s | ETA 2.2h | VRAM 0.6GB
[10:06:05 INFO] Ep 7/30 step 900/3696 | loss 0.1056 | acc@1 91.6% acc@3 98.9% | 11.21 steps/s | ETA 2.2h | VRAM 0.6GB
[10:06:09 INFO] Ep 7/30 step 950/3696 | loss 0.1033 | acc@1 91.7% acc@3 98.9% | 11.21 steps/s | ETA 2.2h | VRAM 0.6GB
[10:06:14 INFO] Ep 7/30 step 1000/3696 | loss 0.1007 | acc@1 91.8% acc@3 98.9% | 11.21 steps/s | ETA 2.2h | VRAM 0.6GB
[10:06:18 INFO] Ep 7/30 step 1050/3696 | loss 0.0991 | acc@1 91.8% acc@3 99.0% | 11.21 steps/s | ETA 2.2h | VRAM 0.6GB
[10:06:22 INFO] Ep 7/30 step 1100/3696 | loss 0.0971 | acc@1 92.0% acc@3 99.0% | 11.21 steps/s | ETA 2.2h | VRAM 0.6GB
[10:06:27 INFO] Ep 7/30 step 1150/3696 | loss 0.0956 | acc@1 92.0% acc@3 99.0% | 11.21 steps/s | ETA 2.2h | VRAM 0.6GB
[10:06:31 INFO] Ep 7/30 step 1200/3696 | loss 0.0938 | acc@1 92.1% acc@3 99.1% | 11.21 steps/s | ETA 2.2h | VRAM 0.6GB
[10:06:36 INFO] Ep 7/30 step 1250/3696 | loss 0.0927 | acc@1 92.1% acc@3 99.1% | 11.21 steps/s | ETA 2.2h | VRAM 0.6GB
[10:06:40 INFO] Ep 7/30 step 1300/3696 | loss 0.0911 | acc@1 92.2% acc@3 99.1% | 11.21 steps/s | ETA 2.2h | VRAM 0.6GB
[10:06:45 INFO] Ep 7/30 step 1350/3696 | loss 0.0901 | acc@1 92.2% acc@3 99.1% | 11.21 steps/s | ETA 2.2h | VRAM 0.6GB
[10:06:49 INFO] Ep 7/30 step 1400/3696 | loss 0.0890 | acc@1 92.2% acc@3 99.2% | 11.21 steps/s | ETA 2.2h | VRAM 0.6GB
[10:06:54 INFO] Ep 7/30 step 1450/3696 | loss 0.0880 | acc@1 92.2% acc@3 99.2% | 11.21 steps/s | ETA 2.2h | VRAM 0.6GB
[10:06:58 INFO] Ep 7/30 step 1500/3696 | loss 0.0868 | acc@1 92.2% acc@3 99.2% | 11.21 steps/s | ETA 2.2h | VRAM 0.6GB
[10:07:03 INFO] Ep 7/30 step 1550/3696 | loss 0.0860 | acc@1 92.2% acc@3 99.2% | 11.21 steps/s | ETA 2.2h | VRAM 0.6GB
[10:07:07 INFO] Ep 7/30 step 1600/3696 | loss 0.0849 | acc@1 92.3% acc@3 99.2% | 11.21 steps/s | ETA 2.2h | VRAM 0.6GB
[10:07:12 INFO] Ep 7/30 step 1650/3696 | loss 0.0839 | acc@1 92.3% acc@3 99.2% | 11.21 steps/s | ETA 2.2h | VRAM 0.6GB
[10:07:16 INFO] Ep 7/30 step 1700/3696 | loss 0.0832 | acc@1 92.3% acc@3 99.2% | 11.21 steps/s | ETA 2.2h | VRAM 0.6GB
[10:07:21 INFO] Ep 7/30 step 1750/3696 | loss 0.0824 | acc@1 92.3% acc@3 99.3% | 11.21 steps/s | ETA 2.2h | VRAM 0.6GB
[10:07:25 INFO] Ep 7/30 step 1800/3696 | loss 0.0817 | acc@1 92.4% acc@3 99.3% | 11.21 steps/s | ETA 2.2h | VRAM 0.6GB
[10:07:29 INFO] Ep 7/30 step 1850/3696 | loss 0.0809 | acc@1 92.4% acc@3 99.3% | 11.21 steps/s | ETA 2.2h | VRAM 0.6GB
[10:07:34 INFO] Ep 7/30 step 1900/3696 | loss 0.0801 | acc@1 92.5% acc@3 99.3% | 11.20 steps/s | ETA 2.2h | VRAM 0.6GB
[10:07:38 INFO] Ep 7/30 step 1950/3696 | loss 0.0794 | acc@1 92.5% acc@3 99.3% | 11.20 steps/s | ETA 2.2h | VRAM 0.6GB
[10:07:43 INFO] Ep 7/30 step 2000/3696 | loss 0.0788 | acc@1 92.5% acc@3 99.3% | 11.20 steps/s | ETA 2.2h | VRAM 0.6GB
[10:07:47 INFO] Ep 7/30 step 2050/3696 | loss 0.0781 | acc@1 92.6% acc@3 99.3% | 11.20 steps/s | ETA 2.1h | VRAM 0.6GB
[10:07:52 INFO] Ep 7/30 step 2100/3696 | loss 0.0776 | acc@1 92.6% acc@3 99.3% | 11.19 steps/s | ETA 2.1h | VRAM 0.6GB
[10:07:56 INFO] Ep 7/30 step 2150/3696 | loss 0.0769 | acc@1 92.6% acc@3 99.3% | 11.19 steps/s | ETA 2.1h | VRAM 0.6GB
[10:08:01 INFO] Ep 7/30 step 2200/3696 | loss 0.0764 | acc@1 92.6% acc@3 99.3% | 11.19 steps/s | ETA 2.1h | VRAM 0.6GB
[10:08:05 INFO] Ep 7/30 step 2250/3696 | loss 0.0759 | acc@1 92.6% acc@3 99.4% | 11.19 steps/s | ETA 2.1h | VRAM 0.6GB
[10:08:10 INFO] Ep 7/30 step 2300/3696 | loss 0.0753 | acc@1 92.7% acc@3 99.4% | 11.19 steps/s | ETA 2.1h | VRAM 0.6GB
[10:08:14 INFO] Ep 7/30 step 2350/3696 | loss 0.0750 | acc@1 92.7% acc@3 99.4% | 11.19 steps/s | ETA 2.1h | VRAM 0.6GB
[10:08:19 INFO] Ep 7/30 step 2400/3696 | loss 0.0745 | acc@1 92.7% acc@3 99.4% | 11.19 steps/s | ETA 2.1h | VRAM 0.6GB
[10:08:23 INFO] Ep 7/30 step 2450/3696 | loss 0.0739 | acc@1 92.7% acc@3 99.4% | 11.20 steps/s | ETA 2.1h | VRAM 0.6GB
[10:08:28 INFO] Ep 7/30 step 2500/3696 | loss 0.0735 | acc@1 92.8% acc@3 99.4% | 11.20 steps/s | ETA 2.1h | VRAM 0.6GB
[10:08:32 INFO] Ep 7/30 step 2550/3696 | loss 0.0730 | acc@1 92.8% acc@3 99.4% | 11.20 steps/s | ETA 2.1h | VRAM 0.6GB
[10:08:37 INFO] Ep 7/30 step 2600/3696 | loss 0.0725 | acc@1 92.8% acc@3 99.4% | 11.20 steps/s | ETA 2.1h | VRAM 0.6GB
[10:08:41 INFO] Ep 7/30 step 2650/3696 | loss 0.0722 | acc@1 92.8% acc@3 99.4% | 11.20 steps/s | ETA 2.1h | VRAM 0.6GB
[10:08:45 INFO] Ep 7/30 step 2700/3696 | loss 0.0718 | acc@1 92.9% acc@3 99.4% | 11.20 steps/s | ETA 2.1h | VRAM 0.6GB
[10:08:50 INFO] Ep 7/30 step 2750/3696 | loss 0.0715 | acc@1 92.9% acc@3 99.4% | 11.20 steps/s | ETA 2.1h | VRAM 0.6GB
[10:08:54 INFO] Ep 7/30 step 2800/3696 | loss 0.0710 | acc@1 92.9% acc@3 99.4% | 11.20 steps/s | ETA 2.1h | VRAM 0.6GB
[10:08:59 INFO] Ep 7/30 step 2850/3696 | loss 0.0708 | acc@1 92.9% acc@3 99.4% | 11.20 steps/s | ETA 2.1h | VRAM 0.6GB
[10:09:03 INFO] Ep 7/30 step 2900/3696 | loss 0.0706 | acc@1 92.9% acc@3 99.4% | 11.20 steps/s | ETA 2.1h | VRAM 0.6GB
[10:09:08 INFO] Ep 7/30 step 2950/3696 | loss 0.0702 | acc@1 92.9% acc@3 99.4% | 11.20 steps/s | ETA 2.1h | VRAM 0.6GB
[10:09:12 INFO] Ep 7/30 step 3000/3696 | loss 0.0698 | acc@1 92.9% acc@3 99.4% | 11.20 steps/s | ETA 2.1h | VRAM 0.6GB
[10:09:17 INFO] Ep 7/30 step 3050/3696 | loss 0.0695 | acc@1 92.9% acc@3 99.4% | 11.20 steps/s | ETA 2.1h | VRAM 0.6GB
[10:09:21 INFO] Ep 7/30 step 3100/3696 | loss 0.0692 | acc@1 93.0% acc@3 99.5% | 11.20 steps/s | ETA 2.1h | VRAM 0.6GB
[10:09:26 INFO] Ep 7/30 step 3150/3696 | loss 0.0689 | acc@1 93.0% acc@3 99.5% | 11.20 steps/s | ETA 2.1h | VRAM 0.6GB
[10:09:30 INFO] Ep 7/30 step 3200/3696 | loss 0.0685 | acc@1 93.0% acc@3 99.5% | 11.20 steps/s | ETA 2.1h | VRAM 0.6GB
[10:09:34 INFO] Ep 7/30 step 3250/3696 | loss 0.0683 | acc@1 93.0% acc@3 99.5% | 11.20 steps/s | ETA 2.1h | VRAM 0.6GB
[10:09:39 INFO] Ep 7/30 step 3300/3696 | loss 0.0680 | acc@1 93.0% acc@3 99.5% | 11.20 steps/s | ETA 2.1h | VRAM 0.6GB
[10:09:43 INFO] Ep 7/30 step 3350/3696 | loss 0.0679 | acc@1 93.0% acc@3 99.5% | 11.21 steps/s | ETA 2.1h | VRAM 0.6GB
[10:09:48 INFO] Ep 7/30 step 3400/3696 | loss 0.0676 | acc@1 93.0% acc@3 99.5% | 11.21 steps/s | ETA 2.1h | VRAM 0.6GB
[10:09:52 INFO] Ep 7/30 step 3450/3696 | loss 0.0674 | acc@1 93.0% acc@3 99.5% | 11.21 steps/s | ETA 2.1h | VRAM 0.6GB
[10:09:57 INFO] Ep 7/30 step 3500/3696 | loss 0.0672 | acc@1 93.0% acc@3 99.5% | 11.21 steps/s | ETA 2.1h | VRAM 0.6GB
[10:10:01 INFO] Ep 7/30 step 3550/3696 | loss 0.0670 | acc@1 93.0% acc@3 99.5% | 11.21 steps/s | ETA 2.1h | VRAM 0.6GB
[10:10:06 INFO] Ep 7/30 step 3600/3696 | loss 0.0668 | acc@1 93.0% acc@3 99.5% | 11.21 steps/s | ETA 2.1h | VRAM 0.6GB
[10:10:10 INFO] Ep 7/30 step 3650/3696 | loss 0.0666 | acc@1 93.0% acc@3 99.5% | 11.21 steps/s | ETA 2.1h | VRAM 0.6GB
[10:10:30 INFO] === Ep 7/30 | valid acc@1 69.45% acc@3 88.15% | loss 3.2258 | time 5.8min ===
[10:10:30 INFO]   ✓ New best acc@1=69.45% — saved
[10:10:30 INFO]   [HN] Building entity cache for 56589 entities...
[10:11:05 INFO]   [HN] Cache built in 0.6 min | shape torch.Size([56589, 768])
[10:11:05 INFO]   [HN] Cache on GPU (174 MB)
[10:11:09 INFO] Ep 8/30 step 50/3696 | loss 0.4746 | acc@1 73.4% acc@3 87.1% | 11.18 steps/s | ETA 2.1h | VRAM 0.6GB
[10:11:13 INFO] Ep 8/30 step 100/3696 | loss 0.2958 | acc@1 83.1% acc@3 93.2% | 11.20 steps/s | ETA 2.1h | VRAM 0.6GB
[10:11:18 INFO] Ep 8/30 step 150/3696 | loss 0.2298 | acc@1 86.1% acc@3 95.3% | 11.20 steps/s | ETA 2.1h | VRAM 0.6GB
[10:11:22 INFO] Ep 8/30 step 200/3696 | loss 0.1934 | acc@1 87.6% acc@3 96.3% | 11.21 steps/s | ETA 2.1h | VRAM 0.6GB
[10:11:27 INFO] Ep 8/30 step 250/3696 | loss 0.1690 | acc@1 88.9% acc@3 97.0% | 11.21 steps/s | ETA 2.1h | VRAM 0.6GB
[10:11:31 INFO] Ep 8/30 step 300/3696 | loss 0.1510 | acc@1 89.6% acc@3 97.5% | 11.21 steps/s | ETA 2.1h | VRAM 0.6GB
[10:11:36 INFO] Ep 8/30 step 350/3696 | loss 0.1380 | acc@1 90.1% acc@3 97.8% | 11.21 steps/s | ETA 2.1h | VRAM 0.6GB
[10:11:40 INFO] Ep 8/30 step 400/3696 | loss 0.1283 | acc@1 90.5% acc@3 98.0% | 11.20 steps/s | ETA 2.1h | VRAM 0.6GB
[10:11:45 INFO] Ep 8/30 step 450/3696 | loss 0.1204 | acc@1 90.8% acc@3 98.2% | 11.20 steps/s | ETA 2.1h | VRAM 0.6GB
[10:11:49 INFO] Ep 8/30 step 500/3696 | loss 0.1142 | acc@1 91.0% acc@3 98.4% | 11.20 steps/s | ETA 2.1h | VRAM 0.6GB
[10:11:54 INFO] Ep 8/30 step 550/3696 | loss 0.1095 | acc@1 91.2% acc@3 98.5% | 11.20 steps/s | ETA 2.1h | VRAM 0.6GB
[10:11:58 INFO] Ep 8/30 step 600/3696 | loss 0.1049 | acc@1 91.4% acc@3 98.6% | 11.21 steps/s | ETA 2.1h | VRAM 0.6GB
[10:12:03 INFO] Ep 8/30 step 650/3696 | loss 0.1014 | acc@1 91.6% acc@3 98.7% | 11.21 steps/s | ETA 2.1h | VRAM 0.6GB
[10:12:07 INFO] Ep 8/30 step 700/3696 | loss 0.0978 | acc@1 91.7% acc@3 98.8% | 11.21 steps/s | ETA 2.1h | VRAM 0.6GB
[10:12:11 INFO] Ep 8/30 step 750/3696 | loss 0.0950 | acc@1 91.9% acc@3 98.8% | 11.21 steps/s | ETA 2.1h | VRAM 0.6GB
[10:12:16 INFO] Ep 8/30 step 800/3696 | loss 0.0924 | acc@1 92.0% acc@3 98.9% | 11.21 steps/s | ETA 2.1h | VRAM 0.6GB
[10:12:20 INFO] Ep 8/30 step 850/3696 | loss 0.0897 | acc@1 92.1% acc@3 98.9% | 11.20 steps/s | ETA 2.1h | VRAM 0.6GB
[10:12:25 INFO] Ep 8/30 step 900/3696 | loss 0.0877 | acc@1 92.1% acc@3 99.0% | 11.20 steps/s | ETA 2.1h | VRAM 0.6GB
[10:12:29 INFO] Ep 8/30 step 950/3696 | loss 0.0860 | acc@1 92.2% acc@3 99.0% | 11.20 steps/s | ETA 2.1h | VRAM 0.6GB
[10:12:34 INFO] Ep 8/30 step 1000/3696 | loss 0.0847 | acc@1 92.3% acc@3 99.0% | 11.20 steps/s | ETA 2.1h | VRAM 0.6GB
[10:12:38 INFO] Ep 8/30 step 1050/3696 | loss 0.0831 | acc@1 92.4% acc@3 99.1% | 11.20 steps/s | ETA 2.1h | VRAM 0.6GB
[10:12:43 INFO] Ep 8/30 step 1100/3696 | loss 0.0814 | acc@1 92.4% acc@3 99.1% | 11.20 steps/s | ETA 2.1h | VRAM 0.6GB
[10:12:47 INFO] Ep 8/30 step 1150/3696 | loss 0.0803 | acc@1 92.5% acc@3 99.1% | 11.20 steps/s | ETA 2.1h | VRAM 0.6GB
[10:12:52 INFO] Ep 8/30 step 1200/3696 | loss 0.0792 | acc@1 92.5% acc@3 99.1% | 11.21 steps/s | ETA 2.1h | VRAM 0.6GB
[10:12:56 INFO] Ep 8/30 step 1250/3696 | loss 0.0779 | acc@1 92.6% acc@3 99.2% | 11.21 steps/s | ETA 2.1h | VRAM 0.6GB
[10:13:01 INFO] Ep 8/30 step 1300/3696 | loss 0.0769 | acc@1 92.6% acc@3 99.2% | 11.21 steps/s | ETA 2.1h | VRAM 0.6GB
[10:13:05 INFO] Ep 8/30 step 1350/3696 | loss 0.0759 | acc@1 92.6% acc@3 99.2% | 11.21 steps/s | ETA 2.1h | VRAM 0.6GB
[10:13:09 INFO] Ep 8/30 step 1400/3696 | loss 0.0749 | acc@1 92.7% acc@3 99.2% | 11.21 steps/s | ETA 2.1h | VRAM 0.6GB
[10:13:14 INFO] Ep 8/30 step 1450/3696 | loss 0.0740 | acc@1 92.7% acc@3 99.2% | 11.21 steps/s | ETA 2.1h | VRAM 0.6GB
[10:13:18 INFO] Ep 8/30 step 1500/3696 | loss 0.0732 | acc@1 92.8% acc@3 99.3% | 11.21 steps/s | ETA 2.1h | VRAM 0.6GB
[10:13:23 INFO] Ep 8/30 step 1550/3696 | loss 0.0724 | acc@1 92.8% acc@3 99.3% | 11.21 steps/s | ETA 2.1h | VRAM 0.6GB
[10:13:27 INFO] Ep 8/30 step 1600/3696 | loss 0.0718 | acc@1 92.8% acc@3 99.3% | 11.21 steps/s | ETA 2.1h | VRAM 0.6GB
[10:13:32 INFO] Ep 8/30 step 1650/3696 | loss 0.0714 | acc@1 92.8% acc@3 99.3% | 11.21 steps/s | ETA 2.1h | VRAM 0.6GB
[10:13:36 INFO] Ep 8/30 step 1700/3696 | loss 0.0707 | acc@1 92.8% acc@3 99.3% | 11.21 steps/s | ETA 2.1h | VRAM 0.6GB
[10:13:41 INFO] Ep 8/30 step 1750/3696 | loss 0.0702 | acc@1 92.8% acc@3 99.3% | 11.21 steps/s | ETA 2.1h | VRAM 0.6GB
[10:13:45 INFO] Ep 8/30 step 1800/3696 | loss 0.0695 | acc@1 92.9% acc@3 99.3% | 11.21 steps/s | ETA 2.1h | VRAM 0.6GB
[10:13:50 INFO] Ep 8/30 step 1850/3696 | loss 0.0689 | acc@1 92.9% acc@3 99.4% | 11.21 steps/s | ETA 2.1h | VRAM 0.6GB
[10:13:54 INFO] Ep 8/30 step 1900/3696 | loss 0.0685 | acc@1 92.9% acc@3 99.4% | 11.21 steps/s | ETA 2.1h | VRAM 0.6GB
[10:13:59 INFO] Ep 8/30 step 1950/3696 | loss 0.0679 | acc@1 93.0% acc@3 99.4% | 11.21 steps/s | ETA 2.1h | VRAM 0.6GB
[10:14:03 INFO] Ep 8/30 step 2000/3696 | loss 0.0674 | acc@1 93.0% acc@3 99.4% | 11.21 steps/s | ETA 2.1h | VRAM 0.6GB
[10:14:07 INFO] Ep 8/30 step 2050/3696 | loss 0.0669 | acc@1 93.0% acc@3 99.4% | 11.21 steps/s | ETA 2.1h | VRAM 0.6GB
[10:14:12 INFO] Ep 8/30 step 2100/3696 | loss 0.0665 | acc@1 93.1% acc@3 99.4% | 11.21 steps/s | ETA 2.1h | VRAM 0.6GB
[10:14:16 INFO] Ep 8/30 step 2150/3696 | loss 0.0660 | acc@1 93.1% acc@3 99.4% | 11.21 steps/s | ETA 2.1h | VRAM 0.6GB
[10:14:21 INFO] Ep 8/30 step 2200/3696 | loss 0.0657 | acc@1 93.1% acc@3 99.4% | 11.21 steps/s | ETA 2.1h | VRAM 0.6GB
[10:14:25 INFO] Ep 8/30 step 2250/3696 | loss 0.0653 | acc@1 93.1% acc@3 99.4% | 11.21 steps/s | ETA 2.1h | VRAM 0.6GB
[10:14:30 INFO] Ep 8/30 step 2300/3696 | loss 0.0651 | acc@1 93.1% acc@3 99.4% | 11.21 steps/s | ETA 2.0h | VRAM 0.6GB
[10:14:34 INFO] Ep 8/30 step 2350/3696 | loss 0.0646 | acc@1 93.1% acc@3 99.4% | 11.21 steps/s | ETA 2.0h | VRAM 0.6GB
[10:14:39 INFO] Ep 8/30 step 2400/3696 | loss 0.0641 | acc@1 93.2% acc@3 99.4% | 11.21 steps/s | ETA 2.0h | VRAM 0.6GB
[10:14:43 INFO] Ep 8/30 step 2450/3696 | loss 0.0639 | acc@1 93.2% acc@3 99.4% | 11.21 steps/s | ETA 2.0h | VRAM 0.6GB
[10:14:48 INFO] Ep 8/30 step 2500/3696 | loss 0.0638 | acc@1 93.2% acc@3 99.4% | 11.21 steps/s | ETA 2.0h | VRAM 0.6GB
[10:14:52 INFO] Ep 8/30 step 2550/3696 | loss 0.0635 | acc@1 93.2% acc@3 99.5% | 11.20 steps/s | ETA 2.0h | VRAM 0.6GB
[10:14:57 INFO] Ep 8/30 step 2600/3696 | loss 0.0633 | acc@1 93.2% acc@3 99.5% | 11.20 steps/s | ETA 2.0h | VRAM 0.6GB
[10:15:01 INFO] Ep 8/30 step 2650/3696 | loss 0.0630 | acc@1 93.2% acc@3 99.5% | 11.20 steps/s | ETA 2.0h | VRAM 0.6GB
[10:15:06 INFO] Ep 8/30 step 2700/3696 | loss 0.0627 | acc@1 93.2% acc@3 99.5% | 11.20 steps/s | ETA 2.0h | VRAM 0.6GB
[10:15:10 INFO] Ep 8/30 step 2750/3696 | loss 0.0625 | acc@1 93.2% acc@3 99.5% | 11.20 steps/s | ETA 2.0h | VRAM 0.6GB
[10:15:15 INFO] Ep 8/30 step 2800/3696 | loss 0.0623 | acc@1 93.2% acc@3 99.5% | 11.20 steps/s | ETA 2.0h | VRAM 0.6GB
[10:15:19 INFO] Ep 8/30 step 2850/3696 | loss 0.0621 | acc@1 93.2% acc@3 99.5% | 11.20 steps/s | ETA 2.0h | VRAM 0.6GB
[10:15:23 INFO] Ep 8/30 step 2900/3696 | loss 0.0618 | acc@1 93.2% acc@3 99.5% | 11.20 steps/s | ETA 2.0h | VRAM 0.6GB
[10:15:28 INFO] Ep 8/30 step 2950/3696 | loss 0.0615 | acc@1 93.2% acc@3 99.5% | 11.20 steps/s | ETA 2.0h | VRAM 0.6GB
[10:15:32 INFO] Ep 8/30 step 3000/3696 | loss 0.0613 | acc@1 93.3% acc@3 99.5% | 11.20 steps/s | ETA 2.0h | VRAM 0.6GB
[10:15:37 INFO] Ep 8/30 step 3050/3696 | loss 0.0612 | acc@1 93.3% acc@3 99.5% | 11.20 steps/s | ETA 2.0h | VRAM 0.6GB
[10:15:41 INFO] Ep 8/30 step 3100/3696 | loss 0.0609 | acc@1 93.3% acc@3 99.5% | 11.20 steps/s | ETA 2.0h | VRAM 0.6GB
[10:15:46 INFO] Ep 8/30 step 3150/3696 | loss 0.0607 | acc@1 93.3% acc@3 99.5% | 11.20 steps/s | ETA 2.0h | VRAM 0.6GB
[10:15:50 INFO] Ep 8/30 step 3200/3696 | loss 0.0606 | acc@1 93.3% acc@3 99.5% | 11.20 steps/s | ETA 2.0h | VRAM 0.6GB
[10:15:55 INFO] Ep 8/30 step 3250/3696 | loss 0.0604 | acc@1 93.3% acc@3 99.5% | 11.20 steps/s | ETA 2.0h | VRAM 0.6GB
[10:15:59 INFO] Ep 8/30 step 3300/3696 | loss 0.0602 | acc@1 93.3% acc@3 99.5% | 11.20 steps/s | ETA 2.0h | VRAM 0.6GB
[10:16:04 INFO] Ep 8/30 step 3350/3696 | loss 0.0601 | acc@1 93.3% acc@3 99.5% | 11.20 steps/s | ETA 2.0h | VRAM 0.6GB
[10:16:08 INFO] Ep 8/30 step 3400/3696 | loss 0.0599 | acc@1 93.3% acc@3 99.5% | 11.20 steps/s | ETA 2.0h | VRAM 0.6GB
[10:16:13 INFO] Ep 8/30 step 3450/3696 | loss 0.0597 | acc@1 93.3% acc@3 99.5% | 11.20 steps/s | ETA 2.0h | VRAM 0.6GB
[10:16:17 INFO] Ep 8/30 step 3500/3696 | loss 0.0595 | acc@1 93.3% acc@3 99.5% | 11.20 steps/s | ETA 2.0h | VRAM 0.6GB
[10:16:21 INFO] Ep 8/30 step 3550/3696 | loss 0.0594 | acc@1 93.3% acc@3 99.5% | 11.20 steps/s | ETA 2.0h | VRAM 0.6GB
[10:16:26 INFO] Ep 8/30 step 3600/3696 | loss 0.0591 | acc@1 93.3% acc@3 99.5% | 11.20 steps/s | ETA 2.0h | VRAM 0.6GB
[10:16:30 INFO] Ep 8/30 step 3650/3696 | loss 0.0590 | acc@1 93.4% acc@3 99.5% | 11.20 steps/s | ETA 2.0h | VRAM 0.6GB
[10:16:50 INFO] === Ep 8/30 | valid acc@1 70.15% acc@3 88.51% | loss 3.1500 | time 5.8min ===
[10:16:50 INFO]   ✓ New best acc@1=70.15% — saved
[10:16:50 INFO]   [HN] Building entity cache for 56589 entities...
[10:17:25 INFO]   [HN] Cache built in 0.6 min | shape torch.Size([56589, 768])
[10:17:25 INFO]   [HN] Cache on GPU (174 MB)
[10:17:29 INFO] Ep 9/30 step 50/3696 | loss 0.4983 | acc@1 70.8% acc@3 83.8% | 11.16 steps/s | ETA 2.0h | VRAM 0.6GB
[10:17:34 INFO] Ep 9/30 step 100/3696 | loss 0.3498 | acc@1 80.8% acc@3 91.4% | 11.18 steps/s | ETA 2.0h | VRAM 0.6GB
[10:17:38 INFO] Ep 9/30 step 150/3696 | loss 0.2708 | acc@1 84.6% acc@3 94.1% | 11.16 steps/s | ETA 2.0h | VRAM 0.6GB
[10:17:43 INFO] Ep 9/30 step 200/3696 | loss 0.2241 | acc@1 86.8% acc@3 95.4% | 11.15 steps/s | ETA 2.0h | VRAM 0.6GB
[10:17:47 INFO] Ep 9/30 step 250/3696 | loss 0.1932 | acc@1 88.0% acc@3 96.3% | 11.15 steps/s | ETA 2.0h | VRAM 0.6GB
[10:17:52 INFO] Ep 9/30 step 300/3696 | loss 0.1736 | acc@1 88.6% acc@3 96.8% | 11.15 steps/s | ETA 2.0h | VRAM 0.6GB
[10:17:56 INFO] Ep 9/30 step 350/3696 | loss 0.1585 | acc@1 89.1% acc@3 97.3% | 11.15 steps/s | ETA 2.0h | VRAM 0.6GB
[10:18:01 INFO] Ep 9/30 step 400/3696 | loss 0.1456 | acc@1 89.7% acc@3 97.6% | 11.15 steps/s | ETA 2.0h | VRAM 0.6GB
[10:18:05 INFO] Ep 9/30 step 450/3696 | loss 0.1355 | acc@1 90.1% acc@3 97.8% | 11.16 steps/s | ETA 2.0h | VRAM 0.6GB
[10:18:09 INFO] Ep 9/30 step 500/3696 | loss 0.1274 | acc@1 90.4% acc@3 98.0% | 11.16 steps/s | ETA 2.0h | VRAM 0.6GB
[10:18:14 INFO] Ep 9/30 step 550/3696 | loss 0.1204 | acc@1 90.8% acc@3 98.2% | 11.15 steps/s | ETA 2.0h | VRAM 0.6GB
[10:18:18 INFO] Ep 9/30 step 600/3696 | loss 0.1142 | acc@1 91.1% acc@3 98.3% | 11.15 steps/s | ETA 2.0h | VRAM 0.6GB
[10:18:23 INFO] Ep 9/30 step 650/3696 | loss 0.1097 | acc@1 91.3% acc@3 98.4% | 11.15 steps/s | ETA 2.0h | VRAM 0.6GB
[10:18:27 INFO] Ep 9/30 step 700/3696 | loss 0.1057 | acc@1 91.4% acc@3 98.5% | 11.15 steps/s | ETA 2.0h | VRAM 0.6GB
[10:18:32 INFO] Ep 9/30 step 750/3696 | loss 0.1020 | acc@1 91.5% acc@3 98.6% | 11.16 steps/s | ETA 2.0h | VRAM 0.6GB
[10:18:36 INFO] Ep 9/30 step 800/3696 | loss 0.0980 | acc@1 91.8% acc@3 98.7% | 11.16 steps/s | ETA 2.0h | VRAM 0.6GB
[10:18:41 INFO] Ep 9/30 step 850/3696 | loss 0.0951 | acc@1 91.9% acc@3 98.7% | 11.16 steps/s | ETA 2.0h | VRAM 0.6GB
[10:18:45 INFO] Ep 9/30 step 900/3696 | loss 0.0921 | acc@1 92.1% acc@3 98.8% | 11.16 steps/s | ETA 2.0h | VRAM 0.6GB
[10:18:50 INFO] Ep 9/30 step 950/3696 | loss 0.0899 | acc@1 92.2% acc@3 98.8% | 11.16 steps/s | ETA 2.0h | VRAM 0.6GB
[10:18:54 INFO] Ep 9/30 step 1000/3696 | loss 0.0880 | acc@1 92.3% acc@3 98.9% | 11.16 steps/s | ETA 2.0h | VRAM 0.6GB
[10:18:59 INFO] Ep 9/30 step 1050/3696 | loss 0.0860 | acc@1 92.3% acc@3 98.9% | 11.17 steps/s | ETA 2.0h | VRAM 0.6GB
[10:19:03 INFO] Ep 9/30 step 1100/3696 | loss 0.0840 | acc@1 92.4% acc@3 99.0% | 11.17 steps/s | ETA 2.0h | VRAM 0.6GB
[10:19:08 INFO] Ep 9/30 step 1150/3696 | loss 0.0826 | acc@1 92.5% acc@3 99.0% | 11.17 steps/s | ETA 2.0h | VRAM 0.6GB
[10:19:12 INFO] Ep 9/30 step 1200/3696 | loss 0.0811 | acc@1 92.5% acc@3 99.0% | 11.17 steps/s | ETA 2.0h | VRAM 0.6GB
[10:19:17 INFO] Ep 9/30 step 1250/3696 | loss 0.0798 | acc@1 92.6% acc@3 99.1% | 11.17 steps/s | ETA 2.0h | VRAM 0.6GB
[10:19:21 INFO] Ep 9/30 step 1300/3696 | loss 0.0782 | acc@1 92.7% acc@3 99.1% | 11.17 steps/s | ETA 2.0h | VRAM 0.6GB
[10:19:26 INFO] Ep 9/30 step 1350/3696 | loss 0.0773 | acc@1 92.7% acc@3 99.1% | 11.16 steps/s | ETA 2.0h | VRAM 0.6GB
[10:19:30 INFO] Ep 9/30 step 1400/3696 | loss 0.0761 | acc@1 92.7% acc@3 99.1% | 11.16 steps/s | ETA 2.0h | VRAM 0.6GB
[10:19:35 INFO] Ep 9/30 step 1450/3696 | loss 0.0750 | acc@1 92.8% acc@3 99.2% | 11.15 steps/s | ETA 2.0h | VRAM 0.6GB
[10:19:39 INFO] Ep 9/30 step 1500/3696 | loss 0.0741 | acc@1 92.8% acc@3 99.2% | 11.15 steps/s | ETA 2.0h | VRAM 0.6GB
[10:19:44 INFO] Ep 9/30 step 1550/3696 | loss 0.0732 | acc@1 92.8% acc@3 99.2% | 11.14 steps/s | ETA 2.0h | VRAM 0.6GB
[10:19:48 INFO] Ep 9/30 step 1600/3696 | loss 0.0724 | acc@1 92.8% acc@3 99.2% | 11.14 steps/s | ETA 2.0h | VRAM 0.6GB
[10:19:53 INFO] Ep 9/30 step 1650/3696 | loss 0.0716 | acc@1 92.9% acc@3 99.2% | 11.15 steps/s | ETA 2.0h | VRAM 0.6GB
[10:19:57 INFO] Ep 9/30 step 1700/3696 | loss 0.0710 | acc@1 92.9% acc@3 99.2% | 11.15 steps/s | ETA 2.0h | VRAM 0.6GB
[10:20:02 INFO] Ep 9/30 step 1750/3696 | loss 0.0703 | acc@1 92.9% acc@3 99.3% | 11.15 steps/s | ETA 2.0h | VRAM 0.6GB
[10:20:06 INFO] Ep 9/30 step 1800/3696 | loss 0.0697 | acc@1 92.9% acc@3 99.3% | 11.15 steps/s | ETA 2.0h | VRAM 0.6GB
[10:20:11 INFO] Ep 9/30 step 1850/3696 | loss 0.0690 | acc@1 93.0% acc@3 99.3% | 11.15 steps/s | ETA 2.0h | VRAM 0.6GB
[10:20:15 INFO] Ep 9/30 step 1900/3696 | loss 0.0685 | acc@1 93.0% acc@3 99.3% | 11.15 steps/s | ETA 2.0h | VRAM 0.6GB
[10:20:20 INFO] Ep 9/30 step 1950/3696 | loss 0.0682 | acc@1 93.0% acc@3 99.3% | 11.15 steps/s | ETA 2.0h | VRAM 0.6GB
[10:20:24 INFO] Ep 9/30 step 2000/3696 | loss 0.0676 | acc@1 93.0% acc@3 99.3% | 11.15 steps/s | ETA 2.0h | VRAM 0.6GB
[10:20:28 INFO] Ep 9/30 step 2050/3696 | loss 0.0672 | acc@1 93.0% acc@3 99.3% | 11.15 steps/s | ETA 2.0h | VRAM 0.6GB
[10:20:33 INFO] Ep 9/30 step 2100/3696 | loss 0.0666 | acc@1 93.0% acc@3 99.3% | 11.16 steps/s | ETA 2.0h | VRAM 0.6GB
[10:20:37 INFO] Ep 9/30 step 2150/3696 | loss 0.0661 | acc@1 93.1% acc@3 99.3% | 11.16 steps/s | ETA 2.0h | VRAM 0.6GB
[10:20:42 INFO] Ep 9/30 step 2200/3696 | loss 0.0656 | acc@1 93.1% acc@3 99.4% | 11.16 steps/s | ETA 2.0h | VRAM 0.6GB
[10:20:46 INFO] Ep 9/30 step 2250/3696 | loss 0.0651 | acc@1 93.1% acc@3 99.4% | 11.16 steps/s | ETA 2.0h | VRAM 0.6GB
[10:20:51 INFO] Ep 9/30 step 2300/3696 | loss 0.0645 | acc@1 93.2% acc@3 99.4% | 11.16 steps/s | ETA 2.0h | VRAM 0.6GB
[10:20:55 INFO] Ep 9/30 step 2350/3696 | loss 0.0641 | acc@1 93.2% acc@3 99.4% | 11.16 steps/s | ETA 2.0h | VRAM 0.6GB
[10:21:00 INFO] Ep 9/30 step 2400/3696 | loss 0.0638 | acc@1 93.2% acc@3 99.4% | 11.16 steps/s | ETA 2.0h | VRAM 0.6GB
[10:21:04 INFO] Ep 9/30 step 2450/3696 | loss 0.0633 | acc@1 93.2% acc@3 99.4% | 11.16 steps/s | ETA 2.0h | VRAM 0.6GB
[10:21:09 INFO] Ep 9/30 step 2500/3696 | loss 0.0631 | acc@1 93.2% acc@3 99.4% | 11.16 steps/s | ETA 2.0h | VRAM 0.6GB
[10:21:13 INFO] Ep 9/30 step 2550/3696 | loss 0.0628 | acc@1 93.2% acc@3 99.4% | 11.16 steps/s | ETA 2.0h | VRAM 0.6GB
[10:21:18 INFO] Ep 9/30 step 2600/3696 | loss 0.0624 | acc@1 93.2% acc@3 99.4% | 11.17 steps/s | ETA 2.0h | VRAM 0.6GB
[10:21:22 INFO] Ep 9/30 step 2650/3696 | loss 0.0621 | acc@1 93.3% acc@3 99.4% | 11.17 steps/s | ETA 2.0h | VRAM 0.6GB
[10:21:26 INFO] Ep 9/30 step 2700/3696 | loss 0.0619 | acc@1 93.3% acc@3 99.4% | 11.17 steps/s | ETA 2.0h | VRAM 0.6GB
[10:21:31 INFO] Ep 9/30 step 2750/3696 | loss 0.0617 | acc@1 93.3% acc@3 99.4% | 11.17 steps/s | ETA 2.0h | VRAM 0.6GB
[10:21:35 INFO] Ep 9/30 step 2800/3696 | loss 0.0614 | acc@1 93.3% acc@3 99.4% | 11.17 steps/s | ETA 2.0h | VRAM 0.6GB
