[20:28:13 INFO] Device: cuda
[20:28:13 INFO] Loading checkpoint: /home/admin_wsl/research_kg/DBP5L/checkpoints/bgem3_lora_dbp5l_20260701_2132_crr_hn7_r16/best_model.pt
[20:28:17 INFO] HTTP Request: HEAD https://huggingface.co/BAAI/bge-m3/resolve/main/config.json "HTTP/1.1 307 Temporary Redirect"
[20:28:17 INFO] HTTP Request: HEAD https://huggingface.co/api/resolve-cache/models/BAAI/bge-m3/5617a9f61b028005a4858fdac845db406aefb181/config.json "HTTP/1.1 200 OK"
[transformers] `torch_dtype` is deprecated! Use `dtype` instead!
[20:28:18 INFO] HTTP Request: HEAD https://huggingface.co/BAAI/bge-m3/resolve/main/config.json "HTTP/1.1 307 Temporary Redirect"
Warning: You are sending unauthenticated requests to the HF Hub. Please set a HF_TOKEN to enable higher rate limits and faster downloads.
[20:28:18 WARNING] Warning: You are sending unauthenticated requests to the HF Hub. Please set a HF_TOKEN to enable higher rate limits and faster downloads.
[20:28:18 INFO] HTTP Request: HEAD https://huggingface.co/api/resolve-cache/models/BAAI/bge-m3/5617a9f61b028005a4858fdac845db406aefb181/config.json "HTTP/1.1 200 OK"
[20:28:18 INFO] HTTP Request: HEAD https://huggingface.co/BAAI/bge-m3/resolve/main/model.safetensors "HTTP/1.1 404 Not Found"
[20:28:18 INFO] HTTP Request: GET https://huggingface.co/api/models/BAAI/bge-m3 "HTTP/1.1 200 OK"
Loading weights:   0%|          | 0/391 [00:00<?, ?it/s][20:28:19 INFO] HTTP Request: GET https://huggingface.co/api/models/BAAI/bge-m3/commits/main "HTTP/1.1 200 OK"
[20:28:19 INFO] HTTP Request: GET https://huggingface.co/api/models/BAAI/bge-m3/discussions?p=0 "HTTP/1.1 200 OK"
[20:28:19 INFO] HTTP Request: GET https://huggingface.co/api/models/BAAI/bge-m3/commits/refs%2Fpr%2F130 "HTTP/1.1 200 OK"
Loading weights:   1%|▏         | 5/391 [00:00<01:11,  5.42it/s][20:28:19 INFO] HTTP Request: HEAD https://huggingface.co/BAAI/bge-m3/resolve/refs%2Fpr%2F130/model.safetensors.index.json "HTTP/1.1 404 Not Found"
Loading weights:  42%|████▏     | 165/391 [00:01<00:01, 210.12it/s][20:28:20 INFO] HTTP Request: HEAD https://huggingface.co/BAAI/bge-m3/resolve/refs%2Fpr%2F130/model.safetensors "HTTP/1.1 302 Found"
Loading weights:  61%|██████    | 237/391 [00:01<00:00, 240.46it/s]Loading weights:  74%|███████▍  | 290/391 [00:01<00:00, 172.46it/s]Loading weights:  87%|████████▋ | 341/391 [00:01<00:00, 211.17it/s]Loading weights: 100%|██████████| 391/391 [00:01<00:00, 197.38it/s]
[20:28:22 INFO] Loaded epoch 20 | valid acc@1 at save: 72.51%
[20:28:22 INFO] Checkpoint training args: max_length=160 | lora_rank=16
[20:28:23 INFO] Auto-detected max_length=160 from checkpoint
[20:28:23 INFO] Evaluating with max_length=160
[20:28:23 INFO] HTTP Request: HEAD https://huggingface.co/BAAI/bge-m3/resolve/main/config.json "HTTP/1.1 307 Temporary Redirect"
[20:28:23 INFO] HTTP Request: HEAD https://huggingface.co/api/resolve-cache/models/BAAI/bge-m3/5617a9f61b028005a4858fdac845db406aefb181/config.json "HTTP/1.1 200 OK"
[20:28:23 INFO] HTTP Request: HEAD https://huggingface.co/BAAI/bge-m3/resolve/main/tokenizer_config.json "HTTP/1.1 307 Temporary Redirect"
[20:28:23 INFO] HTTP Request: HEAD https://huggingface.co/api/resolve-cache/models/BAAI/bge-m3/5617a9f61b028005a4858fdac845db406aefb181/tokenizer_config.json "HTTP/1.1 200 OK"
[20:28:24 INFO] HTTP Request: GET https://huggingface.co/api/models/BAAI/bge-m3/tree/main/additional_chat_templates?recursive=false&expand=false "HTTP/1.1 404 Not Found"
[20:28:24 INFO] HTTP Request: GET https://huggingface.co/api/models/BAAI/bge-m3/tree/main?recursive=true&expand=false "HTTP/1.1 200 OK"
[20:28:26 INFO] HTTP Request: GET https://huggingface.co/api/models/BAAI/bge-m3 "HTTP/1.1 200 OK"
[20:28:26 INFO] Loading KG neighbor-based entity descriptions...
[20:28:27 INFO]   Loaded 56589 descriptions
[20:28:27 INFO] Loaded 960 relation names
[20:28:27 INFO] Loading test triples...
[20:28:27 INFO]   54473 test triples
[20:28:27 INFO] Building filter map...
[20:28:27 INFO]   Added 39995 support triples to filter map
[20:28:27 INFO] Encoding 56589 entities (batch 256)...
[20:28:41 INFO]   Encoded 2560/56589 entities
[20:28:50 INFO]   Encoded 5120/56589 entities
[20:28:58 INFO]   Encoded 7680/56589 entities
[20:29:07 INFO]   Encoded 10240/56589 entities
[20:29:15 INFO]   Encoded 12800/56589 entities
[20:29:24 INFO]   Encoded 15360/56589 entities
[20:29:32 INFO]   Encoded 17920/56589 entities
[20:29:41 INFO]   Encoded 20480/56589 entities
[20:29:49 INFO]   Encoded 23040/56589 entities
[20:29:57 INFO]   Encoded 25600/56589 entities
[20:30:06 INFO]   Encoded 28160/56589 entities
[20:30:14 INFO]   Encoded 30720/56589 entities
[20:30:23 INFO]   Encoded 33280/56589 entities
[20:30:31 INFO]   Encoded 35840/56589 entities
[20:30:40 INFO]   Encoded 38400/56589 entities
[20:30:48 INFO]   Encoded 40960/56589 entities
[20:30:57 INFO]   Encoded 43520/56589 entities
[20:31:05 INFO]   Encoded 46080/56589 entities
[20:31:13 INFO]   Encoded 48640/56589 entities
[20:31:22 INFO]   Encoded 51200/56589 entities
[20:31:30 INFO]   Encoded 53760/56589 entities
[20:31:39 INFO]   Encoded 56320/56589 entities
[20:31:41 INFO] Entity embeddings: torch.Size([56589, 1024]) | dtype: torch.float32
[20:31:41 INFO] Per-language candidate counts: {'en': 13996, 'fr': 13176, 'es': 12381, 'ja': 11805, 'el': 5231}
[20:31:41 INFO] Evaluating 54473 test triples...
[20:32:51 INFO]   Evaluated 2560/54473 | running MRR: 0.1706
[20:33:59 INFO]   Evaluated 5120/54473 | running MRR: 0.1670
[20:35:07 INFO]   Evaluated 7680/54473 | running MRR: 0.1637
[20:36:16 INFO]   Evaluated 10240/54473 | running MRR: 0.1601
[20:37:25 INFO]   Evaluated 12800/54473 | running MRR: 0.1607
[20:38:34 INFO]   Evaluated 15360/54473 | running MRR: 0.1590
[20:39:43 INFO]   Evaluated 17920/54473 | running MRR: 0.1587
[20:40:53 INFO]   Evaluated 20480/54473 | running MRR: 0.1784
[20:42:02 INFO]   Evaluated 23040/54473 | running MRR: 0.1991
[20:43:10 INFO]   Evaluated 25600/54473 | running MRR: 0.2151
[20:44:19 INFO]   Evaluated 28160/54473 | running MRR: 0.2273
[20:45:28 INFO]   Evaluated 30720/54473 | running MRR: 0.2398
[20:46:36 INFO]   Evaluated 33280/54473 | running MRR: 0.2500
[20:47:45 INFO]   Evaluated 35840/54473 | running MRR: 0.2580
[20:48:55 INFO]   Evaluated 38400/54473 | running MRR: 0.2650
[20:50:03 INFO]   Evaluated 40960/54473 | running MRR: 0.2727
[20:51:11 INFO]   Evaluated 43520/54473 | running MRR: 0.2778
[20:52:20 INFO]   Evaluated 46080/54473 | running MRR: 0.2767
[20:53:28 INFO]   Evaluated 48640/54473 | running MRR: 0.2710
[20:54:38 INFO]   Evaluated 51200/54473 | running MRR: 0.2663
[20:55:51 INFO]   Evaluated 53760/54473 | running MRR: 0.2629
[20:56:12 INFO] Results saved to: /home/admin_wsl/research_kg/DBP5L/checkpoints/bgem3_lora_dbp5l_20260701_2132_crr_hn7_r16/eval_results.json

======================================================================
CHECKPOINT: bgem3_lora_dbp5l_20260701_2132_crr_hn7_r16
======================================================================

[CROSS-LINGUAL EVAL] Rank against all 56K entities:
  OVERALL: MRR=26.14% H@1=18.52% H@3=28.80% H@10=40.69%  (n=54473)
  EN : MRR=15.86% H@1=8.03% H@3=18.25% H@10=30.86%  (n=18409)
  FR : MRR=35.61% H@1=26.47% H@3=38.92% H@10=54.14%  (n=11154)
  ES : MRR=37.13% H@1=29.84% H@3=40.06% H@10=50.40%  (n=15094)
  JA : MRR=17.66% H@1=12.45% H@3=19.33% H@10=26.85%  (n=7237)
  EL : MRR=18.17% H@1=9.77% H@3=21.02% H@10=34.74%  (n=2579)

[WITHIN-LANGUAGE EVAL] Rank against same-language entities only (standard ML-KGC):
  OVERALL: MRR=26.69% H@1=18.80% H@3=29.43% H@10=41.62%  (n=54473)
  EN  (13,996 cands): MRR=16.98% H@1=8.62% H@3=19.47% H@10=32.69%  (n=18409)
  FR  (13,176 cands): MRR=35.93% H@1=26.63% H@3=39.38% H@10=54.79%  (n=11154)
  ES  (12,381 cands): MRR=37.32% H@1=29.98% H@3=40.35% H@10=50.62%  (n=15094)
  JA  (11,805 cands): MRR=17.90% H@1=12.52% H@3=19.51% H@10=27.53%  (n=7237)
  EL  (5,231 cands): MRR=18.42% H@1=9.89% H@3=21.33% H@10=35.25%  (n=2579)
