[22:29:17 INFO] Device: cuda
[22:29:17 INFO] ZERO-SHOT MODE: Loading raw BGE-M3 without LoRA (no checkpoint)
[22:29:17 INFO] HTTP Request: HEAD https://huggingface.co/BAAI/bge-m3/resolve/main/config.json "HTTP/1.1 307 Temporary Redirect"
[22:29:17 INFO] HTTP Request: HEAD https://huggingface.co/api/resolve-cache/models/BAAI/bge-m3/5617a9f61b028005a4858fdac845db406aefb181/config.json "HTTP/1.1 200 OK"
[transformers] `torch_dtype` is deprecated! Use `dtype` instead!
[22:29:17 INFO] HTTP Request: HEAD https://huggingface.co/BAAI/bge-m3/resolve/main/config.json "HTTP/1.1 307 Temporary Redirect"
Warning: You are sending unauthenticated requests to the HF Hub. Please set a HF_TOKEN to enable higher rate limits and faster downloads.
[22:29:17 WARNING] Warning: You are sending unauthenticated requests to the HF Hub. Please set a HF_TOKEN to enable higher rate limits and faster downloads.
[22:29:17 INFO] HTTP Request: HEAD https://huggingface.co/api/resolve-cache/models/BAAI/bge-m3/5617a9f61b028005a4858fdac845db406aefb181/config.json "HTTP/1.1 200 OK"
[22:29:18 INFO] HTTP Request: HEAD https://huggingface.co/BAAI/bge-m3/resolve/main/model.safetensors "HTTP/1.1 404 Not Found"
Loading weights:   0%|          | 0/391 [00:00<?, ?it/s][22:29:18 INFO] HTTP Request: GET https://huggingface.co/api/models/BAAI/bge-m3 "HTTP/1.1 200 OK"
Loading weights: 100%|██████████| 391/391 [00:00<00:00, 5060.72it/s]
[22:29:18 INFO] HTTP Request: GET https://huggingface.co/api/models/BAAI/bge-m3/commits/main "HTTP/1.1 200 OK"
[22:29:18 INFO] HTTP Request: GET https://huggingface.co/api/models/BAAI/bge-m3/discussions?p=0 "HTTP/1.1 200 OK"
[22:29:19 INFO] HTTP Request: GET https://huggingface.co/api/models/BAAI/bge-m3/commits/refs%2Fpr%2F130 "HTTP/1.1 200 OK"
[22:29:19 INFO] HTTP Request: HEAD https://huggingface.co/BAAI/bge-m3/resolve/refs%2Fpr%2F130/model.safetensors.index.json "HTTP/1.1 404 Not Found"
[22:29:19 INFO] Evaluating with max_length=96
[22:29:19 INFO] HTTP Request: HEAD https://huggingface.co/BAAI/bge-m3/resolve/refs%2Fpr%2F130/model.safetensors "HTTP/1.1 302 Found"
[22:29:19 INFO] HTTP Request: HEAD https://huggingface.co/BAAI/bge-m3/resolve/main/config.json "HTTP/1.1 307 Temporary Redirect"
[22:29:19 INFO] HTTP Request: HEAD https://huggingface.co/api/resolve-cache/models/BAAI/bge-m3/5617a9f61b028005a4858fdac845db406aefb181/config.json "HTTP/1.1 200 OK"
[22:29:19 INFO] HTTP Request: HEAD https://huggingface.co/BAAI/bge-m3/resolve/main/tokenizer_config.json "HTTP/1.1 307 Temporary Redirect"
[22:29:19 INFO] HTTP Request: HEAD https://huggingface.co/api/resolve-cache/models/BAAI/bge-m3/5617a9f61b028005a4858fdac845db406aefb181/tokenizer_config.json "HTTP/1.1 200 OK"
[22:29:20 INFO] HTTP Request: GET https://huggingface.co/api/models/BAAI/bge-m3/tree/main/additional_chat_templates?recursive=false&expand=false "HTTP/1.1 404 Not Found"
[22:29:20 INFO] HTTP Request: GET https://huggingface.co/api/models/BAAI/bge-m3/tree/main?recursive=true&expand=false "HTTP/1.1 200 OK"
[22:29:22 INFO] HTTP Request: GET https://huggingface.co/api/models/BAAI/bge-m3 "HTTP/1.1 200 OK"
[22:29:22 INFO] Loading KG neighbor-based entity descriptions...
[22:29:22 INFO]   Loaded 56589 descriptions
[22:29:22 INFO] Loaded 960 relation names
[22:29:22 INFO] Loading test triples...
[22:29:22 INFO]   54473 test triples
[22:29:22 INFO] Building filter map...
[22:29:22 INFO]   Added 39995 support triples to filter map
[22:29:22 INFO] Encoding 56589 entities (batch 256)...
[22:29:31 INFO]   Encoded 2560/56589 entities
[22:29:34 INFO]   Encoded 5120/56589 entities
[22:29:38 INFO]   Encoded 7680/56589 entities
[22:29:42 INFO]   Encoded 10240/56589 entities
[22:29:45 INFO]   Encoded 12800/56589 entities
[22:29:49 INFO]   Encoded 15360/56589 entities
[22:29:52 INFO]   Encoded 17920/56589 entities
[22:29:56 INFO]   Encoded 20480/56589 entities
[22:29:59 INFO]   Encoded 23040/56589 entities
[22:30:03 INFO]   Encoded 25600/56589 entities
[22:30:06 INFO]   Encoded 28160/56589 entities
[22:30:10 INFO]   Encoded 30720/56589 entities
[22:30:14 INFO]   Encoded 33280/56589 entities
[22:30:17 INFO]   Encoded 35840/56589 entities
[22:30:21 INFO]   Encoded 38400/56589 entities
[22:30:24 INFO]   Encoded 40960/56589 entities
[22:30:28 INFO]   Encoded 43520/56589 entities
[22:30:32 INFO]   Encoded 46080/56589 entities
[22:30:35 INFO]   Encoded 48640/56589 entities
[22:30:39 INFO]   Encoded 51200/56589 entities
[22:30:43 INFO]   Encoded 53760/56589 entities
[22:30:46 INFO]   Encoded 56320/56589 entities
[22:30:48 INFO] Entity embeddings: torch.Size([56589, 1024]) | dtype: torch.float32
[22:30:48 INFO] Per-language candidate counts: {'en': 13996, 'fr': 13176, 'es': 12381, 'ja': 11805, 'el': 5231}
[22:30:48 INFO] Evaluating 54473 test triples...
[22:31:53 INFO]   Evaluated 2560/54473 | running MRR: 0.0102
[22:32:59 INFO]   Evaluated 5120/54473 | running MRR: 0.0093
[22:34:05 INFO]   Evaluated 7680/54473 | running MRR: 0.0091
[22:35:14 INFO]   Evaluated 10240/54473 | running MRR: 0.0083
[22:36:24 INFO]   Evaluated 12800/54473 | running MRR: 0.0082
[22:37:28 INFO]   Evaluated 15360/54473 | running MRR: 0.0082
[22:38:33 INFO]   Evaluated 17920/54473 | running MRR: 0.0079
[22:39:38 INFO]   Evaluated 20480/54473 | running MRR: 0.0076
[22:40:42 INFO]   Evaluated 23040/54473 | running MRR: 0.0074
[22:41:48 INFO]   Evaluated 25600/54473 | running MRR: 0.0073
[22:42:53 INFO]   Evaluated 28160/54473 | running MRR: 0.0071
[22:43:58 INFO]   Evaluated 30720/54473 | running MRR: 0.0070
[22:45:03 INFO]   Evaluated 33280/54473 | running MRR: 0.0070
[22:46:08 INFO]   Evaluated 35840/54473 | running MRR: 0.0070
[22:47:13 INFO]   Evaluated 38400/54473 | running MRR: 0.0069
[22:48:18 INFO]   Evaluated 40960/54473 | running MRR: 0.0069
[22:49:24 INFO]   Evaluated 43520/54473 | running MRR: 0.0069
[22:50:29 INFO]   Evaluated 46080/54473 | running MRR: 0.0068
[22:51:34 INFO]   Evaluated 48640/54473 | running MRR: 0.0067
[22:52:39 INFO]   Evaluated 51200/54473 | running MRR: 0.0066
[22:53:44 INFO]   Evaluated 53760/54473 | running MRR: 0.0066
[22:54:02 INFO] Results saved to: /home/admin_wsl/research_kg/DBP5L/checkpoints/zero_shot_bgem3/eval_results.json

======================================================================
CHECKPOINT: zero_shot_bgem3
======================================================================

[CROSS-LINGUAL EVAL] Rank against all 56K entities:
  OVERALL: MRR=0.65% H@1=0.08% H@3=0.29% H@10=1.80%  (n=54473)
  EN : MRR=0.78% H@1=0.24% H@3=0.39% H@10=1.68%  (n=18409)
  FR : MRR=0.59% H@1=0.00% H@3=0.22% H@10=1.89%  (n=11154)
  ES : MRR=0.64% H@1=0.00% H@3=0.30% H@10=2.02%  (n=15094)
  JA : MRR=0.51% H@1=0.01% H@3=0.15% H@10=1.69%  (n=7237)
  EL : MRR=0.47% H@1=0.04% H@3=0.19% H@10=1.28%  (n=2579)

[WITHIN-LANGUAGE EVAL] Rank against same-language entities only (standard ML-KGC):
  OVERALL: MRR=1.45% H@1=0.09% H@3=1.57% H@10=3.72%  (n=54473)
  EN  (13,996 cands): MRR=1.65% H@1=0.24% H@3=1.64% H@10=3.97%  (n=18409)
  FR  (13,176 cands): MRR=1.33% H@1=0.00% H@3=1.43% H@10=3.64%  (n=11154)
  ES  (12,381 cands): MRR=1.44% H@1=0.01% H@3=1.80% H@10=3.73%  (n=15094)
  JA  (11,805 cands): MRR=1.18% H@1=0.01% H@3=1.31% H@10=3.19%  (n=7237)
  EL  (5,231 cands): MRR=1.34% H@1=0.04% H@3=1.09% H@10=3.68%  (n=2579)
