[21:23:00 INFO] Device: cuda
[21:23:00 INFO] Loading checkpoint: /home/admin_wsl/research_kg/DBP5L/checkpoints/bgem3_lora_dbp5l_20260702_0705_crr_hn7_r16/best_model.pt
[21:23:01 INFO] HTTP Request: HEAD https://huggingface.co/BAAI/bge-m3/resolve/main/config.json "HTTP/1.1 307 Temporary Redirect"
Warning: You are sending unauthenticated requests to the HF Hub. Please set a HF_TOKEN to enable higher rate limits and faster downloads.
[21:23:01 WARNING] Warning: You are sending unauthenticated requests to the HF Hub. Please set a HF_TOKEN to enable higher rate limits and faster downloads.
[21:23:01 INFO] HTTP Request: HEAD https://huggingface.co/api/resolve-cache/models/BAAI/bge-m3/5617a9f61b028005a4858fdac845db406aefb181/config.json "HTTP/1.1 200 OK"
[transformers] `torch_dtype` is deprecated! Use `dtype` instead!
[21:23:01 INFO] HTTP Request: HEAD https://huggingface.co/BAAI/bge-m3/resolve/main/config.json "HTTP/1.1 307 Temporary Redirect"
[21:23:01 INFO] HTTP Request: HEAD https://huggingface.co/api/resolve-cache/models/BAAI/bge-m3/5617a9f61b028005a4858fdac845db406aefb181/config.json "HTTP/1.1 200 OK"
[21:23:01 INFO] HTTP Request: HEAD https://huggingface.co/BAAI/bge-m3/resolve/main/model.safetensors "HTTP/1.1 404 Not Found"
[21:23:02 INFO] HTTP Request: GET https://huggingface.co/api/models/BAAI/bge-m3 "HTTP/1.1 200 OK"
Loading weights:   0%|          | 0/391 [00:00<?, ?it/s]Loading weights:  45%|████▌     | 177/391 [00:00<00:00, 1764.73it/s]Loading weights:  98%|█████████▊| 385/391 [00:00<00:00, 1921.37it/s]Loading weights: 100%|██████████| 391/391 [00:00<00:00, 1919.40it/s]
[21:23:02 INFO] HTTP Request: GET https://huggingface.co/api/models/BAAI/bge-m3/commits/main "HTTP/1.1 200 OK"
[21:23:02 INFO] HTTP Request: GET https://huggingface.co/api/models/BAAI/bge-m3/discussions?p=0 "HTTP/1.1 200 OK"
[21:23:02 INFO] HTTP Request: GET https://huggingface.co/api/models/BAAI/bge-m3/commits/refs%2Fpr%2F130 "HTTP/1.1 200 OK"
[21:23:03 INFO] HTTP Request: HEAD https://huggingface.co/BAAI/bge-m3/resolve/refs%2Fpr%2F130/model.safetensors.index.json "HTTP/1.1 404 Not Found"
[21:23:03 INFO] Loaded epoch 26 | valid acc@1 at save: 70.28%
[21:23:03 INFO] Checkpoint training args: max_length=128 | lora_rank=16
[21:23:03 INFO] HTTP Request: HEAD https://huggingface.co/BAAI/bge-m3/resolve/refs%2Fpr%2F130/model.safetensors "HTTP/1.1 302 Found"
[21:23:04 INFO] Auto-detected max_length=128 from checkpoint
[21:23:04 INFO] Evaluating with max_length=128
[21:23:04 INFO] HTTP Request: HEAD https://huggingface.co/BAAI/bge-m3/resolve/main/config.json "HTTP/1.1 307 Temporary Redirect"
[21:23:04 INFO] HTTP Request: HEAD https://huggingface.co/api/resolve-cache/models/BAAI/bge-m3/5617a9f61b028005a4858fdac845db406aefb181/config.json "HTTP/1.1 200 OK"
[21:23:04 INFO] HTTP Request: HEAD https://huggingface.co/BAAI/bge-m3/resolve/main/tokenizer_config.json "HTTP/1.1 307 Temporary Redirect"
[21:23:04 INFO] HTTP Request: HEAD https://huggingface.co/api/resolve-cache/models/BAAI/bge-m3/5617a9f61b028005a4858fdac845db406aefb181/tokenizer_config.json "HTTP/1.1 200 OK"
[21:23:04 INFO] HTTP Request: GET https://huggingface.co/api/models/BAAI/bge-m3/tree/main/additional_chat_templates?recursive=false&expand=false "HTTP/1.1 404 Not Found"
[21:23:05 INFO] HTTP Request: GET https://huggingface.co/api/models/BAAI/bge-m3/tree/main?recursive=true&expand=false "HTTP/1.1 200 OK"
[21:23:06 INFO] HTTP Request: GET https://huggingface.co/api/models/BAAI/bge-m3 "HTTP/1.1 200 OK"
[21:23:06 INFO] Loading KG neighbor-based entity descriptions...
[21:23:06 INFO]   Loaded 56589 descriptions
[21:23:06 INFO] Loaded 960 relation names
[21:23:06 INFO] Loading test triples...
[21:23:06 INFO]   54473 test triples
[21:23:06 INFO] Building filter map...
[21:23:07 INFO]   Added 39995 support triples to filter map
[21:23:07 INFO] Encoding 56589 entities (batch 256)...
[21:23:19 INFO]   Encoded 2560/56589 entities
[21:23:26 INFO]   Encoded 5120/56589 entities
[21:23:32 INFO]   Encoded 7680/56589 entities
[21:23:39 INFO]   Encoded 10240/56589 entities
[21:23:45 INFO]   Encoded 12800/56589 entities
[21:23:52 INFO]   Encoded 15360/56589 entities
[21:23:59 INFO]   Encoded 17920/56589 entities
[21:24:05 INFO]   Encoded 20480/56589 entities
[21:24:12 INFO]   Encoded 23040/56589 entities
[21:24:19 INFO]   Encoded 25600/56589 entities
[21:24:25 INFO]   Encoded 28160/56589 entities
[21:24:32 INFO]   Encoded 30720/56589 entities
[21:24:39 INFO]   Encoded 33280/56589 entities
[21:24:45 INFO]   Encoded 35840/56589 entities
[21:24:52 INFO]   Encoded 38400/56589 entities
[21:24:58 INFO]   Encoded 40960/56589 entities
[21:25:05 INFO]   Encoded 43520/56589 entities
[21:25:12 INFO]   Encoded 46080/56589 entities
[21:25:18 INFO]   Encoded 48640/56589 entities
[21:25:25 INFO]   Encoded 51200/56589 entities
[21:25:32 INFO]   Encoded 53760/56589 entities
[21:25:38 INFO]   Encoded 56320/56589 entities
[21:25:41 INFO] Entity embeddings: torch.Size([56589, 1024]) | dtype: torch.float32
[21:25:41 INFO] Per-language candidate counts: {'en': 13996, 'fr': 13176, 'es': 12381, 'ja': 11805, 'el': 5231}
[21:25:41 INFO] Evaluating 54473 test triples...
[21:26:48 INFO]   Evaluated 2560/54473 | running MRR: 0.1309
[21:27:56 INFO]   Evaluated 5120/54473 | running MRR: 0.1332
[21:29:06 INFO]   Evaluated 7680/54473 | running MRR: 0.1318
[21:30:18 INFO]   Evaluated 10240/54473 | running MRR: 0.1285
[21:31:28 INFO]   Evaluated 12800/54473 | running MRR: 0.1284
[21:32:35 INFO]   Evaluated 15360/54473 | running MRR: 0.1282
[21:33:42 INFO]   Evaluated 17920/54473 | running MRR: 0.1279
[21:34:50 INFO]   Evaluated 20480/54473 | running MRR: 0.1483
[21:35:58 INFO]   Evaluated 23040/54473 | running MRR: 0.1696
[21:37:05 INFO]   Evaluated 25600/54473 | running MRR: 0.1865
[21:38:13 INFO]   Evaluated 28160/54473 | running MRR: 0.1994
[21:39:20 INFO]   Evaluated 30720/54473 | running MRR: 0.2127
[21:40:28 INFO]   Evaluated 33280/54473 | running MRR: 0.2238
[21:41:37 INFO]   Evaluated 35840/54473 | running MRR: 0.2329
[21:43:45 INFO]   Evaluated 38400/54473 | running MRR: 0.2411
[21:46:03 INFO]   Evaluated 40960/54473 | running MRR: 0.2494
[21:48:20 INFO]   Evaluated 43520/54473 | running MRR: 0.2553
[21:50:38 INFO]   Evaluated 46080/54473 | running MRR: 0.2530
[21:52:56 INFO]   Evaluated 48640/54473 | running MRR: 0.2444
[21:55:13 INFO]   Evaluated 51200/54473 | running MRR: 0.2373
[21:57:30 INFO]   Evaluated 53760/54473 | running MRR: 0.2319
[21:58:08 INFO] Results saved to: /home/admin_wsl/research_kg/DBP5L/checkpoints/bgem3_lora_dbp5l_20260702_0705_crr_hn7_r16/eval_results.json

======================================================================
CHECKPOINT: bgem3_lora_dbp5l_20260702_0705_crr_hn7_r16
======================================================================

[CROSS-LINGUAL EVAL] Rank against all 56K entities:
  OVERALL: MRR=23.01% H@1=15.42% H@3=25.91% H@10=37.43%  (n=54473)
  EN : MRR=12.78% H@1=5.59% H@3=14.80% H@10=26.57%  (n=18409)
  FR : MRR=33.36% H@1=24.45% H@3=36.83% H@10=51.01%  (n=11154)
  ES : MRR=36.07% H@1=28.36% H@3=39.39% H@10=50.32%  (n=15094)
  JA : MRR=9.70% H@1=3.23% H@3=13.68% H@10=20.91%  (n=7237)
  EL : MRR=12.24% H@1=5.04% H@3=13.45% H@10=26.99%  (n=2579)

[WITHIN-LANGUAGE EVAL] Rank against same-language entities only (standard ML-KGC):
  OVERALL: MRR=23.43% H@1=15.57% H@3=26.46% H@10=38.31%  (n=54473)
  EN  (13,996 cands): MRR=13.67% H@1=5.90% H@3=16.01% H@10=28.56%  (n=18409)
  FR  (13,176 cands): MRR=33.61% H@1=24.54% H@3=37.18% H@10=51.60%  (n=11154)
  ES  (12,381 cands): MRR=36.18% H@1=28.42% H@3=39.49% H@10=50.46%  (n=15094)
  JA  (11,805 cands): MRR=9.84% H@1=3.26% H@3=13.83% H@10=21.09%  (n=7237)
  EL  (5,231 cands): MRR=12.48% H@1=5.08% H@3=13.80% H@10=27.61%  (n=2579)
