[14:57:16 INFO] Run: bgem3_lora_dbp5l_20260626_1457_crr
[14:57:16 INFO] LoRA rank=8 | CRR=1 | XL=0
[14:57:16 INFO] Loading KG neighbor-based entity descriptions...
[14:57:16 INFO]   Loaded 56589 entity descriptions
[14:57:16 INFO] Loaded 56589 entities, 815 relation anchor groups
[14:57:16 INFO] HTTP Request: HEAD https://huggingface.co/BAAI/bge-m3/resolve/main/config.json "HTTP/1.1 307 Temporary Redirect"
[14:57:16 INFO] HTTP Request: HEAD https://huggingface.co/api/resolve-cache/models/BAAI/bge-m3/5617a9f61b028005a4858fdac845db406aefb181/config.json "HTTP/1.1 200 OK"
[14:57:16 INFO] HTTP Request: HEAD https://huggingface.co/BAAI/bge-m3/resolve/main/tokenizer_config.json "HTTP/1.1 307 Temporary Redirect"
[14:57:16 INFO] HTTP Request: HEAD https://huggingface.co/api/resolve-cache/models/BAAI/bge-m3/5617a9f61b028005a4858fdac845db406aefb181/tokenizer_config.json "HTTP/1.1 200 OK"
[14:57:17 INFO] HTTP Request: GET https://huggingface.co/api/models/BAAI/bge-m3/tree/main/additional_chat_templates?recursive=false&expand=false "HTTP/1.1 404 Not Found"
[14:57:17 INFO] HTTP Request: GET https://huggingface.co/api/models/BAAI/bge-m3/tree/main?recursive=true&expand=false "HTTP/1.1 200 OK"
[14:57:19 INFO] HTTP Request: GET https://huggingface.co/api/models/BAAI/bge-m3 "HTTP/1.1 200 OK"
[14:57:19 INFO] Loading BAAI/bge-m3 in bfloat16 (frozen)...
[14:57:19 INFO] HTTP Request: HEAD https://huggingface.co/BAAI/bge-m3/resolve/main/config.json "HTTP/1.1 307 Temporary Redirect"
Warning: You are sending unauthenticated requests to the HF Hub. Please set a HF_TOKEN to enable higher rate limits and faster downloads.
[14:57:19 WARNING] Warning: You are sending unauthenticated requests to the HF Hub. Please set a HF_TOKEN to enable higher rate limits and faster downloads.
[14:57:19 INFO] HTTP Request: HEAD https://huggingface.co/api/resolve-cache/models/BAAI/bge-m3/5617a9f61b028005a4858fdac845db406aefb181/config.json "HTTP/1.1 200 OK"
[transformers] `torch_dtype` is deprecated! Use `dtype` instead!
[14:57:19 INFO] HTTP Request: HEAD https://huggingface.co/BAAI/bge-m3/resolve/main/model.safetensors "HTTP/1.1 404 Not Found"
Loading weights:   0%|          | 0/391 [00:00<?, ?it/s]Loading weights: 100%|██████████| 391/391 [00:00<00:00, 5663.98it/s]
[14:57:20 INFO] Injected LoRA into 48 linear layers (rank=8, alpha=16)
[14:57:20 INFO] Total params: 568.5M | Trainable (LoRA): 0.79M (0.1%)
[14:57:20 INFO] HTTP Request: GET https://huggingface.co/api/models/BAAI/bge-m3 "HTTP/1.1 200 OK"
[14:57:20 INFO] GPU: NVIDIA GeForce RTX 5070 Ti | VRAM used after model load: 1.14 GB | free: 14.6 GB
[14:57:20 INFO] Pre-tokenizing training set...
[14:57:20 INFO] HTTP Request: GET https://huggingface.co/api/models/BAAI/bge-m3/commits/main "HTTP/1.1 200 OK"
[14:57:20 INFO]   Building 118256 example texts...
[14:57:20 INFO]     Cache hit: train_ml96_na0_xl0_q_ids.pt
[14:57:20 INFO] HTTP Request: GET https://huggingface.co/api/models/BAAI/bge-m3/discussions?p=0 "HTTP/1.1 200 OK"
[14:57:20 INFO]     Cache hit: train_ml96_na0_xl0_t_ids.pt
[14:57:20 INFO] Pre-tokenizing validation set...
[14:57:20 INFO]   Building 13137 example texts...
[14:57:20 INFO] HTTP Request: GET https://huggingface.co/api/models/BAAI/bge-m3/commits/refs%2Fpr%2F130 "HTTP/1.1 200 OK"
[14:57:20 INFO]     Cache hit: valid_ml96_q_ids.pt
[14:57:20 INFO]     Cache hit: valid_ml96_t_ids.pt
[14:57:20 INFO] Training: 118256 examples | 13860 opt steps | 30 epochs
[14:57:20 INFO] Batch=32 | GradAccum=8 | Effective batch=256
[14:57:21 INFO] HTTP Request: HEAD https://huggingface.co/BAAI/bge-m3/resolve/refs%2Fpr%2F130/model.safetensors.index.json "HTTP/1.1 404 Not Found"
[14:57:21 INFO] HTTP Request: HEAD https://huggingface.co/BAAI/bge-m3/resolve/refs%2Fpr%2F130/model.safetensors "HTTP/1.1 302 Found"
[14:57:37 INFO] Ep 1/30 step 50/3696 | loss 1.7172 | acc@1 57.1% acc@3 72.6% | 3.09 steps/s | ETA 10.0h | VRAM 1.2GB
[14:57:55 INFO] Ep 1/30 step 100/3696 | loss 1.7178 | acc@1 57.0% acc@3 72.9% | 2.88 steps/s | ETA 10.7h | VRAM 1.2GB
[14:58:14 INFO] Ep 1/30 step 150/3696 | loss 1.7205 | acc@1 56.5% acc@3 72.5% | 2.78 steps/s | ETA 11.1h | VRAM 1.2GB
[14:58:33 INFO] Ep 1/30 step 200/3696 | loss 1.7170 | acc@1 56.7% acc@3 72.6% | 2.75 steps/s | ETA 11.2h | VRAM 1.2GB
[14:58:52 INFO] Ep 1/30 step 250/3696 | loss 1.7141 | acc@1 57.0% acc@3 72.6% | 2.73 steps/s | ETA 11.3h | VRAM 1.2GB
[14:59:08 INFO] Ep 1/30 step 300/3696 | loss 1.7094 | acc@1 57.3% acc@3 72.9% | 2.80 steps/s | ETA 11.0h | VRAM 1.2GB
[14:59:15 INFO] Ep 1/30 step 350/3696 | loss 1.7042 | acc@1 57.5% acc@3 72.9% | 3.05 steps/s | ETA 10.1h | VRAM 1.2GB
[14:59:23 INFO] Ep 1/30 step 400/3696 | loss 1.6981 | acc@1 57.6% acc@3 73.0% | 3.27 steps/s | ETA 9.4h | VRAM 1.2GB
[14:59:31 INFO] Ep 1/30 step 450/3696 | loss 1.6894 | acc@1 57.5% acc@3 73.2% | 3.45 steps/s | ETA 8.9h | VRAM 1.2GB
[14:59:39 INFO] Ep 1/30 step 500/3696 | loss 1.6780 | acc@1 57.8% acc@3 73.4% | 3.61 steps/s | ETA 8.5h | VRAM 1.2GB
[14:59:47 INFO] Ep 1/30 step 550/3696 | loss 1.6628 | acc@1 58.3% acc@3 73.7% | 3.76 steps/s | ETA 8.2h | VRAM 1.2GB
[14:59:55 INFO] Ep 1/30 step 600/3696 | loss 1.6466 | acc@1 58.4% acc@3 73.9% | 3.89 steps/s | ETA 7.9h | VRAM 1.2GB
[15:00:03 INFO] Ep 1/30 step 650/3696 | loss 1.6266 | acc@1 58.6% acc@3 74.1% | 4.01 steps/s | ETA 7.6h | VRAM 1.2GB
[15:00:10 INFO] Ep 1/30 step 700/3696 | loss 1.6061 | acc@1 58.6% acc@3 74.2% | 4.13 steps/s | ETA 7.4h | VRAM 1.2GB
[15:00:19 INFO] Ep 1/30 step 750/3696 | loss 1.5790 | acc@1 58.8% acc@3 74.5% | 4.21 steps/s | ETA 7.3h | VRAM 1.2GB
[15:00:26 INFO] Ep 1/30 step 800/3696 | loss 1.5519 | acc@1 58.9% acc@3 74.6% | 4.30 steps/s | ETA 7.1h | VRAM 1.2GB
[15:00:34 INFO] Ep 1/30 step 850/3696 | loss 1.5211 | acc@1 59.1% acc@3 74.8% | 4.38 steps/s | ETA 7.0h | VRAM 1.2GB
[15:00:42 INFO] Ep 1/30 step 900/3696 | loss 1.4902 | acc@1 59.3% acc@3 75.0% | 4.46 steps/s | ETA 6.8h | VRAM 1.2GB
[15:00:50 INFO] Ep 1/30 step 950/3696 | loss 1.4585 | acc@1 59.5% acc@3 75.2% | 4.53 steps/s | ETA 6.7h | VRAM 1.2GB
[15:00:58 INFO] Ep 1/30 step 1000/3696 | loss 1.4261 | acc@1 59.9% acc@3 75.6% | 4.59 steps/s | ETA 6.6h | VRAM 1.2GB
[15:01:06 INFO] Ep 1/30 step 1050/3696 | loss 1.3955 | acc@1 60.2% acc@3 75.9% | 4.65 steps/s | ETA 6.6h | VRAM 1.2GB
[15:01:14 INFO] Ep 1/30 step 1100/3696 | loss 1.3664 | acc@1 60.5% acc@3 76.3% | 4.71 steps/s | ETA 6.5h | VRAM 1.2GB
[15:01:22 INFO] Ep 1/30 step 1150/3696 | loss 1.3370 | acc@1 61.0% acc@3 76.7% | 4.76 steps/s | ETA 6.4h | VRAM 1.2GB
[15:01:30 INFO] Ep 1/30 step 1200/3696 | loss 1.3093 | acc@1 61.3% acc@3 77.1% | 4.81 steps/s | ETA 6.3h | VRAM 1.2GB
[15:01:38 INFO] Ep 1/30 step 1250/3696 | loss 1.2819 | acc@1 61.7% acc@3 77.5% | 4.86 steps/s | ETA 6.3h | VRAM 1.2GB
[15:01:46 INFO] Ep 1/30 step 1300/3696 | loss 1.2551 | acc@1 62.2% acc@3 78.0% | 4.90 steps/s | ETA 6.2h | VRAM 1.2GB
[15:01:54 INFO] Ep 1/30 step 1350/3696 | loss 1.2292 | acc@1 62.6% acc@3 78.4% | 4.94 steps/s | ETA 6.2h | VRAM 1.2GB
[15:02:01 INFO] Ep 1/30 step 1400/3696 | loss 1.2048 | acc@1 62.9% acc@3 78.9% | 4.98 steps/s | ETA 6.1h | VRAM 1.2GB
[15:02:09 INFO] Ep 1/30 step 1450/3696 | loss 1.1804 | acc@1 63.3% acc@3 79.3% | 5.02 steps/s | ETA 6.1h | VRAM 1.2GB
[15:02:17 INFO] Ep 1/30 step 1500/3696 | loss 1.1576 | acc@1 63.6% acc@3 79.7% | 5.05 steps/s | ETA 6.0h | VRAM 1.2GB
[15:02:25 INFO] Ep 1/30 step 1550/3696 | loss 1.1357 | acc@1 63.9% acc@3 80.1% | 5.09 steps/s | ETA 6.0h | VRAM 1.2GB
[15:02:33 INFO] Ep 1/30 step 1600/3696 | loss 1.1148 | acc@1 64.3% acc@3 80.5% | 5.12 steps/s | ETA 5.9h | VRAM 1.2GB
[15:02:41 INFO] Ep 1/30 step 1650/3696 | loss 1.0950 | acc@1 64.7% acc@3 80.9% | 5.16 steps/s | ETA 5.9h | VRAM 1.2GB
[15:02:48 INFO] Ep 1/30 step 1700/3696 | loss 1.0761 | acc@1 65.0% acc@3 81.2% | 5.18 steps/s | ETA 5.9h | VRAM 1.2GB
[15:02:56 INFO] Ep 1/30 step 1750/3696 | loss 1.0570 | acc@1 65.3% acc@3 81.6% | 5.21 steps/s | ETA 5.8h | VRAM 1.2GB
[15:03:04 INFO] Ep 1/30 step 1800/3696 | loss 1.0390 | acc@1 65.7% acc@3 81.9% | 5.24 steps/s | ETA 5.8h | VRAM 1.2GB
[15:03:13 INFO] Ep 1/30 step 1850/3696 | loss 1.0233 | acc@1 66.0% acc@3 82.2% | 5.25 steps/s | ETA 5.8h | VRAM 1.2GB
[15:03:21 INFO] Ep 1/30 step 1900/3696 | loss 1.0073 | acc@1 66.3% acc@3 82.5% | 5.27 steps/s | ETA 5.7h | VRAM 1.2GB
[15:03:29 INFO] Ep 1/30 step 1950/3696 | loss 0.9919 | acc@1 66.6% acc@3 82.8% | 5.30 steps/s | ETA 5.7h | VRAM 1.2GB
[15:03:37 INFO] Ep 1/30 step 2000/3696 | loss 0.9776 | acc@1 66.9% acc@3 83.1% | 5.32 steps/s | ETA 5.7h | VRAM 1.2GB
[15:03:45 INFO] Ep 1/30 step 2050/3696 | loss 0.9641 | acc@1 67.2% acc@3 83.3% | 5.34 steps/s | ETA 5.7h | VRAM 1.2GB
[15:03:53 INFO] Ep 1/30 step 2100/3696 | loss 0.9505 | acc@1 67.4% acc@3 83.6% | 5.36 steps/s | ETA 5.6h | VRAM 1.2GB
[15:04:01 INFO] Ep 1/30 step 2150/3696 | loss 0.9378 | acc@1 67.7% acc@3 83.9% | 5.37 steps/s | ETA 5.6h | VRAM 1.2GB
[15:04:08 INFO] Ep 1/30 step 2200/3696 | loss 0.9255 | acc@1 68.0% acc@3 84.1% | 5.39 steps/s | ETA 5.6h | VRAM 1.2GB
[15:04:16 INFO] Ep 1/30 step 2250/3696 | loss 0.9137 | acc@1 68.2% acc@3 84.3% | 5.41 steps/s | ETA 5.6h | VRAM 1.2GB
[15:04:24 INFO] Ep 1/30 step 2300/3696 | loss 0.9023 | acc@1 68.5% acc@3 84.6% | 5.43 steps/s | ETA 5.6h | VRAM 1.2GB
[15:04:32 INFO] Ep 1/30 step 2350/3696 | loss 0.8914 | acc@1 68.7% acc@3 84.8% | 5.44 steps/s | ETA 5.5h | VRAM 1.2GB
[15:04:40 INFO] Ep 1/30 step 2400/3696 | loss 0.8809 | acc@1 68.9% acc@3 85.0% | 5.46 steps/s | ETA 5.5h | VRAM 1.2GB
[15:04:48 INFO] Ep 1/30 step 2450/3696 | loss 0.8705 | acc@1 69.1% acc@3 85.2% | 5.48 steps/s | ETA 5.5h | VRAM 1.2GB
[15:04:56 INFO] Ep 1/30 step 2500/3696 | loss 0.8606 | acc@1 69.3% acc@3 85.4% | 5.49 steps/s | ETA 5.5h | VRAM 1.2GB
[15:05:04 INFO] Ep 1/30 step 2550/3696 | loss 0.8511 | acc@1 69.5% acc@3 85.6% | 5.50 steps/s | ETA 5.5h | VRAM 1.2GB
[15:05:12 INFO] Ep 1/30 step 2600/3696 | loss 0.8416 | acc@1 69.8% acc@3 85.8% | 5.52 steps/s | ETA 5.5h | VRAM 1.2GB
[15:05:19 INFO] Ep 1/30 step 2650/3696 | loss 0.8326 | acc@1 70.0% acc@3 85.9% | 5.53 steps/s | ETA 5.4h | VRAM 1.2GB
[15:05:27 INFO] Ep 1/30 step 2700/3696 | loss 0.8239 | acc@1 70.2% acc@3 86.1% | 5.55 steps/s | ETA 5.4h | VRAM 1.2GB
[15:05:35 INFO] Ep 1/30 step 2750/3696 | loss 0.8157 | acc@1 70.4% acc@3 86.3% | 5.56 steps/s | ETA 5.4h | VRAM 1.2GB
[15:05:43 INFO] Ep 1/30 step 2800/3696 | loss 0.8073 | acc@1 70.6% acc@3 86.5% | 5.57 steps/s | ETA 5.4h | VRAM 1.2GB
[15:05:51 INFO] Ep 1/30 step 2850/3696 | loss 0.7993 | acc@1 70.8% acc@3 86.6% | 5.58 steps/s | ETA 5.4h | VRAM 1.2GB
[15:05:59 INFO] Ep 1/30 step 2900/3696 | loss 0.7915 | acc@1 71.0% acc@3 86.8% | 5.59 steps/s | ETA 5.4h | VRAM 1.2GB
[15:06:07 INFO] Ep 1/30 step 2950/3696 | loss 0.7839 | acc@1 71.1% acc@3 86.9% | 5.60 steps/s | ETA 5.4h | VRAM 1.2GB
[15:06:15 INFO] Ep 1/30 step 3000/3696 | loss 0.7764 | acc@1 71.3% acc@3 87.1% | 5.62 steps/s | ETA 5.3h | VRAM 1.2GB
[15:06:23 INFO] Ep 1/30 step 3050/3696 | loss 0.7692 | acc@1 71.5% acc@3 87.2% | 5.63 steps/s | ETA 5.3h | VRAM 1.2GB
[15:06:31 INFO] Ep 1/30 step 3100/3696 | loss 0.7622 | acc@1 71.7% acc@3 87.4% | 5.63 steps/s | ETA 5.3h | VRAM 1.2GB
[15:06:39 INFO] Ep 1/30 step 3150/3696 | loss 0.7552 | acc@1 71.9% acc@3 87.5% | 5.64 steps/s | ETA 5.3h | VRAM 1.2GB
[15:06:47 INFO] Ep 1/30 step 3200/3696 | loss 0.7487 | acc@1 72.1% acc@3 87.7% | 5.65 steps/s | ETA 5.3h | VRAM 1.2GB
[15:06:55 INFO] Ep 1/30 step 3250/3696 | loss 0.7421 | acc@1 72.2% acc@3 87.8% | 5.66 steps/s | ETA 5.3h | VRAM 1.2GB
[15:07:03 INFO] Ep 1/30 step 3300/3696 | loss 0.7361 | acc@1 72.3% acc@3 87.9% | 5.67 steps/s | ETA 5.3h | VRAM 1.2GB
[15:07:11 INFO] Ep 1/30 step 3350/3696 | loss 0.7301 | acc@1 72.5% acc@3 88.1% | 5.68 steps/s | ETA 5.3h | VRAM 1.2GB
[15:07:19 INFO] Ep 1/30 step 3400/3696 | loss 0.7243 | acc@1 72.6% acc@3 88.2% | 5.68 steps/s | ETA 5.3h | VRAM 1.2GB
[15:07:27 INFO] Ep 1/30 step 3450/3696 | loss 0.7186 | acc@1 72.8% acc@3 88.3% | 5.69 steps/s | ETA 5.2h | VRAM 1.2GB
[15:07:35 INFO] Ep 1/30 step 3500/3696 | loss 0.7131 | acc@1 72.9% acc@3 88.4% | 5.70 steps/s | ETA 5.2h | VRAM 1.2GB
[15:07:43 INFO] Ep 1/30 step 3550/3696 | loss 0.7077 | acc@1 73.1% acc@3 88.5% | 5.71 steps/s | ETA 5.2h | VRAM 1.2GB
[15:07:51 INFO] Ep 1/30 step 3600/3696 | loss 0.7023 | acc@1 73.2% acc@3 88.6% | 5.71 steps/s | ETA 5.2h | VRAM 1.2GB
[15:07:59 INFO] Ep 1/30 step 3650/3696 | loss 0.6971 | acc@1 73.3% acc@3 88.7% | 5.72 steps/s | ETA 5.2h | VRAM 1.2GB
[15:08:34 INFO] === Ep 1/30 | valid acc@1 53.44% acc@3 72.25% | loss 3.8147 | time 11.2min ===
[15:08:35 INFO]   ✓ New best acc@1=53.44% — saved
[15:08:43 INFO] Ep 2/30 step 50/3696 | loss 0.3205 | acc@1 82.8% acc@3 96.0% | 6.21 steps/s | ETA 4.8h | VRAM 1.2GB
[15:08:51 INFO] Ep 2/30 step 100/3696 | loss 0.3119 | acc@1 83.6% acc@3 96.5% | 6.25 steps/s | ETA 4.8h | VRAM 1.2GB
[15:08:58 INFO] Ep 2/30 step 150/3696 | loss 0.3191 | acc@1 82.8% acc@3 96.6% | 6.33 steps/s | ETA 4.7h | VRAM 1.2GB
[15:09:06 INFO] Ep 2/30 step 200/3696 | loss 0.3161 | acc@1 83.1% acc@3 96.7% | 6.33 steps/s | ETA 4.7h | VRAM 1.2GB
[15:09:14 INFO] Ep 2/30 step 250/3696 | loss 0.3165 | acc@1 83.2% acc@3 96.6% | 6.31 steps/s | ETA 4.7h | VRAM 1.2GB
[15:09:22 INFO] Ep 2/30 step 300/3696 | loss 0.3168 | acc@1 83.2% acc@3 96.7% | 6.30 steps/s | ETA 4.7h | VRAM 1.2GB
[15:09:30 INFO] Ep 2/30 step 350/3696 | loss 0.3167 | acc@1 83.3% acc@3 96.7% | 6.27 steps/s | ETA 4.7h | VRAM 1.2GB
[15:09:38 INFO] Ep 2/30 step 400/3696 | loss 0.3141 | acc@1 83.4% acc@3 96.7% | 6.27 steps/s | ETA 4.7h | VRAM 1.2GB
[15:09:46 INFO] Ep 2/30 step 450/3696 | loss 0.3132 | acc@1 83.4% acc@3 96.6% | 6.28 steps/s | ETA 4.7h | VRAM 1.2GB
[15:09:54 INFO] Ep 2/30 step 500/3696 | loss 0.3143 | acc@1 83.3% acc@3 96.6% | 6.32 steps/s | ETA 4.7h | VRAM 1.2GB
[15:10:02 INFO] Ep 2/30 step 550/3696 | loss 0.3126 | acc@1 83.3% acc@3 96.5% | 6.31 steps/s | ETA 4.7h | VRAM 1.2GB
[15:10:10 INFO] Ep 2/30 step 600/3696 | loss 0.3110 | acc@1 83.4% acc@3 96.6% | 6.27 steps/s | ETA 4.7h | VRAM 1.2GB
[15:10:19 INFO] Ep 2/30 step 650/3696 | loss 0.3098 | acc@1 83.5% acc@3 96.6% | 6.26 steps/s | ETA 4.7h | VRAM 1.2GB
[15:10:26 INFO] Ep 2/30 step 700/3696 | loss 0.3083 | acc@1 83.6% acc@3 96.6% | 6.28 steps/s | ETA 4.7h | VRAM 1.2GB
[15:10:34 INFO] Ep 2/30 step 750/3696 | loss 0.3068 | acc@1 83.6% acc@3 96.6% | 6.28 steps/s | ETA 4.7h | VRAM 1.2GB
[15:10:42 INFO] Ep 2/30 step 800/3696 | loss 0.3058 | acc@1 83.7% acc@3 96.7% | 6.28 steps/s | ETA 4.7h | VRAM 1.2GB
[15:10:50 INFO] Ep 2/30 step 850/3696 | loss 0.3060 | acc@1 83.6% acc@3 96.7% | 6.27 steps/s | ETA 4.7h | VRAM 1.2GB
[15:10:58 INFO] Ep 2/30 step 900/3696 | loss 0.3053 | acc@1 83.5% acc@3 96.7% | 6.29 steps/s | ETA 4.7h | VRAM 1.2GB
[15:11:06 INFO] Ep 2/30 step 950/3696 | loss 0.3043 | acc@1 83.7% acc@3 96.7% | 6.29 steps/s | ETA 4.7h | VRAM 1.2GB
[15:11:14 INFO] Ep 2/30 step 1000/3696 | loss 0.3040 | acc@1 83.7% acc@3 96.7% | 6.29 steps/s | ETA 4.7h | VRAM 1.2GB
[15:11:22 INFO] Ep 2/30 step 1050/3696 | loss 0.3031 | acc@1 83.7% acc@3 96.7% | 6.29 steps/s | ETA 4.7h | VRAM 1.2GB
[15:11:30 INFO] Ep 2/30 step 1100/3696 | loss 0.3022 | acc@1 83.8% acc@3 96.7% | 6.29 steps/s | ETA 4.7h | VRAM 1.2GB
[15:11:38 INFO] Ep 2/30 step 1150/3696 | loss 0.3019 | acc@1 83.8% acc@3 96.7% | 6.29 steps/s | ETA 4.7h | VRAM 1.2GB
[15:11:46 INFO] Ep 2/30 step 1200/3696 | loss 0.3007 | acc@1 83.9% acc@3 96.8% | 6.28 steps/s | ETA 4.7h | VRAM 1.2GB
[15:11:53 INFO] Ep 2/30 step 1250/3696 | loss 0.2998 | acc@1 83.9% acc@3 96.8% | 6.30 steps/s | ETA 4.7h | VRAM 1.2GB
[15:12:01 INFO] Ep 2/30 step 1300/3696 | loss 0.2987 | acc@1 84.0% acc@3 96.8% | 6.30 steps/s | ETA 4.7h | VRAM 1.2GB
[15:12:09 INFO] Ep 2/30 step 1350/3696 | loss 0.2982 | acc@1 84.0% acc@3 96.8% | 6.30 steps/s | ETA 4.7h | VRAM 1.2GB
[15:12:16 INFO] Ep 2/30 step 1400/3696 | loss 0.2971 | acc@1 84.0% acc@3 96.8% | 6.31 steps/s | ETA 4.7h | VRAM 1.2GB
[15:12:24 INFO] Ep 2/30 step 1450/3696 | loss 0.2965 | acc@1 84.1% acc@3 96.9% | 6.31 steps/s | ETA 4.7h | VRAM 1.2GB
[15:12:32 INFO] Ep 2/30 step 1500/3696 | loss 0.2960 | acc@1 84.1% acc@3 96.9% | 6.31 steps/s | ETA 4.7h | VRAM 1.2GB
[15:12:40 INFO] Ep 2/30 step 1550/3696 | loss 0.2951 | acc@1 84.1% acc@3 96.9% | 6.31 steps/s | ETA 4.7h | VRAM 1.2GB
[15:12:48 INFO] Ep 2/30 step 1600/3696 | loss 0.2944 | acc@1 84.1% acc@3 96.9% | 6.31 steps/s | ETA 4.6h | VRAM 1.2GB
[15:12:56 INFO] Ep 2/30 step 1650/3696 | loss 0.2935 | acc@1 84.2% acc@3 96.9% | 6.31 steps/s | ETA 4.6h | VRAM 1.2GB
[15:13:04 INFO] Ep 2/30 step 1700/3696 | loss 0.2927 | acc@1 84.2% acc@3 96.9% | 6.31 steps/s | ETA 4.6h | VRAM 1.2GB
[15:13:12 INFO] Ep 2/30 step 1750/3696 | loss 0.2918 | acc@1 84.3% acc@3 97.0% | 6.31 steps/s | ETA 4.6h | VRAM 1.2GB
[15:13:20 INFO] Ep 2/30 step 1800/3696 | loss 0.2911 | acc@1 84.3% acc@3 97.0% | 6.30 steps/s | ETA 4.6h | VRAM 1.2GB
[15:13:28 INFO] Ep 2/30 step 1850/3696 | loss 0.2906 | acc@1 84.3% acc@3 97.0% | 6.30 steps/s | ETA 4.6h | VRAM 1.2GB
[15:13:36 INFO] Ep 2/30 step 1900/3696 | loss 0.2899 | acc@1 84.3% acc@3 97.0% | 6.31 steps/s | ETA 4.6h | VRAM 1.2GB
[15:13:43 INFO] Ep 2/30 step 1950/3696 | loss 0.2893 | acc@1 84.3% acc@3 97.0% | 6.31 steps/s | ETA 4.6h | VRAM 1.2GB
[15:13:51 INFO] Ep 2/30 step 2000/3696 | loss 0.2887 | acc@1 84.4% acc@3 97.0% | 6.31 steps/s | ETA 4.6h | VRAM 1.2GB
[15:13:59 INFO] Ep 2/30 step 2050/3696 | loss 0.2879 | acc@1 84.4% acc@3 97.0% | 6.31 steps/s | ETA 4.6h | VRAM 1.2GB
[15:14:07 INFO] Ep 2/30 step 2100/3696 | loss 0.2870 | acc@1 84.4% acc@3 97.0% | 6.31 steps/s | ETA 4.6h | VRAM 1.2GB
[15:14:15 INFO] Ep 2/30 step 2150/3696 | loss 0.2865 | acc@1 84.4% acc@3 97.0% | 6.31 steps/s | ETA 4.6h | VRAM 1.2GB
[15:14:23 INFO] Ep 2/30 step 2200/3696 | loss 0.2860 | acc@1 84.5% acc@3 97.0% | 6.31 steps/s | ETA 4.6h | VRAM 1.2GB
[15:14:31 INFO] Ep 2/30 step 2250/3696 | loss 0.2853 | acc@1 84.5% acc@3 97.1% | 6.31 steps/s | ETA 4.6h | VRAM 1.2GB
[15:14:39 INFO] Ep 2/30 step 2300/3696 | loss 0.2844 | acc@1 84.5% acc@3 97.1% | 6.31 steps/s | ETA 4.6h | VRAM 1.2GB
[15:14:47 INFO] Ep 2/30 step 2350/3696 | loss 0.2837 | acc@1 84.6% acc@3 97.1% | 6.31 steps/s | ETA 4.6h | VRAM 1.2GB
[15:14:54 INFO] Ep 2/30 step 2400/3696 | loss 0.2832 | acc@1 84.6% acc@3 97.1% | 6.32 steps/s | ETA 4.6h | VRAM 1.2GB
[15:15:01 INFO] Ep 2/30 step 2450/3696 | loss 0.2827 | acc@1 84.6% acc@3 97.1% | 6.33 steps/s | ETA 4.6h | VRAM 1.2GB
[15:15:09 INFO] Ep 2/30 step 2500/3696 | loss 0.2821 | acc@1 84.6% acc@3 97.1% | 6.34 steps/s | ETA 4.6h | VRAM 1.2GB
[15:15:16 INFO] Ep 2/30 step 2550/3696 | loss 0.2817 | acc@1 84.7% acc@3 97.1% | 6.35 steps/s | ETA 4.6h | VRAM 1.2GB
[15:15:23 INFO] Ep 2/30 step 2600/3696 | loss 0.2810 | acc@1 84.7% acc@3 97.1% | 6.36 steps/s | ETA 4.6h | VRAM 1.2GB
[15:15:31 INFO] Ep 2/30 step 2650/3696 | loss 0.2804 | acc@1 84.7% acc@3 97.1% | 6.37 steps/s | ETA 4.6h | VRAM 1.2GB
[15:15:38 INFO] Ep 2/30 step 2700/3696 | loss 0.2797 | acc@1 84.8% acc@3 97.1% | 6.38 steps/s | ETA 4.5h | VRAM 1.2GB
[15:15:45 INFO] Ep 2/30 step 2750/3696 | loss 0.2792 | acc@1 84.8% acc@3 97.1% | 6.39 steps/s | ETA 4.5h | VRAM 1.2GB
[15:15:52 INFO] Ep 2/30 step 2800/3696 | loss 0.2788 | acc@1 84.8% acc@3 97.1% | 6.40 steps/s | ETA 4.5h | VRAM 1.2GB
[15:16:00 INFO] Ep 2/30 step 2850/3696 | loss 0.2780 | acc@1 84.8% acc@3 97.1% | 6.40 steps/s | ETA 4.5h | VRAM 1.2GB
[15:16:07 INFO] Ep 2/30 step 2900/3696 | loss 0.2775 | acc@1 84.8% acc@3 97.1% | 6.41 steps/s | ETA 4.5h | VRAM 1.2GB
[15:16:14 INFO] Ep 2/30 step 2950/3696 | loss 0.2768 | acc@1 84.8% acc@3 97.2% | 6.42 steps/s | ETA 4.5h | VRAM 1.2GB
[15:16:22 INFO] Ep 2/30 step 3000/3696 | loss 0.2760 | acc@1 84.9% acc@3 97.2% | 6.42 steps/s | ETA 4.5h | VRAM 1.2GB
[15:16:29 INFO] Ep 2/30 step 3050/3696 | loss 0.2754 | acc@1 84.9% acc@3 97.2% | 6.43 steps/s | ETA 4.5h | VRAM 1.2GB
[15:16:36 INFO] Ep 2/30 step 3100/3696 | loss 0.2747 | acc@1 84.9% acc@3 97.2% | 6.44 steps/s | ETA 4.5h | VRAM 1.2GB
[15:16:43 INFO] Ep 2/30 step 3150/3696 | loss 0.2742 | acc@1 84.9% acc@3 97.2% | 6.44 steps/s | ETA 4.5h | VRAM 1.2GB
[15:16:51 INFO] Ep 2/30 step 3200/3696 | loss 0.2733 | acc@1 85.0% acc@3 97.2% | 6.45 steps/s | ETA 4.5h | VRAM 1.2GB
[15:16:58 INFO] Ep 2/30 step 3250/3696 | loss 0.2726 | acc@1 85.0% acc@3 97.2% | 6.46 steps/s | ETA 4.5h | VRAM 1.2GB
[15:17:05 INFO] Ep 2/30 step 3300/3696 | loss 0.2719 | acc@1 85.0% acc@3 97.2% | 6.46 steps/s | ETA 4.5h | VRAM 1.2GB
[15:17:13 INFO] Ep 2/30 step 3350/3696 | loss 0.2713 | acc@1 85.0% acc@3 97.3% | 6.47 steps/s | ETA 4.5h | VRAM 1.2GB
[15:17:20 INFO] Ep 2/30 step 3400/3696 | loss 0.2706 | acc@1 85.1% acc@3 97.3% | 6.47 steps/s | ETA 4.5h | VRAM 1.2GB
[15:17:27 INFO] Ep 2/30 step 3450/3696 | loss 0.2701 | acc@1 85.1% acc@3 97.3% | 6.48 steps/s | ETA 4.4h | VRAM 1.2GB
[15:17:34 INFO] Ep 2/30 step 3500/3696 | loss 0.2695 | acc@1 85.1% acc@3 97.3% | 6.48 steps/s | ETA 4.4h | VRAM 1.2GB
[15:17:42 INFO] Ep 2/30 step 3550/3696 | loss 0.2688 | acc@1 85.2% acc@3 97.3% | 6.49 steps/s | ETA 4.4h | VRAM 1.2GB
[15:17:49 INFO] Ep 2/30 step 3600/3696 | loss 0.2684 | acc@1 85.2% acc@3 97.3% | 6.49 steps/s | ETA 4.4h | VRAM 1.2GB
[15:17:56 INFO] Ep 2/30 step 3650/3696 | loss 0.2679 | acc@1 85.2% acc@3 97.3% | 6.50 steps/s | ETA 4.4h | VRAM 1.2GB
[15:18:29 INFO] === Ep 2/30 | valid acc@1 57.79% acc@3 76.39% | loss 3.7592 | time 9.9min ===
[15:18:30 INFO]   ✓ New best acc@1=57.79% — saved
[15:18:38 INFO] Ep 3/30 step 50/3696 | loss 0.2069 | acc@1 88.0% acc@3 98.1% | 6.86 steps/s | ETA 4.2h | VRAM 1.2GB
[15:18:45 INFO] Ep 3/30 step 100/3696 | loss 0.2102 | acc@1 87.7% acc@3 98.1% | 6.87 steps/s | ETA 4.2h | VRAM 1.2GB
[15:18:52 INFO] Ep 3/30 step 150/3696 | loss 0.2190 | acc@1 86.9% acc@3 97.6% | 6.87 steps/s | ETA 4.2h | VRAM 1.2GB
[15:18:59 INFO] Ep 3/30 step 200/3696 | loss 0.2197 | acc@1 87.1% acc@3 97.7% | 6.87 steps/s | ETA 4.2h | VRAM 1.2GB
[15:19:07 INFO] Ep 3/30 step 250/3696 | loss 0.2196 | acc@1 87.0% acc@3 97.7% | 6.87 steps/s | ETA 4.2h | VRAM 1.2GB
[15:19:14 INFO] Ep 3/30 step 300/3696 | loss 0.2214 | acc@1 86.7% acc@3 97.7% | 6.87 steps/s | ETA 4.2h | VRAM 1.2GB
[15:19:21 INFO] Ep 3/30 step 350/3696 | loss 0.2195 | acc@1 86.9% acc@3 97.8% | 6.87 steps/s | ETA 4.2h | VRAM 1.2GB
[15:19:28 INFO] Ep 3/30 step 400/3696 | loss 0.2199 | acc@1 86.8% acc@3 97.8% | 6.87 steps/s | ETA 4.2h | VRAM 1.2GB
[15:19:36 INFO] Ep 3/30 step 450/3696 | loss 0.2210 | acc@1 86.7% acc@3 97.8% | 6.87 steps/s | ETA 4.2h | VRAM 1.2GB
[15:19:43 INFO] Ep 3/30 step 500/3696 | loss 0.2191 | acc@1 87.0% acc@3 97.9% | 6.87 steps/s | ETA 4.2h | VRAM 1.2GB
[15:19:50 INFO] Ep 3/30 step 550/3696 | loss 0.2183 | acc@1 87.1% acc@3 97.8% | 6.87 steps/s | ETA 4.2h | VRAM 1.2GB
[15:19:58 INFO] Ep 3/30 step 600/3696 | loss 0.2181 | acc@1 87.1% acc@3 97.9% | 6.87 steps/s | ETA 4.2h | VRAM 1.2GB
[15:20:05 INFO] Ep 3/30 step 650/3696 | loss 0.2183 | acc@1 87.0% acc@3 97.9% | 6.87 steps/s | ETA 4.2h | VRAM 1.2GB
[15:20:12 INFO] Ep 3/30 step 700/3696 | loss 0.2184 | acc@1 87.0% acc@3 97.9% | 6.87 steps/s | ETA 4.2h | VRAM 1.2GB
[15:20:19 INFO] Ep 3/30 step 750/3696 | loss 0.2183 | acc@1 87.0% acc@3 97.9% | 6.87 steps/s | ETA 4.2h | VRAM 1.2GB
[15:20:27 INFO] Ep 3/30 step 800/3696 | loss 0.2179 | acc@1 86.9% acc@3 97.9% | 6.87 steps/s | ETA 4.1h | VRAM 1.2GB
[15:20:34 INFO] Ep 3/30 step 850/3696 | loss 0.2176 | acc@1 86.9% acc@3 97.9% | 6.87 steps/s | ETA 4.1h | VRAM 1.2GB
[15:20:41 INFO] Ep 3/30 step 900/3696 | loss 0.2172 | acc@1 87.0% acc@3 97.9% | 6.87 steps/s | ETA 4.1h | VRAM 1.2GB
