[03:44:46 INFO] Run: bgem3_lora_dbp5l_20260626_0344
[03:44:46 INFO] LoRA rank=8 | CRR=0 | XL=0
[03:44:46 INFO] Loaded 56589 entities, 815 relation anchor groups
[03:44:46 INFO] HTTP Request: HEAD https://huggingface.co/BAAI/bge-m3/resolve/main/config.json "HTTP/1.1 307 Temporary Redirect"
[03:44:46 INFO] HTTP Request: HEAD https://huggingface.co/api/resolve-cache/models/BAAI/bge-m3/5617a9f61b028005a4858fdac845db406aefb181/config.json "HTTP/1.1 200 OK"
[03:44:47 INFO] HTTP Request: HEAD https://huggingface.co/BAAI/bge-m3/resolve/main/tokenizer_config.json "HTTP/1.1 307 Temporary Redirect"
[03:44:47 INFO] HTTP Request: HEAD https://huggingface.co/api/resolve-cache/models/BAAI/bge-m3/5617a9f61b028005a4858fdac845db406aefb181/tokenizer_config.json "HTTP/1.1 200 OK"
[03:44:47 INFO] HTTP Request: GET https://huggingface.co/api/models/BAAI/bge-m3/tree/main/additional_chat_templates?recursive=false&expand=false "HTTP/1.1 404 Not Found"
[03:44:47 INFO] HTTP Request: GET https://huggingface.co/api/models/BAAI/bge-m3/tree/main?recursive=true&expand=false "HTTP/1.1 200 OK"
[03:44:49 INFO] HTTP Request: GET https://huggingface.co/api/models/BAAI/bge-m3 "HTTP/1.1 200 OK"
[03:44:49 INFO] Loading BAAI/bge-m3 in bfloat16 (frozen)...
[03:44:50 INFO] HTTP Request: HEAD https://huggingface.co/BAAI/bge-m3/resolve/main/config.json "HTTP/1.1 307 Temporary Redirect"
Warning: You are sending unauthenticated requests to the HF Hub. Please set a HF_TOKEN to enable higher rate limits and faster downloads.
[03:44:50 WARNING] Warning: You are sending unauthenticated requests to the HF Hub. Please set a HF_TOKEN to enable higher rate limits and faster downloads.
[03:44:50 INFO] HTTP Request: HEAD https://huggingface.co/api/resolve-cache/models/BAAI/bge-m3/5617a9f61b028005a4858fdac845db406aefb181/config.json "HTTP/1.1 200 OK"
[transformers] `torch_dtype` is deprecated! Use `dtype` instead!
[03:44:50 INFO] HTTP Request: HEAD https://huggingface.co/BAAI/bge-m3/resolve/main/model.safetensors "HTTP/1.1 404 Not Found"
Loading weights:   0%|          | 0/391 [00:00<?, ?it/s]Loading weights:  79%|███████▉  | 309/391 [00:00<00:00, 3075.32it/s]Loading weights: 100%|██████████| 391/391 [00:00<00:00, 3005.01it/s]
[03:44:50 INFO] HTTP Request: GET https://huggingface.co/api/models/BAAI/bge-m3 "HTTP/1.1 200 OK"
[03:44:50 INFO] Injected LoRA into 48 linear layers (rank=8, alpha=16)
[03:44:50 INFO] Total params: 568.5M | Trainable (LoRA): 0.79M (0.1%)
[03:44:50 INFO] HTTP Request: GET https://huggingface.co/api/models/BAAI/bge-m3/commits/main "HTTP/1.1 200 OK"
[03:44:51 INFO] HTTP Request: GET https://huggingface.co/api/models/BAAI/bge-m3/discussions?p=0 "HTTP/1.1 200 OK"
[03:44:51 INFO] GPU: NVIDIA GeForce RTX 5070 Ti | VRAM used after model load: 1.14 GB | free: 14.6 GB
[03:44:51 INFO] Pre-tokenizing training set...
[03:44:51 INFO]   Building 118256 example texts...
[03:44:51 INFO] HTTP Request: GET https://huggingface.co/api/models/BAAI/bge-m3/commits/refs%2Fpr%2F130 "HTTP/1.1 200 OK"
[03:44:51 INFO]     Cache hit: train_ml96_na0_xl0_q_ids.pt
[03:44:51 INFO]     Cache hit: train_ml96_na0_xl0_t_ids.pt
[03:44:51 INFO] HTTP Request: HEAD https://huggingface.co/BAAI/bge-m3/resolve/refs%2Fpr%2F130/model.safetensors.index.json "HTTP/1.1 404 Not Found"
[03:44:51 INFO] Pre-tokenizing validation set...
[03:44:51 INFO]   Building 13137 example texts...
[03:44:51 INFO]     Cache hit: valid_ml96_q_ids.pt
[03:44:51 INFO]     Cache hit: valid_ml96_t_ids.pt
[03:44:51 INFO] Training: 118256 examples | 4620 opt steps | 10 epochs
[03:44:51 INFO] Batch=32 | GradAccum=8 | Effective batch=256
[03:44:52 INFO] HTTP Request: HEAD https://huggingface.co/BAAI/bge-m3/resolve/refs%2Fpr%2F130/model.safetensors "HTTP/1.1 302 Found"
[03:45:01 INFO] Ep 1/10 step 50/3696 | loss 3.4371 | acc@1 12.9% acc@3 24.6% | 5.02 steps/s | ETA 2.0h | VRAM 1.2GB
[03:45:10 INFO] Ep 1/10 step 100/3696 | loss 3.4373 | acc@1 12.9% acc@3 24.4% | 5.36 steps/s | ETA 1.9h | VRAM 1.2GB
[03:45:19 INFO] Ep 1/10 step 150/3696 | loss 3.4369 | acc@1 13.3% acc@3 24.6% | 5.50 steps/s | ETA 1.9h | VRAM 1.2GB
[03:45:27 INFO] Ep 1/10 step 200/3696 | loss 3.4370 | acc@1 13.3% acc@3 24.3% | 5.57 steps/s | ETA 1.8h | VRAM 1.2GB
[03:45:36 INFO] Ep 1/10 step 250/3696 | loss 3.4362 | acc@1 13.7% acc@3 24.4% | 5.61 steps/s | ETA 1.8h | VRAM 1.2GB
[03:45:45 INFO] Ep 1/10 step 300/3696 | loss 3.4356 | acc@1 13.8% acc@3 24.7% | 5.64 steps/s | ETA 1.8h | VRAM 1.2GB
[03:45:53 INFO] Ep 1/10 step 350/3696 | loss 3.4346 | acc@1 14.1% acc@3 25.2% | 5.66 steps/s | ETA 1.8h | VRAM 1.2GB
[03:46:02 INFO] Ep 1/10 step 400/3696 | loss 3.4333 | acc@1 14.3% acc@3 25.5% | 5.67 steps/s | ETA 1.8h | VRAM 1.2GB
[03:46:11 INFO] Ep 1/10 step 450/3696 | loss 3.4310 | acc@1 14.7% acc@3 26.1% | 5.69 steps/s | ETA 1.8h | VRAM 1.2GB
[03:46:19 INFO] Ep 1/10 step 500/3696 | loss 3.4274 | acc@1 15.0% acc@3 26.7% | 5.70 steps/s | ETA 1.8h | VRAM 1.2GB
[03:46:28 INFO] Ep 1/10 step 550/3696 | loss 3.4224 | acc@1 15.3% acc@3 27.2% | 5.70 steps/s | ETA 1.8h | VRAM 1.2GB
[03:46:36 INFO] Ep 1/10 step 600/3696 | loss 3.4163 | acc@1 15.3% acc@3 27.4% | 5.71 steps/s | ETA 1.8h | VRAM 1.2GB
[03:46:45 INFO] Ep 1/10 step 650/3696 | loss 3.4087 | acc@1 15.4% acc@3 27.6% | 5.72 steps/s | ETA 1.8h | VRAM 1.2GB
[03:46:54 INFO] Ep 1/10 step 700/3696 | loss 3.4004 | acc@1 15.3% acc@3 27.7% | 5.73 steps/s | ETA 1.8h | VRAM 1.2GB
[03:47:02 INFO] Ep 1/10 step 750/3696 | loss 3.3916 | acc@1 15.3% acc@3 27.9% | 5.73 steps/s | ETA 1.8h | VRAM 1.2GB
[03:47:11 INFO] Ep 1/10 step 800/3696 | loss 3.3814 | acc@1 15.2% acc@3 28.0% | 5.74 steps/s | ETA 1.8h | VRAM 1.2GB
[03:47:20 INFO] Ep 1/10 step 850/3696 | loss 3.3704 | acc@1 15.2% acc@3 28.3% | 5.74 steps/s | ETA 1.7h | VRAM 1.2GB
[03:47:28 INFO] Ep 1/10 step 900/3696 | loss 3.3576 | acc@1 15.2% acc@3 28.6% | 5.74 steps/s | ETA 1.7h | VRAM 1.2GB
[03:47:37 INFO] Ep 1/10 step 950/3696 | loss 3.3456 | acc@1 15.2% acc@3 28.9% | 5.74 steps/s | ETA 1.7h | VRAM 1.2GB
[03:47:46 INFO] Ep 1/10 step 1000/3696 | loss 3.3342 | acc@1 15.3% acc@3 29.2% | 5.74 steps/s | ETA 1.7h | VRAM 1.2GB
[03:47:54 INFO] Ep 1/10 step 1050/3696 | loss 3.3227 | acc@1 15.4% acc@3 29.5% | 5.75 steps/s | ETA 1.7h | VRAM 1.2GB
[03:48:03 INFO] Ep 1/10 step 1100/3696 | loss 3.3122 | acc@1 15.5% acc@3 29.9% | 5.75 steps/s | ETA 1.7h | VRAM 1.2GB
[03:48:11 INFO] Ep 1/10 step 1150/3696 | loss 3.3024 | acc@1 15.5% acc@3 30.2% | 5.75 steps/s | ETA 1.7h | VRAM 1.2GB
[03:48:20 INFO] Ep 1/10 step 1200/3696 | loss 3.2927 | acc@1 15.7% acc@3 30.5% | 5.75 steps/s | ETA 1.7h | VRAM 1.2GB
[03:48:29 INFO] Ep 1/10 step 1250/3696 | loss 3.2841 | acc@1 15.7% acc@3 30.8% | 5.75 steps/s | ETA 1.7h | VRAM 1.2GB
[03:48:37 INFO] Ep 1/10 step 1300/3696 | loss 3.2755 | acc@1 15.8% acc@3 31.0% | 5.75 steps/s | ETA 1.7h | VRAM 1.2GB
[03:48:46 INFO] Ep 1/10 step 1350/3696 | loss 3.2675 | acc@1 15.8% acc@3 31.3% | 5.76 steps/s | ETA 1.7h | VRAM 1.2GB
[03:48:55 INFO] Ep 1/10 step 1400/3696 | loss 3.2594 | acc@1 15.9% acc@3 31.5% | 5.76 steps/s | ETA 1.7h | VRAM 1.2GB
[03:49:03 INFO] Ep 1/10 step 1450/3696 | loss 3.2525 | acc@1 16.0% acc@3 31.8% | 5.76 steps/s | ETA 1.7h | VRAM 1.2GB
[03:49:12 INFO] Ep 1/10 step 1500/3696 | loss 3.2456 | acc@1 16.1% acc@3 32.0% | 5.76 steps/s | ETA 1.7h | VRAM 1.2GB
[03:49:21 INFO] Ep 1/10 step 1550/3696 | loss 3.2395 | acc@1 16.1% acc@3 32.1% | 5.76 steps/s | ETA 1.7h | VRAM 1.2GB
[03:49:29 INFO] Ep 1/10 step 1600/3696 | loss 3.2335 | acc@1 16.1% acc@3 32.3% | 5.77 steps/s | ETA 1.7h | VRAM 1.2GB
[03:49:37 INFO] Ep 1/10 step 1650/3696 | loss 3.2271 | acc@1 16.2% acc@3 32.5% | 5.77 steps/s | ETA 1.7h | VRAM 1.2GB
[03:49:46 INFO] Ep 1/10 step 1700/3696 | loss 3.2214 | acc@1 16.2% acc@3 32.7% | 5.77 steps/s | ETA 1.7h | VRAM 1.2GB
[03:49:55 INFO] Ep 1/10 step 1750/3696 | loss 3.2162 | acc@1 16.3% acc@3 32.8% | 5.77 steps/s | ETA 1.7h | VRAM 1.2GB
[03:50:03 INFO] Ep 1/10 step 1800/3696 | loss 3.2110 | acc@1 16.3% acc@3 32.9% | 5.77 steps/s | ETA 1.7h | VRAM 1.2GB
[03:50:12 INFO] Ep 1/10 step 1850/3696 | loss 3.2060 | acc@1 16.3% acc@3 33.1% | 5.77 steps/s | ETA 1.7h | VRAM 1.2GB
[03:50:21 INFO] Ep 1/10 step 1900/3696 | loss 3.2014 | acc@1 16.4% acc@3 33.2% | 5.77 steps/s | ETA 1.7h | VRAM 1.2GB
[03:50:29 INFO] Ep 1/10 step 1950/3696 | loss 3.1967 | acc@1 16.4% acc@3 33.3% | 5.77 steps/s | ETA 1.7h | VRAM 1.2GB
[03:50:38 INFO] Ep 1/10 step 2000/3696 | loss 3.1919 | acc@1 16.4% acc@3 33.5% | 5.77 steps/s | ETA 1.7h | VRAM 1.2GB
[03:50:47 INFO] Ep 1/10 step 2050/3696 | loss 3.1879 | acc@1 16.5% acc@3 33.6% | 5.77 steps/s | ETA 1.7h | VRAM 1.2GB
[03:50:55 INFO] Ep 1/10 step 2100/3696 | loss 3.1837 | acc@1 16.5% acc@3 33.7% | 5.77 steps/s | ETA 1.7h | VRAM 1.2GB
[03:51:04 INFO] Ep 1/10 step 2150/3696 | loss 3.1794 | acc@1 16.5% acc@3 33.8% | 5.77 steps/s | ETA 1.7h | VRAM 1.2GB
[03:51:12 INFO] Ep 1/10 step 2200/3696 | loss 3.1755 | acc@1 16.6% acc@3 33.9% | 5.77 steps/s | ETA 1.7h | VRAM 1.2GB
[03:51:21 INFO] Ep 1/10 step 2250/3696 | loss 3.1717 | acc@1 16.6% acc@3 34.0% | 5.78 steps/s | ETA 1.7h | VRAM 1.2GB
[03:51:30 INFO] Ep 1/10 step 2300/3696 | loss 3.1679 | acc@1 16.6% acc@3 34.1% | 5.78 steps/s | ETA 1.7h | VRAM 1.2GB
[03:51:38 INFO] Ep 1/10 step 2350/3696 | loss 3.1643 | acc@1 16.6% acc@3 34.1% | 5.78 steps/s | ETA 1.7h | VRAM 1.2GB
[03:51:47 INFO] Ep 1/10 step 2400/3696 | loss 3.1609 | acc@1 16.6% acc@3 34.2% | 5.78 steps/s | ETA 1.7h | VRAM 1.2GB
[03:51:56 INFO] Ep 1/10 step 2450/3696 | loss 3.1573 | acc@1 16.6% acc@3 34.4% | 5.78 steps/s | ETA 1.7h | VRAM 1.2GB
[03:52:04 INFO] Ep 1/10 step 2500/3696 | loss 3.1544 | acc@1 16.7% acc@3 34.4% | 5.78 steps/s | ETA 1.7h | VRAM 1.2GB
[03:52:13 INFO] Ep 1/10 step 2550/3696 | loss 3.1513 | acc@1 16.7% acc@3 34.5% | 5.78 steps/s | ETA 1.7h | VRAM 1.2GB
[03:52:21 INFO] Ep 1/10 step 2600/3696 | loss 3.1482 | acc@1 16.7% acc@3 34.6% | 5.78 steps/s | ETA 1.7h | VRAM 1.2GB
[03:52:30 INFO] Ep 1/10 step 2650/3696 | loss 3.1450 | acc@1 16.7% acc@3 34.6% | 5.78 steps/s | ETA 1.6h | VRAM 1.2GB
[03:52:39 INFO] Ep 1/10 step 2700/3696 | loss 3.1422 | acc@1 16.7% acc@3 34.7% | 5.78 steps/s | ETA 1.6h | VRAM 1.2GB
[03:52:47 INFO] Ep 1/10 step 2750/3696 | loss 3.1394 | acc@1 16.7% acc@3 34.8% | 5.78 steps/s | ETA 1.6h | VRAM 1.2GB
[03:52:56 INFO] Ep 1/10 step 2800/3696 | loss 3.1368 | acc@1 16.7% acc@3 34.8% | 5.78 steps/s | ETA 1.6h | VRAM 1.2GB
[03:53:05 INFO] Ep 1/10 step 2850/3696 | loss 3.1341 | acc@1 16.7% acc@3 34.9% | 5.78 steps/s | ETA 1.6h | VRAM 1.2GB
[03:53:13 INFO] Ep 1/10 step 2900/3696 | loss 3.1312 | acc@1 16.8% acc@3 35.0% | 5.78 steps/s | ETA 1.6h | VRAM 1.2GB
[03:53:22 INFO] Ep 1/10 step 2950/3696 | loss 3.1284 | acc@1 16.8% acc@3 35.0% | 5.78 steps/s | ETA 1.6h | VRAM 1.2GB
[03:53:30 INFO] Ep 1/10 step 3000/3696 | loss 3.1257 | acc@1 16.8% acc@3 35.1% | 5.78 steps/s | ETA 1.6h | VRAM 1.2GB
[03:53:39 INFO] Ep 1/10 step 3050/3696 | loss 3.1230 | acc@1 16.8% acc@3 35.2% | 5.78 steps/s | ETA 1.6h | VRAM 1.2GB
[03:53:48 INFO] Ep 1/10 step 3100/3696 | loss 3.1205 | acc@1 16.8% acc@3 35.2% | 5.78 steps/s | ETA 1.6h | VRAM 1.2GB
[03:53:56 INFO] Ep 1/10 step 3150/3696 | loss 3.1178 | acc@1 16.8% acc@3 35.3% | 5.78 steps/s | ETA 1.6h | VRAM 1.2GB
[03:54:05 INFO] Ep 1/10 step 3200/3696 | loss 3.1154 | acc@1 16.8% acc@3 35.4% | 5.78 steps/s | ETA 1.6h | VRAM 1.2GB
[03:54:14 INFO] Ep 1/10 step 3250/3696 | loss 3.1131 | acc@1 16.8% acc@3 35.4% | 5.78 steps/s | ETA 1.6h | VRAM 1.2GB
[03:54:22 INFO] Ep 1/10 step 3300/3696 | loss 3.1106 | acc@1 16.8% acc@3 35.5% | 5.78 steps/s | ETA 1.6h | VRAM 1.2GB
[03:54:31 INFO] Ep 1/10 step 3350/3696 | loss 3.1085 | acc@1 16.8% acc@3 35.5% | 5.78 steps/s | ETA 1.6h | VRAM 1.2GB
[03:54:40 INFO] Ep 1/10 step 3400/3696 | loss 3.1063 | acc@1 16.9% acc@3 35.6% | 5.78 steps/s | ETA 1.6h | VRAM 1.2GB
[03:54:48 INFO] Ep 1/10 step 3450/3696 | loss 3.1040 | acc@1 16.9% acc@3 35.6% | 5.78 steps/s | ETA 1.6h | VRAM 1.2GB
[03:54:57 INFO] Ep 1/10 step 3500/3696 | loss 3.1016 | acc@1 16.9% acc@3 35.7% | 5.78 steps/s | ETA 1.6h | VRAM 1.2GB
[03:55:06 INFO] Ep 1/10 step 3550/3696 | loss 3.0995 | acc@1 16.9% acc@3 35.7% | 5.78 steps/s | ETA 1.6h | VRAM 1.2GB
[03:55:14 INFO] Ep 1/10 step 3600/3696 | loss 3.0977 | acc@1 16.9% acc@3 35.8% | 5.78 steps/s | ETA 1.6h | VRAM 1.2GB
[03:55:23 INFO] Ep 1/10 step 3650/3696 | loss 3.0954 | acc@1 16.9% acc@3 35.8% | 5.78 steps/s | ETA 1.6h | VRAM 1.2GB
[03:56:01 INFO] === Ep 1/10 | valid acc@1 10.38% acc@3 20.19% | loss 3.8503 | time 11.2min ===
[03:56:03 INFO]   ✓ New best acc@1=10.38% — saved
[03:56:11 INFO] Ep 2/10 step 50/3696 | loss 2.9263 | acc@1 16.2% acc@3 38.1% | 5.80 steps/s | ETA 1.6h | VRAM 1.2GB
[03:56:20 INFO] Ep 2/10 step 100/3696 | loss 2.9257 | acc@1 16.9% acc@3 39.6% | 5.72 steps/s | ETA 1.6h | VRAM 1.2GB
[03:56:29 INFO] Ep 2/10 step 150/3696 | loss 2.9203 | acc@1 17.2% acc@3 39.8% | 5.74 steps/s | ETA 1.6h | VRAM 1.2GB
[03:56:37 INFO] Ep 2/10 step 200/3696 | loss 2.9283 | acc@1 17.1% acc@3 39.6% | 5.75 steps/s | ETA 1.6h | VRAM 1.2GB
[03:56:46 INFO] Ep 2/10 step 250/3696 | loss 2.9223 | acc@1 17.2% acc@3 39.8% | 5.76 steps/s | ETA 1.6h | VRAM 1.2GB
[03:56:55 INFO] Ep 2/10 step 300/3696 | loss 2.9198 | acc@1 17.2% acc@3 40.0% | 5.76 steps/s | ETA 1.6h | VRAM 1.2GB
[03:57:03 INFO] Ep 2/10 step 350/3696 | loss 2.9192 | acc@1 17.6% acc@3 40.3% | 5.76 steps/s | ETA 1.6h | VRAM 1.2GB
[03:57:12 INFO] Ep 2/10 step 400/3696 | loss 2.9209 | acc@1 17.7% acc@3 40.3% | 5.77 steps/s | ETA 1.6h | VRAM 1.2GB
[03:57:21 INFO] Ep 2/10 step 450/3696 | loss 2.9209 | acc@1 17.6% acc@3 40.1% | 5.77 steps/s | ETA 1.6h | VRAM 1.2GB
[03:57:29 INFO] Ep 2/10 step 500/3696 | loss 2.9228 | acc@1 17.5% acc@3 40.1% | 5.77 steps/s | ETA 1.6h | VRAM 1.2GB
[03:57:38 INFO] Ep 2/10 step 550/3696 | loss 2.9228 | acc@1 17.6% acc@3 40.2% | 5.77 steps/s | ETA 1.6h | VRAM 1.2GB
[03:57:46 INFO] Ep 2/10 step 600/3696 | loss 2.9208 | acc@1 17.6% acc@3 40.2% | 5.78 steps/s | ETA 1.6h | VRAM 1.2GB
[03:57:55 INFO] Ep 2/10 step 650/3696 | loss 2.9195 | acc@1 17.7% acc@3 40.4% | 5.78 steps/s | ETA 1.6h | VRAM 1.2GB
[03:58:04 INFO] Ep 2/10 step 700/3696 | loss 2.9205 | acc@1 17.7% acc@3 40.3% | 5.78 steps/s | ETA 1.6h | VRAM 1.2GB
[03:58:12 INFO] Ep 2/10 step 750/3696 | loss 2.9191 | acc@1 17.7% acc@3 40.2% | 5.78 steps/s | ETA 1.6h | VRAM 1.2GB
[03:58:21 INFO] Ep 2/10 step 800/3696 | loss 2.9185 | acc@1 17.7% acc@3 40.2% | 5.78 steps/s | ETA 1.6h | VRAM 1.2GB
[03:58:30 INFO] Ep 2/10 step 850/3696 | loss 2.9170 | acc@1 17.6% acc@3 40.2% | 5.78 steps/s | ETA 1.6h | VRAM 1.2GB
[03:58:38 INFO] Ep 2/10 step 900/3696 | loss 2.9151 | acc@1 17.8% acc@3 40.3% | 5.78 steps/s | ETA 1.6h | VRAM 1.2GB
[03:58:47 INFO] Ep 2/10 step 950/3696 | loss 2.9136 | acc@1 17.8% acc@3 40.3% | 5.78 steps/s | ETA 1.6h | VRAM 1.2GB
[03:58:56 INFO] Ep 2/10 step 1000/3696 | loss 2.9124 | acc@1 17.9% acc@3 40.4% | 5.78 steps/s | ETA 1.6h | VRAM 1.2GB
[03:59:04 INFO] Ep 2/10 step 1050/3696 | loss 2.9106 | acc@1 17.9% acc@3 40.4% | 5.78 steps/s | ETA 1.5h | VRAM 1.2GB
[03:59:13 INFO] Ep 2/10 step 1100/3696 | loss 2.9100 | acc@1 17.9% acc@3 40.4% | 5.78 steps/s | ETA 1.5h | VRAM 1.2GB
[03:59:22 INFO] Ep 2/10 step 1150/3696 | loss 2.9087 | acc@1 17.9% acc@3 40.4% | 5.78 steps/s | ETA 1.5h | VRAM 1.2GB
[03:59:30 INFO] Ep 2/10 step 1200/3696 | loss 2.9071 | acc@1 17.9% acc@3 40.4% | 5.78 steps/s | ETA 1.5h | VRAM 1.2GB
[03:59:39 INFO] Ep 2/10 step 1250/3696 | loss 2.9064 | acc@1 17.9% acc@3 40.3% | 5.78 steps/s | ETA 1.5h | VRAM 1.2GB
[03:59:48 INFO] Ep 2/10 step 1300/3696 | loss 2.9063 | acc@1 17.8% acc@3 40.3% | 5.78 steps/s | ETA 1.5h | VRAM 1.2GB
[03:59:56 INFO] Ep 2/10 step 1350/3696 | loss 2.9056 | acc@1 17.9% acc@3 40.3% | 5.78 steps/s | ETA 1.5h | VRAM 1.2GB
[04:00:05 INFO] Ep 2/10 step 1400/3696 | loss 2.9043 | acc@1 17.9% acc@3 40.5% | 5.78 steps/s | ETA 1.5h | VRAM 1.2GB
[04:00:13 INFO] Ep 2/10 step 1450/3696 | loss 2.9038 | acc@1 17.9% acc@3 40.4% | 5.78 steps/s | ETA 1.5h | VRAM 1.2GB
[04:00:22 INFO] Ep 2/10 step 1500/3696 | loss 2.9027 | acc@1 17.9% acc@3 40.4% | 5.78 steps/s | ETA 1.5h | VRAM 1.2GB
[04:00:31 INFO] Ep 2/10 step 1550/3696 | loss 2.9022 | acc@1 17.9% acc@3 40.4% | 5.78 steps/s | ETA 1.5h | VRAM 1.2GB
[04:00:39 INFO] Ep 2/10 step 1600/3696 | loss 2.9014 | acc@1 17.9% acc@3 40.4% | 5.78 steps/s | ETA 1.5h | VRAM 1.2GB
[04:00:48 INFO] Ep 2/10 step 1650/3696 | loss 2.9009 | acc@1 17.9% acc@3 40.4% | 5.78 steps/s | ETA 1.5h | VRAM 1.2GB
[04:00:57 INFO] Ep 2/10 step 1700/3696 | loss 2.9000 | acc@1 17.9% acc@3 40.4% | 5.78 steps/s | ETA 1.5h | VRAM 1.2GB
[04:01:05 INFO] Ep 2/10 step 1750/3696 | loss 2.8992 | acc@1 17.9% acc@3 40.5% | 5.78 steps/s | ETA 1.5h | VRAM 1.2GB
[04:01:14 INFO] Ep 2/10 step 1800/3696 | loss 2.8975 | acc@1 17.9% acc@3 40.5% | 5.78 steps/s | ETA 1.5h | VRAM 1.2GB
[04:01:23 INFO] Ep 2/10 step 1850/3696 | loss 2.8967 | acc@1 17.9% acc@3 40.5% | 5.78 steps/s | ETA 1.5h | VRAM 1.2GB
[04:01:31 INFO] Ep 2/10 step 1900/3696 | loss 2.8957 | acc@1 17.9% acc@3 40.5% | 5.78 steps/s | ETA 1.5h | VRAM 1.2GB
[04:01:40 INFO] Ep 2/10 step 1950/3696 | loss 2.8947 | acc@1 18.0% acc@3 40.6% | 5.78 steps/s | ETA 1.5h | VRAM 1.2GB
[04:01:49 INFO] Ep 2/10 step 2000/3696 | loss 2.8941 | acc@1 18.0% acc@3 40.6% | 5.78 steps/s | ETA 1.5h | VRAM 1.2GB
[04:01:57 INFO] Ep 2/10 step 2050/3696 | loss 2.8931 | acc@1 18.0% acc@3 40.6% | 5.78 steps/s | ETA 1.5h | VRAM 1.2GB
[04:02:06 INFO] Ep 2/10 step 2100/3696 | loss 2.8913 | acc@1 18.0% acc@3 40.7% | 5.78 steps/s | ETA 1.5h | VRAM 1.2GB
[04:02:14 INFO] Ep 2/10 step 2150/3696 | loss 2.8912 | acc@1 18.0% acc@3 40.6% | 5.78 steps/s | ETA 1.5h | VRAM 1.2GB
[04:02:23 INFO] Ep 2/10 step 2200/3696 | loss 2.8906 | acc@1 18.0% acc@3 40.7% | 5.78 steps/s | ETA 1.5h | VRAM 1.2GB
[04:02:32 INFO] Ep 2/10 step 2250/3696 | loss 2.8894 | acc@1 18.1% acc@3 40.7% | 5.78 steps/s | ETA 1.5h | VRAM 1.2GB
[04:02:40 INFO] Ep 2/10 step 2300/3696 | loss 2.8883 | acc@1 18.1% acc@3 40.7% | 5.78 steps/s | ETA 1.5h | VRAM 1.2GB
[04:02:49 INFO] Ep 2/10 step 2350/3696 | loss 2.8882 | acc@1 18.1% acc@3 40.6% | 5.78 steps/s | ETA 1.5h | VRAM 1.2GB
[04:02:58 INFO] Ep 2/10 step 2400/3696 | loss 2.8872 | acc@1 18.1% acc@3 40.7% | 5.78 steps/s | ETA 1.5h | VRAM 1.2GB
[04:03:06 INFO] Ep 2/10 step 2450/3696 | loss 2.8860 | acc@1 18.1% acc@3 40.7% | 5.78 steps/s | ETA 1.5h | VRAM 1.2GB
[04:03:15 INFO] Ep 2/10 step 2500/3696 | loss 2.8852 | acc@1 18.1% acc@3 40.7% | 5.78 steps/s | ETA 1.5h | VRAM 1.2GB
[04:03:23 INFO] Ep 2/10 step 2550/3696 | loss 2.8844 | acc@1 18.1% acc@3 40.7% | 5.78 steps/s | ETA 1.5h | VRAM 1.2GB
[04:03:32 INFO] Ep 2/10 step 2600/3696 | loss 2.8833 | acc@1 18.1% acc@3 40.8% | 5.78 steps/s | ETA 1.5h | VRAM 1.2GB
[04:03:41 INFO] Ep 2/10 step 2650/3696 | loss 2.8823 | acc@1 18.1% acc@3 40.8% | 5.78 steps/s | ETA 1.5h | VRAM 1.2GB
[04:03:49 INFO] Ep 2/10 step 2700/3696 | loss 2.8815 | acc@1 18.1% acc@3 40.8% | 5.78 steps/s | ETA 1.5h | VRAM 1.2GB
[04:03:58 INFO] Ep 2/10 step 2750/3696 | loss 2.8804 | acc@1 18.1% acc@3 40.8% | 5.78 steps/s | ETA 1.5h | VRAM 1.2GB
[04:04:07 INFO] Ep 2/10 step 2800/3696 | loss 2.8797 | acc@1 18.1% acc@3 40.8% | 5.78 steps/s | ETA 1.5h | VRAM 1.2GB
[04:04:15 INFO] Ep 2/10 step 2850/3696 | loss 2.8786 | acc@1 18.1% acc@3 40.9% | 5.78 steps/s | ETA 1.5h | VRAM 1.2GB
[04:04:24 INFO] Ep 2/10 step 2900/3696 | loss 2.8775 | acc@1 18.2% acc@3 40.9% | 5.78 steps/s | ETA 1.5h | VRAM 1.2GB
[04:04:33 INFO] Ep 2/10 step 2950/3696 | loss 2.8770 | acc@1 18.2% acc@3 40.8% | 5.78 steps/s | ETA 1.5h | VRAM 1.2GB
[04:04:41 INFO] Ep 2/10 step 3000/3696 | loss 2.8758 | acc@1 18.2% acc@3 40.9% | 5.78 steps/s | ETA 1.5h | VRAM 1.2GB
[04:04:50 INFO] Ep 2/10 step 3050/3696 | loss 2.8749 | acc@1 18.2% acc@3 40.9% | 5.78 steps/s | ETA 1.5h | VRAM 1.2GB
[04:04:58 INFO] Ep 2/10 step 3100/3696 | loss 2.8738 | acc@1 18.2% acc@3 40.9% | 5.79 steps/s | ETA 1.4h | VRAM 1.2GB
[04:05:07 INFO] Ep 2/10 step 3150/3696 | loss 2.8732 | acc@1 18.2% acc@3 40.9% | 5.78 steps/s | ETA 1.4h | VRAM 1.2GB
[04:05:16 INFO] Ep 2/10 step 3200/3696 | loss 2.8718 | acc@1 18.3% acc@3 40.9% | 5.79 steps/s | ETA 1.4h | VRAM 1.2GB
[04:05:24 INFO] Ep 2/10 step 3250/3696 | loss 2.8706 | acc@1 18.3% acc@3 40.9% | 5.79 steps/s | ETA 1.4h | VRAM 1.2GB
[04:05:33 INFO] Ep 2/10 step 3300/3696 | loss 2.8698 | acc@1 18.2% acc@3 41.0% | 5.79 steps/s | ETA 1.4h | VRAM 1.2GB
[04:05:42 INFO] Ep 2/10 step 3350/3696 | loss 2.8692 | acc@1 18.3% acc@3 41.0% | 5.79 steps/s | ETA 1.4h | VRAM 1.2GB
[04:05:50 INFO] Ep 2/10 step 3400/3696 | loss 2.8681 | acc@1 18.3% acc@3 41.0% | 5.79 steps/s | ETA 1.4h | VRAM 1.2GB
[04:05:59 INFO] Ep 2/10 step 3450/3696 | loss 2.8676 | acc@1 18.3% acc@3 41.0% | 5.79 steps/s | ETA 1.4h | VRAM 1.2GB
[04:06:07 INFO] Ep 2/10 step 3500/3696 | loss 2.8663 | acc@1 18.3% acc@3 41.0% | 5.79 steps/s | ETA 1.4h | VRAM 1.2GB
[04:06:16 INFO] Ep 2/10 step 3550/3696 | loss 2.8651 | acc@1 18.3% acc@3 41.0% | 5.79 steps/s | ETA 1.4h | VRAM 1.2GB
[04:06:24 INFO] Ep 2/10 step 3600/3696 | loss 2.8643 | acc@1 18.3% acc@3 41.1% | 5.79 steps/s | ETA 1.4h | VRAM 1.2GB
[04:06:32 INFO] Ep 2/10 step 3650/3696 | loss 2.8632 | acc@1 18.3% acc@3 41.1% | 5.80 steps/s | ETA 1.4h | VRAM 1.2GB
[04:07:09 INFO] === Ep 2/10 | valid acc@1 11.05% acc@3 21.95% | loss 3.7324 | time 11.1min ===
[04:07:10 INFO]   ✓ New best acc@1=11.05% — saved
[04:07:19 INFO] Ep 3/10 step 50/3696 | loss 2.7810 | acc@1 20.2% acc@3 44.4% | 5.91 steps/s | ETA 1.4h | VRAM 1.2GB
[04:07:27 INFO] Ep 3/10 step 100/3696 | loss 2.7776 | acc@1 20.3% acc@3 43.4% | 5.91 steps/s | ETA 1.4h | VRAM 1.2GB
[04:07:36 INFO] Ep 3/10 step 150/3696 | loss 2.7805 | acc@1 20.0% acc@3 43.2% | 5.89 steps/s | ETA 1.4h | VRAM 1.2GB
[04:07:44 INFO] Ep 3/10 step 200/3696 | loss 2.7862 | acc@1 19.5% acc@3 42.8% | 5.86 steps/s | ETA 1.4h | VRAM 1.2GB
[04:07:53 INFO] Ep 3/10 step 250/3696 | loss 2.7822 | acc@1 19.6% acc@3 43.0% | 5.89 steps/s | ETA 1.4h | VRAM 1.2GB
[04:08:01 INFO] Ep 3/10 step 300/3696 | loss 2.7826 | acc@1 19.7% acc@3 42.9% | 5.92 steps/s | ETA 1.4h | VRAM 1.2GB
[04:08:09 INFO] Ep 3/10 step 350/3696 | loss 2.7867 | acc@1 19.6% acc@3 42.7% | 5.94 steps/s | ETA 1.4h | VRAM 1.2GB
[04:08:17 INFO] Ep 3/10 step 400/3696 | loss 2.7847 | acc@1 19.6% acc@3 42.8% | 5.96 steps/s | ETA 1.4h | VRAM 1.2GB
[04:08:26 INFO] Ep 3/10 step 450/3696 | loss 2.7843 | acc@1 19.6% acc@3 42.8% | 5.96 steps/s | ETA 1.4h | VRAM 1.2GB
[04:08:34 INFO] Ep 3/10 step 500/3696 | loss 2.7801 | acc@1 19.6% acc@3 42.9% | 5.95 steps/s | ETA 1.4h | VRAM 1.2GB
[04:08:42 INFO] Ep 3/10 step 550/3696 | loss 2.7796 | acc@1 19.4% acc@3 42.8% | 5.96 steps/s | ETA 1.4h | VRAM 1.2GB
[04:08:51 INFO] Ep 3/10 step 600/3696 | loss 2.7812 | acc@1 19.4% acc@3 42.8% | 5.97 steps/s | ETA 1.3h | VRAM 1.2GB
[04:08:59 INFO] Ep 3/10 step 650/3696 | loss 2.7810 | acc@1 19.3% acc@3 42.8% | 5.95 steps/s | ETA 1.3h | VRAM 1.2GB
[04:09:08 INFO] Ep 3/10 step 700/3696 | loss 2.7807 | acc@1 19.3% acc@3 42.7% | 5.93 steps/s | ETA 1.4h | VRAM 1.2GB
[04:09:17 INFO] Ep 3/10 step 750/3696 | loss 2.7789 | acc@1 19.4% acc@3 42.8% | 5.92 steps/s | ETA 1.4h | VRAM 1.2GB
[04:09:25 INFO] Ep 3/10 step 800/3696 | loss 2.7786 | acc@1 19.3% acc@3 42.8% | 5.91 steps/s | ETA 1.4h | VRAM 1.2GB
[04:09:34 INFO] Ep 3/10 step 850/3696 | loss 2.7781 | acc@1 19.3% acc@3 42.7% | 5.91 steps/s | ETA 1.4h | VRAM 1.2GB
[04:09:43 INFO] Ep 3/10 step 900/3696 | loss 2.7759 | acc@1 19.3% acc@3 42.8% | 5.90 steps/s | ETA 1.4h | VRAM 1.2GB
[04:09:51 INFO] Ep 3/10 step 950/3696 | loss 2.7755 | acc@1 19.2% acc@3 42.8% | 5.89 steps/s | ETA 1.3h | VRAM 1.2GB
[04:10:00 INFO] Ep 3/10 step 1000/3696 | loss 2.7747 | acc@1 19.2% acc@3 42.7% | 5.89 steps/s | ETA 1.3h | VRAM 1.2GB
[04:10:09 INFO] Ep 3/10 step 1050/3696 | loss 2.7734 | acc@1 19.2% acc@3 42.7% | 5.88 steps/s | ETA 1.3h | VRAM 1.2GB
[04:10:17 INFO] Ep 3/10 step 1100/3696 | loss 2.7723 | acc@1 19.2% acc@3 42.8% | 5.88 steps/s | ETA 1.3h | VRAM 1.2GB
[04:10:26 INFO] Ep 3/10 step 1150/3696 | loss 2.7733 | acc@1 19.2% acc@3 42.8% | 5.88 steps/s | ETA 1.3h | VRAM 1.2GB
[04:10:34 INFO] Ep 3/10 step 1200/3696 | loss 2.7726 | acc@1 19.2% acc@3 42.7% | 5.87 steps/s | ETA 1.3h | VRAM 1.2GB
[04:10:43 INFO] Ep 3/10 step 1250/3696 | loss 2.7711 | acc@1 19.2% acc@3 42.8% | 5.87 steps/s | ETA 1.3h | VRAM 1.2GB
[04:10:52 INFO] Ep 3/10 step 1300/3696 | loss 2.7705 | acc@1 19.3% acc@3 42.8% | 5.87 steps/s | ETA 1.3h | VRAM 1.2GB
[04:11:00 INFO] Ep 3/10 step 1350/3696 | loss 2.7698 | acc@1 19.4% acc@3 42.9% | 5.86 steps/s | ETA 1.3h | VRAM 1.2GB
[04:11:09 INFO] Ep 3/10 step 1400/3696 | loss 2.7684 | acc@1 19.4% acc@3 42.9% | 5.86 steps/s | ETA 1.3h | VRAM 1.2GB
[04:11:18 INFO] Ep 3/10 step 1450/3696 | loss 2.7683 | acc@1 19.3% acc@3 42.9% | 5.86 steps/s | ETA 1.3h | VRAM 1.2GB
[04:11:26 INFO] Ep 3/10 step 1500/3696 | loss 2.7676 | acc@1 19.3% acc@3 42.9% | 5.86 steps/s | ETA 1.3h | VRAM 1.2GB
[04:11:35 INFO] Ep 3/10 step 1550/3696 | loss 2.7661 | acc@1 19.3% acc@3 42.9% | 5.85 steps/s | ETA 1.3h | VRAM 1.2GB
[04:11:44 INFO] Ep 3/10 step 1600/3696 | loss 2.7656 | acc@1 19.3% acc@3 42.9% | 5.85 steps/s | ETA 1.3h | VRAM 1.2GB
[04:11:52 INFO] Ep 3/10 step 1650/3696 | loss 2.7652 | acc@1 19.2% acc@3 42.8% | 5.85 steps/s | ETA 1.3h | VRAM 1.2GB
[04:12:01 INFO] Ep 3/10 step 1700/3696 | loss 2.7642 | acc@1 19.3% acc@3 42.8% | 5.85 steps/s | ETA 1.3h | VRAM 1.2GB
[04:12:10 INFO] Ep 3/10 step 1750/3696 | loss 2.7620 | acc@1 19.2% acc@3 42.9% | 5.85 steps/s | ETA 1.3h | VRAM 1.2GB
[04:12:18 INFO] Ep 3/10 step 1800/3696 | loss 2.7612 | acc@1 19.2% acc@3 42.9% | 5.84 steps/s | ETA 1.3h | VRAM 1.2GB
[04:12:27 INFO] Ep 3/10 step 1850/3696 | loss 2.7599 | acc@1 19.2% acc@3 42.9% | 5.84 steps/s | ETA 1.3h | VRAM 1.2GB
[04:12:35 INFO] Ep 3/10 step 1900/3696 | loss 2.7598 | acc@1 19.3% acc@3 42.9% | 5.84 steps/s | ETA 1.3h | VRAM 1.2GB
[04:12:44 INFO] Ep 3/10 step 1950/3696 | loss 2.7588 | acc@1 19.2% acc@3 42.8% | 5.84 steps/s | ETA 1.3h | VRAM 1.2GB
[04:12:53 INFO] Ep 3/10 step 2000/3696 | loss 2.7583 | acc@1 19.3% acc@3 42.9% | 5.84 steps/s | ETA 1.3h | VRAM 1.2GB
[04:13:01 INFO] Ep 3/10 step 2050/3696 | loss 2.7577 | acc@1 19.3% acc@3 42.9% | 5.84 steps/s | ETA 1.3h | VRAM 1.2GB
[04:13:10 INFO] Ep 3/10 step 2100/3696 | loss 2.7566 | acc@1 19.3% acc@3 42.9% | 5.84 steps/s | ETA 1.3h | VRAM 1.2GB
[04:13:19 INFO] Ep 3/10 step 2150/3696 | loss 2.7558 | acc@1 19.3% acc@3 42.9% | 5.83 steps/s | ETA 1.3h | VRAM 1.2GB
[04:13:27 INFO] Ep 3/10 step 2200/3696 | loss 2.7551 | acc@1 19.4% acc@3 42.9% | 5.83 steps/s | ETA 1.3h | VRAM 1.2GB
[04:13:36 INFO] Ep 3/10 step 2250/3696 | loss 2.7539 | acc@1 19.4% acc@3 43.0% | 5.83 steps/s | ETA 1.3h | VRAM 1.2GB
[04:13:45 INFO] Ep 3/10 step 2300/3696 | loss 2.7529 | acc@1 19.4% acc@3 42.9% | 5.83 steps/s | ETA 1.3h | VRAM 1.2GB
[04:13:53 INFO] Ep 3/10 step 2350/3696 | loss 2.7514 | acc@1 19.4% acc@3 43.0% | 5.83 steps/s | ETA 1.3h | VRAM 1.2GB
[04:14:02 INFO] Ep 3/10 step 2400/3696 | loss 2.7508 | acc@1 19.4% acc@3 43.0% | 5.83 steps/s | ETA 1.3h | VRAM 1.2GB
[04:14:10 INFO] Ep 3/10 step 2450/3696 | loss 2.7501 | acc@1 19.4% acc@3 43.0% | 5.83 steps/s | ETA 1.3h | VRAM 1.2GB
[04:14:19 INFO] Ep 3/10 step 2500/3696 | loss 2.7494 | acc@1 19.4% acc@3 43.0% | 5.83 steps/s | ETA 1.3h | VRAM 1.2GB
[04:14:28 INFO] Ep 3/10 step 2550/3696 | loss 2.7482 | acc@1 19.4% acc@3 43.0% | 5.83 steps/s | ETA 1.3h | VRAM 1.2GB
[04:14:36 INFO] Ep 3/10 step 2600/3696 | loss 2.7474 | acc@1 19.4% acc@3 43.1% | 5.83 steps/s | ETA 1.3h | VRAM 1.2GB
[04:14:44 INFO] Ep 3/10 step 2650/3696 | loss 2.7469 | acc@1 19.4% acc@3 43.1% | 5.84 steps/s | ETA 1.3h | VRAM 1.2GB
[04:14:53 INFO] Ep 3/10 step 2700/3696 | loss 2.7460 | acc@1 19.4% acc@3 43.1% | 5.83 steps/s | ETA 1.3h | VRAM 1.2GB
[04:15:02 INFO] Ep 3/10 step 2750/3696 | loss 2.7450 | acc@1 19.4% acc@3 43.1% | 5.83 steps/s | ETA 1.3h | VRAM 1.2GB
[04:15:10 INFO] Ep 3/10 step 2800/3696 | loss 2.7445 | acc@1 19.4% acc@3 43.1% | 5.83 steps/s | ETA 1.3h | VRAM 1.2GB
[04:15:19 INFO] Ep 3/10 step 2850/3696 | loss 2.7441 | acc@1 19.4% acc@3 43.1% | 5.83 steps/s | ETA 1.3h | VRAM 1.2GB
[04:15:27 INFO] Ep 3/10 step 2900/3696 | loss 2.7431 | acc@1 19.4% acc@3 43.1% | 5.83 steps/s | ETA 1.3h | VRAM 1.2GB
[04:15:36 INFO] Ep 3/10 step 2950/3696 | loss 2.7426 | acc@1 19.4% acc@3 43.2% | 5.83 steps/s | ETA 1.3h | VRAM 1.2GB
[04:15:45 INFO] Ep 3/10 step 3000/3696 | loss 2.7417 | acc@1 19.5% acc@3 43.2% | 5.83 steps/s | ETA 1.3h | VRAM 1.2GB
[04:15:53 INFO] Ep 3/10 step 3050/3696 | loss 2.7409 | acc@1 19.5% acc@3 43.2% | 5.83 steps/s | ETA 1.3h | VRAM 1.2GB
[04:16:02 INFO] Ep 3/10 step 3100/3696 | loss 2.7401 | acc@1 19.5% acc@3 43.2% | 5.83 steps/s | ETA 1.3h | VRAM 1.2GB
[04:16:11 INFO] Ep 3/10 step 3150/3696 | loss 2.7390 | acc@1 19.5% acc@3 43.3% | 5.83 steps/s | ETA 1.3h | VRAM 1.2GB
[04:16:19 INFO] Ep 3/10 step 3200/3696 | loss 2.7378 | acc@1 19.6% acc@3 43.3% | 5.83 steps/s | ETA 1.3h | VRAM 1.2GB
[04:16:28 INFO] Ep 3/10 step 3250/3696 | loss 2.7372 | acc@1 19.6% acc@3 43.4% | 5.83 steps/s | ETA 1.3h | VRAM 1.2GB
[04:16:36 INFO] Ep 3/10 step 3300/3696 | loss 2.7368 | acc@1 19.6% acc@3 43.4% | 5.83 steps/s | ETA 1.3h | VRAM 1.2GB
[04:16:45 INFO] Ep 3/10 step 3350/3696 | loss 2.7353 | acc@1 19.6% acc@3 43.4% | 5.83 steps/s | ETA 1.2h | VRAM 1.2GB
[04:16:54 INFO] Ep 3/10 step 3400/3696 | loss 2.7350 | acc@1 19.6% acc@3 43.4% | 5.83 steps/s | ETA 1.2h | VRAM 1.2GB
[04:17:02 INFO] Ep 3/10 step 3450/3696 | loss 2.7347 | acc@1 19.7% acc@3 43.5% | 5.83 steps/s | ETA 1.2h | VRAM 1.2GB
[04:17:11 INFO] Ep 3/10 step 3500/3696 | loss 2.7342 | acc@1 19.7% acc@3 43.5% | 5.83 steps/s | ETA 1.2h | VRAM 1.2GB
[04:17:20 INFO] Ep 3/10 step 3550/3696 | loss 2.7336 | acc@1 19.7% acc@3 43.5% | 5.83 steps/s | ETA 1.2h | VRAM 1.2GB
[04:17:28 INFO] Ep 3/10 step 3600/3696 | loss 2.7330 | acc@1 19.7% acc@3 43.5% | 5.82 steps/s | ETA 1.2h | VRAM 1.2GB
[04:17:37 INFO] Ep 3/10 step 3650/3696 | loss 2.7322 | acc@1 19.7% acc@3 43.5% | 5.82 steps/s | ETA 1.2h | VRAM 1.2GB
[04:18:15 INFO] === Ep 3/10 | valid acc@1 11.58% acc@3 22.96% | loss 3.6461 | time 11.1min ===
[04:18:16 INFO]   ✓ New best acc@1=11.58% — saved
[04:18:25 INFO] Ep 4/10 step 50/3696 | loss 2.6756 | acc@1 20.6% acc@3 45.9% | 5.80 steps/s | ETA 1.2h | VRAM 1.2GB
[04:18:34 INFO] Ep 4/10 step 100/3696 | loss 2.6684 | acc@1 21.3% acc@3 47.4% | 5.80 steps/s | ETA 1.2h | VRAM 1.2GB
[04:18:42 INFO] Ep 4/10 step 150/3696 | loss 2.6676 | acc@1 21.3% acc@3 47.4% | 5.80 steps/s | ETA 1.2h | VRAM 1.2GB
[04:18:51 INFO] Ep 4/10 step 200/3696 | loss 2.6718 | acc@1 21.6% acc@3 46.9% | 5.80 steps/s | ETA 1.2h | VRAM 1.2GB
[04:18:59 INFO] Ep 4/10 step 250/3696 | loss 2.6626 | acc@1 22.0% acc@3 47.7% | 5.80 steps/s | ETA 1.2h | VRAM 1.2GB
[04:19:08 INFO] Ep 4/10 step 300/3696 | loss 2.6592 | acc@1 22.1% acc@3 47.8% | 5.80 steps/s | ETA 1.2h | VRAM 1.2GB
[04:19:17 INFO] Ep 4/10 step 350/3696 | loss 2.6567 | acc@1 22.2% acc@3 47.8% | 5.80 steps/s | ETA 1.2h | VRAM 1.2GB
[04:19:25 INFO] Ep 4/10 step 400/3696 | loss 2.6516 | acc@1 22.4% acc@3 48.2% | 5.79 steps/s | ETA 1.2h | VRAM 1.2GB
[04:19:34 INFO] Ep 4/10 step 450/3696 | loss 2.6500 | acc@1 22.5% acc@3 48.2% | 5.79 steps/s | ETA 1.2h | VRAM 1.2GB
[04:19:43 INFO] Ep 4/10 step 500/3696 | loss 2.6438 | acc@1 22.6% acc@3 48.5% | 5.79 steps/s | ETA 1.2h | VRAM 1.2GB
[04:19:51 INFO] Ep 4/10 step 550/3696 | loss 2.6423 | acc@1 22.7% acc@3 48.6% | 5.79 steps/s | ETA 1.2h | VRAM 1.2GB
[04:20:00 INFO] Ep 4/10 step 600/3696 | loss 2.6404 | acc@1 22.7% acc@3 48.6% | 5.79 steps/s | ETA 1.2h | VRAM 1.2GB
[04:20:09 INFO] Ep 4/10 step 650/3696 | loss 2.6394 | acc@1 22.7% acc@3 48.6% | 5.79 steps/s | ETA 1.2h | VRAM 1.2GB
[04:20:17 INFO] Ep 4/10 step 700/3696 | loss 2.6375 | acc@1 22.8% acc@3 48.6% | 5.79 steps/s | ETA 1.2h | VRAM 1.2GB
[04:20:26 INFO] Ep 4/10 step 750/3696 | loss 2.6373 | acc@1 22.8% acc@3 48.5% | 5.79 steps/s | ETA 1.2h | VRAM 1.2GB
[04:20:34 INFO] Ep 4/10 step 800/3696 | loss 2.6364 | acc@1 22.7% acc@3 48.6% | 5.79 steps/s | ETA 1.2h | VRAM 1.2GB
[04:20:43 INFO] Ep 4/10 step 850/3696 | loss 2.6364 | acc@1 22.8% acc@3 48.6% | 5.79 steps/s | ETA 1.2h | VRAM 1.2GB
[04:20:52 INFO] Ep 4/10 step 900/3696 | loss 2.6342 | acc@1 22.9% acc@3 48.6% | 5.79 steps/s | ETA 1.2h | VRAM 1.2GB
[04:21:00 INFO] Ep 4/10 step 950/3696 | loss 2.6326 | acc@1 22.9% acc@3 48.6% | 5.79 steps/s | ETA 1.2h | VRAM 1.2GB
[04:21:09 INFO] Ep 4/10 step 1000/3696 | loss 2.6313 | acc@1 22.9% acc@3 48.7% | 5.79 steps/s | ETA 1.2h | VRAM 1.2GB
[04:21:18 INFO] Ep 4/10 step 1050/3696 | loss 2.6297 | acc@1 22.9% acc@3 48.6% | 5.79 steps/s | ETA 1.2h | VRAM 1.2GB
[04:21:26 INFO] Ep 4/10 step 1100/3696 | loss 2.6291 | acc@1 22.9% acc@3 48.6% | 5.79 steps/s | ETA 1.2h | VRAM 1.2GB
[04:21:35 INFO] Ep 4/10 step 1150/3696 | loss 2.6284 | acc@1 22.9% acc@3 48.6% | 5.79 steps/s | ETA 1.2h | VRAM 1.2GB
[04:21:44 INFO] Ep 4/10 step 1200/3696 | loss 2.6290 | acc@1 22.8% acc@3 48.5% | 5.79 steps/s | ETA 1.2h | VRAM 1.2GB
[04:21:52 INFO] Ep 4/10 step 1250/3696 | loss 2.6291 | acc@1 22.8% acc@3 48.5% | 5.79 steps/s | ETA 1.2h | VRAM 1.2GB
[04:22:01 INFO] Ep 4/10 step 1300/3696 | loss 2.6293 | acc@1 22.8% acc@3 48.5% | 5.79 steps/s | ETA 1.2h | VRAM 1.2GB
[04:22:09 INFO] Ep 4/10 step 1350/3696 | loss 2.6279 | acc@1 22.8% acc@3 48.5% | 5.79 steps/s | ETA 1.2h | VRAM 1.2GB
[04:22:17 INFO] Ep 4/10 step 1400/3696 | loss 2.6276 | acc@1 22.8% acc@3 48.5% | 5.81 steps/s | ETA 1.2h | VRAM 1.2GB
[04:22:25 INFO] Ep 4/10 step 1450/3696 | loss 2.6260 | acc@1 22.8% acc@3 48.4% | 5.83 steps/s | ETA 1.2h | VRAM 1.2GB
[04:22:33 INFO] Ep 4/10 step 1500/3696 | loss 2.6249 | acc@1 22.8% acc@3 48.4% | 5.84 steps/s | ETA 1.2h | VRAM 1.2GB
[04:22:41 INFO] Ep 4/10 step 1550/3696 | loss 2.6240 | acc@1 22.8% acc@3 48.5% | 5.85 steps/s | ETA 1.2h | VRAM 1.2GB
[04:22:49 INFO] Ep 4/10 step 1600/3696 | loss 2.6239 | acc@1 22.8% acc@3 48.5% | 5.86 steps/s | ETA 1.2h | VRAM 1.2GB
[04:22:57 INFO] Ep 4/10 step 1650/3696 | loss 2.6238 | acc@1 22.8% acc@3 48.4% | 5.88 steps/s | ETA 1.1h | VRAM 1.2GB
[04:23:05 INFO] Ep 4/10 step 1700/3696 | loss 2.6222 | acc@1 22.8% acc@3 48.5% | 5.89 steps/s | ETA 1.1h | VRAM 1.2GB
[04:23:12 INFO] Ep 4/10 step 1750/3696 | loss 2.6213 | acc@1 22.8% acc@3 48.5% | 5.91 steps/s | ETA 1.1h | VRAM 1.2GB
[04:23:20 INFO] Ep 4/10 step 1800/3696 | loss 2.6208 | acc@1 22.8% acc@3 48.5% | 5.93 steps/s | ETA 1.1h | VRAM 1.2GB
[04:23:28 INFO] Ep 4/10 step 1850/3696 | loss 2.6192 | acc@1 22.8% acc@3 48.6% | 5.94 steps/s | ETA 1.1h | VRAM 1.2GB
[04:23:35 INFO] Ep 4/10 step 1900/3696 | loss 2.6182 | acc@1 22.9% acc@3 48.6% | 5.96 steps/s | ETA 1.1h | VRAM 1.2GB
[04:23:43 INFO] Ep 4/10 step 1950/3696 | loss 2.6173 | acc@1 22.9% acc@3 48.6% | 5.97 steps/s | ETA 1.1h | VRAM 1.2GB
[04:23:51 INFO] Ep 4/10 step 2000/3696 | loss 2.6175 | acc@1 22.9% acc@3 48.6% | 5.98 steps/s | ETA 1.1h | VRAM 1.2GB
[04:23:58 INFO] Ep 4/10 step 2050/3696 | loss 2.6174 | acc@1 22.9% acc@3 48.6% | 5.99 steps/s | ETA 1.1h | VRAM 1.2GB
[04:24:06 INFO] Ep 4/10 step 2100/3696 | loss 2.6171 | acc@1 22.9% acc@3 48.6% | 6.01 steps/s | ETA 1.1h | VRAM 1.2GB
[04:24:14 INFO] Ep 4/10 step 2150/3696 | loss 2.6168 | acc@1 22.9% acc@3 48.5% | 6.02 steps/s | ETA 1.1h | VRAM 1.2GB
[04:24:21 INFO] Ep 4/10 step 2200/3696 | loss 2.6164 | acc@1 22.9% acc@3 48.5% | 6.03 steps/s | ETA 1.1h | VRAM 1.2GB
[04:24:29 INFO] Ep 4/10 step 2250/3696 | loss 2.6155 | acc@1 22.9% acc@3 48.6% | 6.04 steps/s | ETA 1.1h | VRAM 1.2GB
[04:24:37 INFO] Ep 4/10 step 2300/3696 | loss 2.6148 | acc@1 22.8% acc@3 48.6% | 6.05 steps/s | ETA 1.1h | VRAM 1.2GB
[04:24:45 INFO] Ep 4/10 step 2350/3696 | loss 2.6135 | acc@1 22.9% acc@3 48.6% | 6.05 steps/s | ETA 1.1h | VRAM 1.2GB
[04:24:53 INFO] Ep 4/10 step 2400/3696 | loss 2.6129 | acc@1 22.9% acc@3 48.6% | 6.05 steps/s | ETA 1.1h | VRAM 1.2GB
[04:25:02 INFO] Ep 4/10 step 2450/3696 | loss 2.6126 | acc@1 22.8% acc@3 48.6% | 6.04 steps/s | ETA 1.1h | VRAM 1.2GB
[04:25:10 INFO] Ep 4/10 step 2500/3696 | loss 2.6113 | acc@1 22.8% acc@3 48.7% | 6.05 steps/s | ETA 1.1h | VRAM 1.2GB
[04:25:17 INFO] Ep 4/10 step 2550/3696 | loss 2.6094 | acc@1 22.9% acc@3 48.7% | 6.06 steps/s | ETA 1.1h | VRAM 1.2GB
[04:25:25 INFO] Ep 4/10 step 2600/3696 | loss 2.6092 | acc@1 22.9% acc@3 48.7% | 6.06 steps/s | ETA 1.1h | VRAM 1.2GB
[04:25:33 INFO] Ep 4/10 step 2650/3696 | loss 2.6082 | acc@1 22.9% acc@3 48.8% | 6.07 steps/s | ETA 1.1h | VRAM 1.2GB
[04:25:41 INFO] Ep 4/10 step 2700/3696 | loss 2.6071 | acc@1 22.9% acc@3 48.8% | 6.07 steps/s | ETA 1.1h | VRAM 1.2GB
[04:25:49 INFO] Ep 4/10 step 2750/3696 | loss 2.6054 | acc@1 23.0% acc@3 48.9% | 6.08 steps/s | ETA 1.1h | VRAM 1.2GB
[04:25:57 INFO] Ep 4/10 step 2800/3696 | loss 2.6045 | acc@1 23.0% acc@3 48.9% | 6.08 steps/s | ETA 1.1h | VRAM 1.2GB
[04:26:04 INFO] Ep 4/10 step 2850/3696 | loss 2.6039 | acc@1 22.9% acc@3 48.9% | 6.09 steps/s | ETA 1.0h | VRAM 1.2GB
[04:26:12 INFO] Ep 4/10 step 2900/3696 | loss 2.6029 | acc@1 23.0% acc@3 48.9% | 6.10 steps/s | ETA 1.0h | VRAM 1.2GB
[04:26:20 INFO] Ep 4/10 step 2950/3696 | loss 2.6021 | acc@1 23.0% acc@3 48.9% | 6.10 steps/s | ETA 1.0h | VRAM 1.2GB
[04:26:27 INFO] Ep 4/10 step 3000/3696 | loss 2.6015 | acc@1 23.0% acc@3 49.0% | 6.11 steps/s | ETA 1.0h | VRAM 1.2GB
[04:26:35 INFO] Ep 4/10 step 3050/3696 | loss 2.6011 | acc@1 23.0% acc@3 49.0% | 6.12 steps/s | ETA 1.0h | VRAM 1.2GB
[04:26:43 INFO] Ep 4/10 step 3100/3696 | loss 2.6004 | acc@1 23.0% acc@3 49.0% | 6.12 steps/s | ETA 1.0h | VRAM 1.2GB
[04:26:50 INFO] Ep 4/10 step 3150/3696 | loss 2.6003 | acc@1 23.0% acc@3 48.9% | 6.13 steps/s | ETA 1.0h | VRAM 1.2GB
[04:26:58 INFO] Ep 4/10 step 3200/3696 | loss 2.5996 | acc@1 23.0% acc@3 49.0% | 6.13 steps/s | ETA 1.0h | VRAM 1.2GB
[04:27:06 INFO] Ep 4/10 step 3250/3696 | loss 2.5991 | acc@1 23.0% acc@3 48.9% | 6.14 steps/s | ETA 1.0h | VRAM 1.2GB
[04:27:13 INFO] Ep 4/10 step 3300/3696 | loss 2.5979 | acc@1 23.0% acc@3 49.0% | 6.14 steps/s | ETA 1.0h | VRAM 1.2GB
[04:27:21 INFO] Ep 4/10 step 3350/3696 | loss 2.5976 | acc@1 23.0% acc@3 49.0% | 6.15 steps/s | ETA 1.0h | VRAM 1.2GB
[04:27:29 INFO] Ep 4/10 step 3400/3696 | loss 2.5969 | acc@1 23.0% acc@3 49.0% | 6.16 steps/s | ETA 1.0h | VRAM 1.2GB
[04:27:36 INFO] Ep 4/10 step 3450/3696 | loss 2.5962 | acc@1 23.0% acc@3 49.0% | 6.16 steps/s | ETA 1.0h | VRAM 1.2GB
[04:27:44 INFO] Ep 4/10 step 3500/3696 | loss 2.5955 | acc@1 23.1% acc@3 49.0% | 6.17 steps/s | ETA 1.0h | VRAM 1.2GB
[04:27:52 INFO] Ep 4/10 step 3550/3696 | loss 2.5943 | acc@1 23.1% acc@3 49.0% | 6.17 steps/s | ETA 1.0h | VRAM 1.2GB
[04:27:59 INFO] Ep 4/10 step 3600/3696 | loss 2.5937 | acc@1 23.1% acc@3 49.0% | 6.17 steps/s | ETA 1.0h | VRAM 1.2GB
[04:28:07 INFO] Ep 4/10 step 3650/3696 | loss 2.5928 | acc@1 23.1% acc@3 49.1% | 6.18 steps/s | ETA 1.0h | VRAM 1.2GB
[04:28:42 INFO] === Ep 4/10 | valid acc@1 12.66% acc@3 24.90% | loss 3.5741 | time 10.4min ===
[04:28:43 INFO]   ✓ New best acc@1=12.66% — saved
[04:28:51 INFO] Ep 5/10 step 50/3696 | loss 2.5179 | acc@1 25.8% acc@3 50.7% | 6.53 steps/s | ETA 0.9h | VRAM 1.2GB
[04:28:59 INFO] Ep 5/10 step 100/3696 | loss 2.5214 | acc@1 25.5% acc@3 50.0% | 6.52 steps/s | ETA 0.9h | VRAM 1.2GB
[04:29:06 INFO] Ep 5/10 step 150/3696 | loss 2.5179 | acc@1 25.4% acc@3 50.6% | 6.52 steps/s | ETA 0.9h | VRAM 1.2GB
[04:29:14 INFO] Ep 5/10 step 200/3696 | loss 2.5180 | acc@1 25.2% acc@3 50.3% | 6.52 steps/s | ETA 0.9h | VRAM 1.2GB
[04:29:22 INFO] Ep 5/10 step 250/3696 | loss 2.5200 | acc@1 25.1% acc@3 50.6% | 6.52 steps/s | ETA 0.9h | VRAM 1.2GB
[04:29:30 INFO] Ep 5/10 step 300/3696 | loss 2.5229 | acc@1 24.9% acc@3 50.6% | 6.45 steps/s | ETA 0.9h | VRAM 1.2GB
[04:29:38 INFO] Ep 5/10 step 350/3696 | loss 2.5251 | acc@1 24.8% acc@3 50.4% | 6.37 steps/s | ETA 1.0h | VRAM 1.2GB
[04:29:47 INFO] Ep 5/10 step 400/3696 | loss 2.5263 | acc@1 24.8% acc@3 50.2% | 6.32 steps/s | ETA 1.0h | VRAM 1.2GB
[04:29:55 INFO] Ep 5/10 step 450/3696 | loss 2.5246 | acc@1 24.8% acc@3 50.3% | 6.31 steps/s | ETA 1.0h | VRAM 1.2GB
[04:30:02 INFO] Ep 5/10 step 500/3696 | loss 2.5213 | acc@1 24.6% acc@3 50.4% | 6.32 steps/s | ETA 1.0h | VRAM 1.2GB
[04:30:10 INFO] Ep 5/10 step 550/3696 | loss 2.5263 | acc@1 24.5% acc@3 50.1% | 6.32 steps/s | ETA 1.0h | VRAM 1.2GB
[04:30:18 INFO] Ep 5/10 step 600/3696 | loss 2.5257 | acc@1 24.5% acc@3 50.1% | 6.32 steps/s | ETA 0.9h | VRAM 1.2GB
[04:30:27 INFO] Ep 5/10 step 650/3696 | loss 2.5224 | acc@1 24.5% acc@3 50.2% | 6.30 steps/s | ETA 0.9h | VRAM 1.2GB
[04:30:35 INFO] Ep 5/10 step 700/3696 | loss 2.5225 | acc@1 24.4% acc@3 50.1% | 6.27 steps/s | ETA 1.0h | VRAM 1.2GB
[04:30:44 INFO] Ep 5/10 step 750/3696 | loss 2.5211 | acc@1 24.4% acc@3 50.2% | 6.23 steps/s | ETA 1.0h | VRAM 1.2GB
[04:30:52 INFO] Ep 5/10 step 800/3696 | loss 2.5214 | acc@1 24.3% acc@3 50.2% | 6.21 steps/s | ETA 1.0h | VRAM 1.2GB
[04:31:00 INFO] Ep 5/10 step 850/3696 | loss 2.5201 | acc@1 24.4% acc@3 50.3% | 6.21 steps/s | ETA 1.0h | VRAM 1.2GB
[04:31:08 INFO] Ep 5/10 step 900/3696 | loss 2.5176 | acc@1 24.6% acc@3 50.5% | 6.20 steps/s | ETA 1.0h | VRAM 1.2GB
[04:31:16 INFO] Ep 5/10 step 950/3696 | loss 2.5169 | acc@1 24.6% acc@3 50.5% | 6.20 steps/s | ETA 1.0h | VRAM 1.2GB
[04:31:25 INFO] Ep 5/10 step 1000/3696 | loss 2.5152 | acc@1 24.6% acc@3 50.6% | 6.18 steps/s | ETA 1.0h | VRAM 1.2GB
[04:31:33 INFO] Ep 5/10 step 1050/3696 | loss 2.5135 | acc@1 24.6% acc@3 50.7% | 6.17 steps/s | ETA 1.0h | VRAM 1.2GB
[04:31:42 INFO] Ep 5/10 step 1100/3696 | loss 2.5134 | acc@1 24.6% acc@3 50.7% | 6.15 steps/s | ETA 1.0h | VRAM 1.2GB
[04:31:51 INFO] Ep 5/10 step 1150/3696 | loss 2.5124 | acc@1 24.6% acc@3 50.7% | 6.14 steps/s | ETA 1.0h | VRAM 1.2GB
[04:31:59 INFO] Ep 5/10 step 1200/3696 | loss 2.5132 | acc@1 24.6% acc@3 50.7% | 6.12 steps/s | ETA 1.0h | VRAM 1.2GB
[04:32:08 INFO] Ep 5/10 step 1250/3696 | loss 2.5124 | acc@1 24.6% acc@3 50.6% | 6.11 steps/s | ETA 1.0h | VRAM 1.2GB
[04:32:16 INFO] Ep 5/10 step 1300/3696 | loss 2.5122 | acc@1 24.6% acc@3 50.7% | 6.10 steps/s | ETA 1.0h | VRAM 1.2GB
[04:32:25 INFO] Ep 5/10 step 1350/3696 | loss 2.5107 | acc@1 24.6% acc@3 50.8% | 6.09 steps/s | ETA 0.9h | VRAM 1.2GB
[04:32:33 INFO] Ep 5/10 step 1400/3696 | loss 2.5109 | acc@1 24.6% acc@3 50.7% | 6.08 steps/s | ETA 0.9h | VRAM 1.2GB
[04:32:42 INFO] Ep 5/10 step 1450/3696 | loss 2.5106 | acc@1 24.6% acc@3 50.8% | 6.08 steps/s | ETA 0.9h | VRAM 1.2GB
[04:32:50 INFO] Ep 5/10 step 1500/3696 | loss 2.5103 | acc@1 24.6% acc@3 50.7% | 6.07 steps/s | ETA 0.9h | VRAM 1.2GB
[04:32:59 INFO] Ep 5/10 step 1550/3696 | loss 2.5110 | acc@1 24.6% acc@3 50.7% | 6.06 steps/s | ETA 0.9h | VRAM 1.2GB
[04:33:08 INFO] Ep 5/10 step 1600/3696 | loss 2.5118 | acc@1 24.6% acc@3 50.7% | 6.06 steps/s | ETA 0.9h | VRAM 1.2GB
[04:33:16 INFO] Ep 5/10 step 1650/3696 | loss 2.5111 | acc@1 24.5% acc@3 50.7% | 6.05 steps/s | ETA 0.9h | VRAM 1.2GB
[04:33:25 INFO] Ep 5/10 step 1700/3696 | loss 2.5110 | acc@1 24.5% acc@3 50.7% | 6.04 steps/s | ETA 0.9h | VRAM 1.2GB
[04:33:33 INFO] Ep 5/10 step 1750/3696 | loss 2.5097 | acc@1 24.5% acc@3 50.7% | 6.04 steps/s | ETA 0.9h | VRAM 1.2GB
[04:33:42 INFO] Ep 5/10 step 1800/3696 | loss 2.5094 | acc@1 24.5% acc@3 50.7% | 6.03 steps/s | ETA 0.9h | VRAM 1.2GB
[04:33:50 INFO] Ep 5/10 step 1850/3696 | loss 2.5095 | acc@1 24.5% acc@3 50.6% | 6.03 steps/s | ETA 0.9h | VRAM 1.2GB
[04:33:58 INFO] Ep 5/10 step 1900/3696 | loss 2.5095 | acc@1 24.5% acc@3 50.6% | 6.03 steps/s | ETA 0.9h | VRAM 1.2GB
[04:34:06 INFO] Ep 5/10 step 1950/3696 | loss 2.5082 | acc@1 24.5% acc@3 50.6% | 6.04 steps/s | ETA 0.9h | VRAM 1.2GB
[04:34:13 INFO] Ep 5/10 step 2000/3696 | loss 2.5077 | acc@1 24.5% acc@3 50.7% | 6.06 steps/s | ETA 0.9h | VRAM 1.2GB
[04:34:21 INFO] Ep 5/10 step 2050/3696 | loss 2.5066 | acc@1 24.5% acc@3 50.7% | 6.07 steps/s | ETA 0.9h | VRAM 1.2GB
[04:34:29 INFO] Ep 5/10 step 2100/3696 | loss 2.5064 | acc@1 24.6% acc@3 50.7% | 6.08 steps/s | ETA 0.9h | VRAM 1.2GB
[04:34:36 INFO] Ep 5/10 step 2150/3696 | loss 2.5062 | acc@1 24.6% acc@3 50.7% | 6.09 steps/s | ETA 0.9h | VRAM 1.2GB
[04:34:44 INFO] Ep 5/10 step 2200/3696 | loss 2.5059 | acc@1 24.5% acc@3 50.7% | 6.10 steps/s | ETA 0.9h | VRAM 1.2GB
[04:34:51 INFO] Ep 5/10 step 2250/3696 | loss 2.5057 | acc@1 24.5% acc@3 50.7% | 6.12 steps/s | ETA 0.9h | VRAM 1.2GB
[04:34:59 INFO] Ep 5/10 step 2300/3696 | loss 2.5056 | acc@1 24.5% acc@3 50.7% | 6.13 steps/s | ETA 0.9h | VRAM 1.2GB
[04:35:06 INFO] Ep 5/10 step 2350/3696 | loss 2.5048 | acc@1 24.5% acc@3 50.7% | 6.13 steps/s | ETA 0.9h | VRAM 1.2GB
[04:35:14 INFO] Ep 5/10 step 2400/3696 | loss 2.5049 | acc@1 24.5% acc@3 50.7% | 6.14 steps/s | ETA 0.9h | VRAM 1.2GB
[04:35:21 INFO] Ep 5/10 step 2450/3696 | loss 2.5044 | acc@1 24.5% acc@3 50.7% | 6.15 steps/s | ETA 0.9h | VRAM 1.2GB
[04:35:29 INFO] Ep 5/10 step 2500/3696 | loss 2.5040 | acc@1 24.5% acc@3 50.7% | 6.16 steps/s | ETA 0.9h | VRAM 1.2GB
[04:35:37 INFO] Ep 5/10 step 2550/3696 | loss 2.5026 | acc@1 24.6% acc@3 50.8% | 6.17 steps/s | ETA 0.9h | VRAM 1.2GB
[04:35:45 INFO] Ep 5/10 step 2600/3696 | loss 2.5023 | acc@1 24.6% acc@3 50.8% | 6.16 steps/s | ETA 0.9h | VRAM 1.2GB
[04:35:54 INFO] Ep 5/10 step 2650/3696 | loss 2.5023 | acc@1 24.5% acc@3 50.8% | 6.15 steps/s | ETA 0.9h | VRAM 1.2GB
[04:36:02 INFO] Ep 5/10 step 2700/3696 | loss 2.5010 | acc@1 24.6% acc@3 50.8% | 6.15 steps/s | ETA 0.9h | VRAM 1.2GB
[04:36:11 INFO] Ep 5/10 step 2750/3696 | loss 2.5005 | acc@1 24.5% acc@3 50.8% | 6.14 steps/s | ETA 0.9h | VRAM 1.2GB
[04:36:20 INFO] Ep 5/10 step 2800/3696 | loss 2.4998 | acc@1 24.5% acc@3 50.8% | 6.14 steps/s | ETA 0.9h | VRAM 1.2GB
[04:36:28 INFO] Ep 5/10 step 2850/3696 | loss 2.4993 | acc@1 24.5% acc@3 50.8% | 6.13 steps/s | ETA 0.9h | VRAM 1.2GB
[04:36:37 INFO] Ep 5/10 step 2900/3696 | loss 2.4987 | acc@1 24.5% acc@3 50.9% | 6.13 steps/s | ETA 0.9h | VRAM 1.2GB
[04:36:45 INFO] Ep 5/10 step 2950/3696 | loss 2.4978 | acc@1 24.5% acc@3 50.9% | 6.12 steps/s | ETA 0.9h | VRAM 1.2GB
[04:36:54 INFO] Ep 5/10 step 3000/3696 | loss 2.4975 | acc@1 24.5% acc@3 50.9% | 6.12 steps/s | ETA 0.9h | VRAM 1.2GB
[04:37:02 INFO] Ep 5/10 step 3050/3696 | loss 2.4965 | acc@1 24.6% acc@3 50.9% | 6.11 steps/s | ETA 0.9h | VRAM 1.2GB
[04:37:11 INFO] Ep 5/10 step 3100/3696 | loss 2.4965 | acc@1 24.5% acc@3 50.9% | 6.11 steps/s | ETA 0.9h | VRAM 1.2GB
[04:37:19 INFO] Ep 5/10 step 3150/3696 | loss 2.4962 | acc@1 24.5% acc@3 50.9% | 6.11 steps/s | ETA 0.9h | VRAM 1.2GB
[04:37:28 INFO] Ep 5/10 step 3200/3696 | loss 2.4956 | acc@1 24.5% acc@3 50.9% | 6.10 steps/s | ETA 0.9h | VRAM 1.2GB
[04:37:36 INFO] Ep 5/10 step 3250/3696 | loss 2.4948 | acc@1 24.5% acc@3 51.0% | 6.10 steps/s | ETA 0.9h | VRAM 1.2GB
[04:37:45 INFO] Ep 5/10 step 3300/3696 | loss 2.4939 | acc@1 24.5% acc@3 51.0% | 6.09 steps/s | ETA 0.9h | VRAM 1.2GB
[04:37:53 INFO] Ep 5/10 step 3350/3696 | loss 2.4932 | acc@1 24.5% acc@3 51.0% | 6.09 steps/s | ETA 0.9h | VRAM 1.2GB
[04:38:02 INFO] Ep 5/10 step 3400/3696 | loss 2.4919 | acc@1 24.6% acc@3 51.0% | 6.09 steps/s | ETA 0.9h | VRAM 1.2GB
[04:38:10 INFO] Ep 5/10 step 3450/3696 | loss 2.4918 | acc@1 24.6% acc@3 51.0% | 6.08 steps/s | ETA 0.9h | VRAM 1.2GB
[04:38:19 INFO] Ep 5/10 step 3500/3696 | loss 2.4919 | acc@1 24.5% acc@3 51.0% | 6.08 steps/s | ETA 0.9h | VRAM 1.2GB
[04:38:27 INFO] Ep 5/10 step 3550/3696 | loss 2.4913 | acc@1 24.5% acc@3 51.0% | 6.08 steps/s | ETA 0.9h | VRAM 1.2GB
[04:38:36 INFO] Ep 5/10 step 3600/3696 | loss 2.4906 | acc@1 24.5% acc@3 51.0% | 6.07 steps/s | ETA 0.8h | VRAM 1.2GB
[04:38:44 INFO] Ep 5/10 step 3650/3696 | loss 2.4902 | acc@1 24.5% acc@3 51.0% | 6.07 steps/s | ETA 0.8h | VRAM 1.2GB
[04:39:23 INFO] === Ep 5/10 | valid acc@1 13.25% acc@3 25.59% | loss 3.5131 | time 10.7min ===
[04:39:24 INFO]   ✓ New best acc@1=13.25% — saved
[04:39:32 INFO] Ep 6/10 step 50/3696 | loss 2.4569 | acc@1 23.8% acc@3 51.3% | 5.88 steps/s | ETA 0.9h | VRAM 1.2GB
[04:39:41 INFO] Ep 6/10 step 100/3696 | loss 2.4542 | acc@1 23.6% acc@3 51.8% | 5.87 steps/s | ETA 0.9h | VRAM 1.2GB
[04:39:49 INFO] Ep 6/10 step 150/3696 | loss 2.4573 | acc@1 23.9% acc@3 51.8% | 5.87 steps/s | ETA 0.9h | VRAM 1.2GB
[04:39:58 INFO] Ep 6/10 step 200/3696 | loss 2.4522 | acc@1 24.1% acc@3 52.1% | 5.87 steps/s | ETA 0.9h | VRAM 1.2GB
[04:40:06 INFO] Ep 6/10 step 250/3696 | loss 2.4566 | acc@1 24.2% acc@3 52.0% | 5.86 steps/s | ETA 0.9h | VRAM 1.2GB
[04:40:15 INFO] Ep 6/10 step 300/3696 | loss 2.4513 | acc@1 24.2% acc@3 52.1% | 5.86 steps/s | ETA 0.9h | VRAM 1.2GB
[04:40:23 INFO] Ep 6/10 step 350/3696 | loss 2.4506 | acc@1 24.2% acc@3 52.2% | 5.86 steps/s | ETA 0.9h | VRAM 1.2GB
[04:40:32 INFO] Ep 6/10 step 400/3696 | loss 2.4487 | acc@1 24.2% acc@3 52.3% | 5.86 steps/s | ETA 0.9h | VRAM 1.2GB
[04:40:40 INFO] Ep 6/10 step 450/3696 | loss 2.4416 | acc@1 24.5% acc@3 52.5% | 5.87 steps/s | ETA 0.9h | VRAM 1.2GB
[04:40:49 INFO] Ep 6/10 step 500/3696 | loss 2.4427 | acc@1 24.4% acc@3 52.3% | 5.87 steps/s | ETA 0.9h | VRAM 1.2GB
[04:40:57 INFO] Ep 6/10 step 550/3696 | loss 2.4438 | acc@1 24.4% acc@3 52.3% | 5.87 steps/s | ETA 0.8h | VRAM 1.2GB
[04:41:06 INFO] Ep 6/10 step 600/3696 | loss 2.4416 | acc@1 24.4% acc@3 52.3% | 5.87 steps/s | ETA 0.8h | VRAM 1.2GB
[04:41:14 INFO] Ep 6/10 step 650/3696 | loss 2.4419 | acc@1 24.4% acc@3 52.1% | 5.87 steps/s | ETA 0.8h | VRAM 1.2GB
[04:41:23 INFO] Ep 6/10 step 700/3696 | loss 2.4430 | acc@1 24.4% acc@3 52.1% | 5.87 steps/s | ETA 0.8h | VRAM 1.2GB
[04:41:31 INFO] Ep 6/10 step 750/3696 | loss 2.4423 | acc@1 24.4% acc@3 52.1% | 5.87 steps/s | ETA 0.8h | VRAM 1.2GB
[04:41:40 INFO] Ep 6/10 step 800/3696 | loss 2.4400 | acc@1 24.4% acc@3 52.2% | 5.87 steps/s | ETA 0.8h | VRAM 1.2GB
[04:41:48 INFO] Ep 6/10 step 850/3696 | loss 2.4381 | acc@1 24.5% acc@3 52.2% | 5.87 steps/s | ETA 0.8h | VRAM 1.2GB
[04:41:57 INFO] Ep 6/10 step 900/3696 | loss 2.4371 | acc@1 24.6% acc@3 52.1% | 5.87 steps/s | ETA 0.8h | VRAM 1.2GB
[04:42:05 INFO] Ep 6/10 step 950/3696 | loss 2.4380 | acc@1 24.6% acc@3 52.2% | 5.87 steps/s | ETA 0.8h | VRAM 1.2GB
[04:42:14 INFO] Ep 6/10 step 1000/3696 | loss 2.4386 | acc@1 24.6% acc@3 52.1% | 5.87 steps/s | ETA 0.8h | VRAM 1.2GB
[04:42:22 INFO] Ep 6/10 step 1050/3696 | loss 2.4374 | acc@1 24.6% acc@3 52.1% | 5.87 steps/s | ETA 0.8h | VRAM 1.2GB
[04:42:31 INFO] Ep 6/10 step 1100/3696 | loss 2.4363 | acc@1 24.7% acc@3 52.1% | 5.87 steps/s | ETA 0.8h | VRAM 1.2GB
[04:42:39 INFO] Ep 6/10 step 1150/3696 | loss 2.4359 | acc@1 24.7% acc@3 52.1% | 5.87 steps/s | ETA 0.8h | VRAM 1.2GB
[04:42:48 INFO] Ep 6/10 step 1200/3696 | loss 2.4353 | acc@1 24.8% acc@3 52.2% | 5.87 steps/s | ETA 0.8h | VRAM 1.2GB
[04:42:56 INFO] Ep 6/10 step 1250/3696 | loss 2.4353 | acc@1 24.8% acc@3 52.1% | 5.87 steps/s | ETA 0.8h | VRAM 1.2GB
[04:43:05 INFO] Ep 6/10 step 1300/3696 | loss 2.4350 | acc@1 24.7% acc@3 52.0% | 5.87 steps/s | ETA 0.8h | VRAM 1.2GB
[04:43:14 INFO] Ep 6/10 step 1350/3696 | loss 2.4345 | acc@1 24.8% acc@3 52.1% | 5.87 steps/s | ETA 0.8h | VRAM 1.2GB
[04:43:22 INFO] Ep 6/10 step 1400/3696 | loss 2.4338 | acc@1 24.8% acc@3 52.1% | 5.87 steps/s | ETA 0.8h | VRAM 1.2GB
[04:43:31 INFO] Ep 6/10 step 1450/3696 | loss 2.4338 | acc@1 24.8% acc@3 52.0% | 5.87 steps/s | ETA 0.8h | VRAM 1.2GB
[04:43:39 INFO] Ep 6/10 step 1500/3696 | loss 2.4347 | acc@1 24.8% acc@3 52.0% | 5.87 steps/s | ETA 0.8h | VRAM 1.2GB
[04:43:47 INFO] Ep 6/10 step 1550/3696 | loss 2.4346 | acc@1 24.8% acc@3 52.0% | 5.88 steps/s | ETA 0.8h | VRAM 1.2GB
[04:43:55 INFO] Ep 6/10 step 1600/3696 | loss 2.4339 | acc@1 24.8% acc@3 52.0% | 5.89 steps/s | ETA 0.8h | VRAM 1.2GB
[04:44:03 INFO] Ep 6/10 step 1650/3696 | loss 2.4333 | acc@1 24.8% acc@3 52.1% | 5.91 steps/s | ETA 0.8h | VRAM 1.2GB
[04:44:11 INFO] Ep 6/10 step 1700/3696 | loss 2.4317 | acc@1 24.9% acc@3 52.1% | 5.92 steps/s | ETA 0.8h | VRAM 1.2GB
[04:44:18 INFO] Ep 6/10 step 1750/3696 | loss 2.4310 | acc@1 24.9% acc@3 52.1% | 5.94 steps/s | ETA 0.8h | VRAM 1.2GB
[04:44:26 INFO] Ep 6/10 step 1800/3696 | loss 2.4305 | acc@1 24.9% acc@3 52.1% | 5.95 steps/s | ETA 0.8h | VRAM 1.2GB
[04:44:34 INFO] Ep 6/10 step 1850/3696 | loss 2.4297 | acc@1 24.9% acc@3 52.1% | 5.96 steps/s | ETA 0.8h | VRAM 1.2GB
[04:44:42 INFO] Ep 6/10 step 1900/3696 | loss 2.4301 | acc@1 24.9% acc@3 52.1% | 5.97 steps/s | ETA 0.8h | VRAM 1.2GB
[04:44:50 INFO] Ep 6/10 step 1950/3696 | loss 2.4298 | acc@1 24.9% acc@3 52.0% | 5.97 steps/s | ETA 0.8h | VRAM 1.2GB
[04:44:58 INFO] Ep 6/10 step 2000/3696 | loss 2.4285 | acc@1 24.9% acc@3 52.2% | 5.98 steps/s | ETA 0.8h | VRAM 1.2GB
[04:45:05 INFO] Ep 6/10 step 2050/3696 | loss 2.4280 | acc@1 25.0% acc@3 52.2% | 6.00 steps/s | ETA 0.8h | VRAM 1.2GB
[04:45:13 INFO] Ep 6/10 step 2100/3696 | loss 2.4280 | acc@1 25.0% acc@3 52.2% | 6.01 steps/s | ETA 0.8h | VRAM 1.2GB
[04:45:21 INFO] Ep 6/10 step 2150/3696 | loss 2.4271 | acc@1 25.0% acc@3 52.2% | 6.02 steps/s | ETA 0.8h | VRAM 1.2GB
[04:45:29 INFO] Ep 6/10 step 2200/3696 | loss 2.4266 | acc@1 25.0% acc@3 52.2% | 6.02 steps/s | ETA 0.8h | VRAM 1.2GB
[04:45:37 INFO] Ep 6/10 step 2250/3696 | loss 2.4256 | acc@1 25.0% acc@3 52.3% | 6.02 steps/s | ETA 0.7h | VRAM 1.2GB
[04:45:45 INFO] Ep 6/10 step 2300/3696 | loss 2.4261 | acc@1 25.0% acc@3 52.2% | 6.03 steps/s | ETA 0.7h | VRAM 1.2GB
[04:45:53 INFO] Ep 6/10 step 2350/3696 | loss 2.4256 | acc@1 25.0% acc@3 52.3% | 6.03 steps/s | ETA 0.7h | VRAM 1.2GB
[04:46:01 INFO] Ep 6/10 step 2400/3696 | loss 2.4255 | acc@1 25.0% acc@3 52.2% | 6.04 steps/s | ETA 0.7h | VRAM 1.2GB
[04:46:09 INFO] Ep 6/10 step 2450/3696 | loss 2.4256 | acc@1 25.0% acc@3 52.2% | 6.05 steps/s | ETA 0.7h | VRAM 1.2GB
[04:46:16 INFO] Ep 6/10 step 2500/3696 | loss 2.4248 | acc@1 25.0% acc@3 52.2% | 6.05 steps/s | ETA 0.7h | VRAM 1.2GB
[04:46:25 INFO] Ep 6/10 step 2550/3696 | loss 2.4248 | acc@1 25.0% acc@3 52.2% | 6.05 steps/s | ETA 0.7h | VRAM 1.2GB
[04:46:33 INFO] Ep 6/10 step 2600/3696 | loss 2.4249 | acc@1 25.0% acc@3 52.2% | 6.05 steps/s | ETA 0.7h | VRAM 1.2GB
[04:46:41 INFO] Ep 6/10 step 2650/3696 | loss 2.4243 | acc@1 25.1% acc@3 52.2% | 6.06 steps/s | ETA 0.7h | VRAM 1.2GB
[04:46:48 INFO] Ep 6/10 step 2700/3696 | loss 2.4233 | acc@1 25.1% acc@3 52.2% | 6.07 steps/s | ETA 0.7h | VRAM 1.2GB
[04:46:56 INFO] Ep 6/10 step 2750/3696 | loss 2.4223 | acc@1 25.1% acc@3 52.2% | 6.08 steps/s | ETA 0.7h | VRAM 1.2GB
[04:47:03 INFO] Ep 6/10 step 2800/3696 | loss 2.4221 | acc@1 25.1% acc@3 52.2% | 6.09 steps/s | ETA 0.7h | VRAM 1.2GB
[04:47:12 INFO] Ep 6/10 step 2850/3696 | loss 2.4216 | acc@1 25.1% acc@3 52.3% | 6.09 steps/s | ETA 0.7h | VRAM 1.2GB
[04:47:20 INFO] Ep 6/10 step 2900/3696 | loss 2.4206 | acc@1 25.1% acc@3 52.3% | 6.08 steps/s | ETA 0.7h | VRAM 1.2GB
[04:47:28 INFO] Ep 6/10 step 2950/3696 | loss 2.4201 | acc@1 25.1% acc@3 52.3% | 6.08 steps/s | ETA 0.7h | VRAM 1.2GB
[04:47:37 INFO] Ep 6/10 step 3000/3696 | loss 2.4197 | acc@1 25.1% acc@3 52.3% | 6.08 steps/s | ETA 0.7h | VRAM 1.2GB
[04:47:46 INFO] Ep 6/10 step 3050/3696 | loss 2.4194 | acc@1 25.1% acc@3 52.3% | 6.07 steps/s | ETA 0.7h | VRAM 1.2GB
[04:47:54 INFO] Ep 6/10 step 3100/3696 | loss 2.4194 | acc@1 25.2% acc@3 52.3% | 6.07 steps/s | ETA 0.7h | VRAM 1.2GB
[04:48:02 INFO] Ep 6/10 step 3150/3696 | loss 2.4191 | acc@1 25.1% acc@3 52.3% | 6.08 steps/s | ETA 0.7h | VRAM 1.2GB
[04:48:10 INFO] Ep 6/10 step 3200/3696 | loss 2.4184 | acc@1 25.1% acc@3 52.3% | 6.08 steps/s | ETA 0.7h | VRAM 1.2GB
[04:48:18 INFO] Ep 6/10 step 3250/3696 | loss 2.4176 | acc@1 25.2% acc@3 52.3% | 6.09 steps/s | ETA 0.7h | VRAM 1.2GB
[04:48:25 INFO] Ep 6/10 step 3300/3696 | loss 2.4179 | acc@1 25.2% acc@3 52.4% | 6.09 steps/s | ETA 0.7h | VRAM 1.2GB
[04:48:33 INFO] Ep 6/10 step 3350/3696 | loss 2.4177 | acc@1 25.2% acc@3 52.3% | 6.10 steps/s | ETA 0.7h | VRAM 1.2GB
[04:48:41 INFO] Ep 6/10 step 3400/3696 | loss 2.4173 | acc@1 25.2% acc@3 52.4% | 6.10 steps/s | ETA 0.7h | VRAM 1.2GB
[04:48:48 INFO] Ep 6/10 step 3450/3696 | loss 2.4161 | acc@1 25.2% acc@3 52.4% | 6.11 steps/s | ETA 0.7h | VRAM 1.2GB
[04:48:56 INFO] Ep 6/10 step 3500/3696 | loss 2.4157 | acc@1 25.3% acc@3 52.4% | 6.12 steps/s | ETA 0.7h | VRAM 1.2GB
[04:49:03 INFO] Ep 6/10 step 3550/3696 | loss 2.4159 | acc@1 25.3% acc@3 52.4% | 6.12 steps/s | ETA 0.7h | VRAM 1.2GB
[04:49:11 INFO] Ep 6/10 step 3600/3696 | loss 2.4153 | acc@1 25.3% acc@3 52.4% | 6.13 steps/s | ETA 0.7h | VRAM 1.2GB
[04:49:19 INFO] Ep 6/10 step 3650/3696 | loss 2.4150 | acc@1 25.3% acc@3 52.5% | 6.13 steps/s | ETA 0.7h | VRAM 1.2GB
[04:49:53 INFO] === Ep 6/10 | valid acc@1 13.90% acc@3 26.97% | loss 3.4636 | time 10.5min ===
[04:49:54 INFO]   ✓ New best acc@1=13.90% — saved
[04:50:01 INFO] Ep 7/10 step 50/3696 | loss 2.3928 | acc@1 26.2% acc@3 54.1% | 6.63 steps/s | ETA 0.6h | VRAM 1.2GB
[04:50:09 INFO] Ep 7/10 step 100/3696 | loss 2.3899 | acc@1 26.2% acc@3 54.0% | 6.54 steps/s | ETA 0.6h | VRAM 1.2GB
[04:50:17 INFO] Ep 7/10 step 150/3696 | loss 2.3762 | acc@1 26.7% acc@3 54.1% | 6.43 steps/s | ETA 0.6h | VRAM 1.2GB
[04:50:25 INFO] Ep 7/10 step 200/3696 | loss 2.3727 | acc@1 26.9% acc@3 54.2% | 6.39 steps/s | ETA 0.6h | VRAM 1.2GB
[04:50:33 INFO] Ep 7/10 step 250/3696 | loss 2.3675 | acc@1 26.8% acc@3 54.2% | 6.30 steps/s | ETA 0.6h | VRAM 1.2GB
[04:50:42 INFO] Ep 7/10 step 300/3696 | loss 2.3660 | acc@1 26.7% acc@3 54.2% | 6.18 steps/s | ETA 0.7h | VRAM 1.2GB
[04:50:51 INFO] Ep 7/10 step 350/3696 | loss 2.3684 | acc@1 26.5% acc@3 53.9% | 6.10 steps/s | ETA 0.7h | VRAM 1.2GB
[04:51:00 INFO] Ep 7/10 step 400/3696 | loss 2.3675 | acc@1 26.6% acc@3 53.7% | 6.05 steps/s | ETA 0.7h | VRAM 1.2GB
[04:51:09 INFO] Ep 7/10 step 450/3696 | loss 2.3705 | acc@1 26.5% acc@3 53.6% | 6.00 steps/s | ETA 0.7h | VRAM 1.2GB
[04:51:17 INFO] Ep 7/10 step 500/3696 | loss 2.3680 | acc@1 26.5% acc@3 53.7% | 5.96 steps/s | ETA 0.7h | VRAM 1.2GB
[04:51:26 INFO] Ep 7/10 step 550/3696 | loss 2.3705 | acc@1 26.4% acc@3 53.5% | 5.93 steps/s | ETA 0.7h | VRAM 1.2GB
[04:51:35 INFO] Ep 7/10 step 600/3696 | loss 2.3697 | acc@1 26.3% acc@3 53.6% | 5.91 steps/s | ETA 0.7h | VRAM 1.2GB
[04:51:44 INFO] Ep 7/10 step 650/3696 | loss 2.3698 | acc@1 26.2% acc@3 53.6% | 5.90 steps/s | ETA 0.7h | VRAM 1.2GB
[04:51:52 INFO] Ep 7/10 step 700/3696 | loss 2.3706 | acc@1 26.2% acc@3 53.6% | 5.90 steps/s | ETA 0.7h | VRAM 1.2GB
[04:52:01 INFO] Ep 7/10 step 750/3696 | loss 2.3741 | acc@1 26.2% acc@3 53.4% | 5.90 steps/s | ETA 0.7h | VRAM 1.2GB
[04:52:09 INFO] Ep 7/10 step 800/3696 | loss 2.3728 | acc@1 26.2% acc@3 53.4% | 5.90 steps/s | ETA 0.7h | VRAM 1.2GB
[04:52:18 INFO] Ep 7/10 step 850/3696 | loss 2.3743 | acc@1 26.1% acc@3 53.3% | 5.89 steps/s | ETA 0.7h | VRAM 1.2GB
[04:52:26 INFO] Ep 7/10 step 900/3696 | loss 2.3741 | acc@1 26.1% acc@3 53.3% | 5.89 steps/s | ETA 0.7h | VRAM 1.2GB
[04:52:35 INFO] Ep 7/10 step 950/3696 | loss 2.3732 | acc@1 26.0% acc@3 53.3% | 5.89 steps/s | ETA 0.7h | VRAM 1.2GB
[04:52:43 INFO] Ep 7/10 step 1000/3696 | loss 2.3719 | acc@1 26.0% acc@3 53.3% | 5.89 steps/s | ETA 0.7h | VRAM 1.2GB
[04:52:52 INFO] Ep 7/10 step 1050/3696 | loss 2.3722 | acc@1 26.1% acc@3 53.4% | 5.89 steps/s | ETA 0.6h | VRAM 1.2GB
[04:53:00 INFO] Ep 7/10 step 1100/3696 | loss 2.3719 | acc@1 26.0% acc@3 53.4% | 5.89 steps/s | ETA 0.6h | VRAM 1.2GB
[04:53:09 INFO] Ep 7/10 step 1150/3696 | loss 2.3711 | acc@1 26.0% acc@3 53.4% | 5.89 steps/s | ETA 0.6h | VRAM 1.2GB
[04:53:17 INFO] Ep 7/10 step 1200/3696 | loss 2.3699 | acc@1 26.0% acc@3 53.4% | 5.89 steps/s | ETA 0.6h | VRAM 1.2GB
[04:53:26 INFO] Ep 7/10 step 1250/3696 | loss 2.3682 | acc@1 26.1% acc@3 53.5% | 5.89 steps/s | ETA 0.6h | VRAM 1.2GB
[04:53:34 INFO] Ep 7/10 step 1300/3696 | loss 2.3686 | acc@1 26.1% acc@3 53.5% | 5.89 steps/s | ETA 0.6h | VRAM 1.2GB
[04:53:43 INFO] Ep 7/10 step 1350/3696 | loss 2.3690 | acc@1 26.1% acc@3 53.5% | 5.89 steps/s | ETA 0.6h | VRAM 1.2GB
[04:53:51 INFO] Ep 7/10 step 1400/3696 | loss 2.3685 | acc@1 26.1% acc@3 53.5% | 5.88 steps/s | ETA 0.6h | VRAM 1.2GB
[04:54:00 INFO] Ep 7/10 step 1450/3696 | loss 2.3668 | acc@1 26.2% acc@3 53.6% | 5.88 steps/s | ETA 0.6h | VRAM 1.2GB
[04:54:09 INFO] Ep 7/10 step 1500/3696 | loss 2.3678 | acc@1 26.1% acc@3 53.6% | 5.88 steps/s | ETA 0.6h | VRAM 1.2GB
[04:54:17 INFO] Ep 7/10 step 1550/3696 | loss 2.3672 | acc@1 26.1% acc@3 53.6% | 5.88 steps/s | ETA 0.6h | VRAM 1.2GB
[04:54:26 INFO] Ep 7/10 step 1600/3696 | loss 2.3667 | acc@1 26.1% acc@3 53.6% | 5.88 steps/s | ETA 0.6h | VRAM 1.2GB
[04:54:34 INFO] Ep 7/10 step 1650/3696 | loss 2.3664 | acc@1 26.1% acc@3 53.7% | 5.89 steps/s | ETA 0.6h | VRAM 1.2GB
[04:54:42 INFO] Ep 7/10 step 1700/3696 | loss 2.3656 | acc@1 26.1% acc@3 53.7% | 5.90 steps/s | ETA 0.6h | VRAM 1.2GB
[04:54:50 INFO] Ep 7/10 step 1750/3696 | loss 2.3657 | acc@1 26.1% acc@3 53.6% | 5.91 steps/s | ETA 0.6h | VRAM 1.2GB
[04:54:58 INFO] Ep 7/10 step 1800/3696 | loss 2.3650 | acc@1 26.1% acc@3 53.7% | 5.90 steps/s | ETA 0.6h | VRAM 1.2GB
[04:55:07 INFO] Ep 7/10 step 1850/3696 | loss 2.3638 | acc@1 26.1% acc@3 53.7% | 5.90 steps/s | ETA 0.6h | VRAM 1.2GB
[04:55:16 INFO] Ep 7/10 step 1900/3696 | loss 2.3632 | acc@1 26.1% acc@3 53.7% | 5.90 steps/s | ETA 0.6h | VRAM 1.2GB
[04:55:24 INFO] Ep 7/10 step 1950/3696 | loss 2.3633 | acc@1 26.1% acc@3 53.7% | 5.90 steps/s | ETA 0.6h | VRAM 1.2GB
[04:55:33 INFO] Ep 7/10 step 2000/3696 | loss 2.3633 | acc@1 26.1% acc@3 53.7% | 5.90 steps/s | ETA 0.6h | VRAM 1.2GB
[04:55:41 INFO] Ep 7/10 step 2050/3696 | loss 2.3631 | acc@1 26.1% acc@3 53.7% | 5.90 steps/s | ETA 0.6h | VRAM 1.2GB
[04:55:50 INFO] Ep 7/10 step 2100/3696 | loss 2.3632 | acc@1 26.1% acc@3 53.7% | 5.90 steps/s | ETA 0.6h | VRAM 1.2GB
[04:55:58 INFO] Ep 7/10 step 2150/3696 | loss 2.3626 | acc@1 26.1% acc@3 53.8% | 5.90 steps/s | ETA 0.6h | VRAM 1.2GB
[04:56:07 INFO] Ep 7/10 step 2200/3696 | loss 2.3628 | acc@1 26.1% acc@3 53.8% | 5.90 steps/s | ETA 0.6h | VRAM 1.2GB
[04:56:15 INFO] Ep 7/10 step 2250/3696 | loss 2.3623 | acc@1 26.1% acc@3 53.8% | 5.90 steps/s | ETA 0.6h | VRAM 1.2GB
[04:56:24 INFO] Ep 7/10 step 2300/3696 | loss 2.3614 | acc@1 26.1% acc@3 53.8% | 5.90 steps/s | ETA 0.6h | VRAM 1.2GB
[04:56:32 INFO] Ep 7/10 step 2350/3696 | loss 2.3606 | acc@1 26.1% acc@3 53.9% | 5.89 steps/s | ETA 0.6h | VRAM 1.2GB
[04:56:41 INFO] Ep 7/10 step 2400/3696 | loss 2.3603 | acc@1 26.2% acc@3 53.9% | 5.89 steps/s | ETA 0.6h | VRAM 1.2GB
[04:56:49 INFO] Ep 7/10 step 2450/3696 | loss 2.3593 | acc@1 26.2% acc@3 53.9% | 5.89 steps/s | ETA 0.6h | VRAM 1.2GB
[04:56:58 INFO] Ep 7/10 step 2500/3696 | loss 2.3591 | acc@1 26.2% acc@3 53.9% | 5.89 steps/s | ETA 0.6h | VRAM 1.2GB
[04:57:06 INFO] Ep 7/10 step 2550/3696 | loss 2.3594 | acc@1 26.2% acc@3 53.9% | 5.89 steps/s | ETA 0.6h | VRAM 1.2GB
[04:57:15 INFO] Ep 7/10 step 2600/3696 | loss 2.3591 | acc@1 26.2% acc@3 53.9% | 5.89 steps/s | ETA 0.6h | VRAM 1.2GB
[04:57:23 INFO] Ep 7/10 step 2650/3696 | loss 2.3585 | acc@1 26.2% acc@3 54.0% | 5.89 steps/s | ETA 0.6h | VRAM 1.2GB
[04:57:32 INFO] Ep 7/10 step 2700/3696 | loss 2.3586 | acc@1 26.2% acc@3 53.9% | 5.89 steps/s | ETA 0.6h | VRAM 1.2GB
[04:57:40 INFO] Ep 7/10 step 2750/3696 | loss 2.3581 | acc@1 26.2% acc@3 53.9% | 5.89 steps/s | ETA 0.6h | VRAM 1.2GB
[04:57:49 INFO] Ep 7/10 step 2800/3696 | loss 2.3578 | acc@1 26.2% acc@3 53.9% | 5.89 steps/s | ETA 0.6h | VRAM 1.2GB
[04:57:57 INFO] Ep 7/10 step 2850/3696 | loss 2.3577 | acc@1 26.2% acc@3 53.9% | 5.89 steps/s | ETA 0.6h | VRAM 1.2GB
[04:58:06 INFO] Ep 7/10 step 2900/3696 | loss 2.3575 | acc@1 26.2% acc@3 54.0% | 5.89 steps/s | ETA 0.6h | VRAM 1.2GB
[04:58:15 INFO] Ep 7/10 step 2950/3696 | loss 2.3566 | acc@1 26.2% acc@3 54.0% | 5.89 steps/s | ETA 0.6h | VRAM 1.2GB
[04:58:23 INFO] Ep 7/10 step 3000/3696 | loss 2.3564 | acc@1 26.2% acc@3 53.9% | 5.89 steps/s | ETA 0.6h | VRAM 1.2GB
[04:58:32 INFO] Ep 7/10 step 3050/3696 | loss 2.3559 | acc@1 26.2% acc@3 54.0% | 5.89 steps/s | ETA 0.6h | VRAM 1.2GB
[04:58:40 INFO] Ep 7/10 step 3100/3696 | loss 2.3558 | acc@1 26.2% acc@3 54.0% | 5.89 steps/s | ETA 0.6h | VRAM 1.2GB
[04:58:49 INFO] Ep 7/10 step 3150/3696 | loss 2.3553 | acc@1 26.2% acc@3 54.0% | 5.89 steps/s | ETA 0.5h | VRAM 1.2GB
[04:58:57 INFO] Ep 7/10 step 3200/3696 | loss 2.3547 | acc@1 26.2% acc@3 54.0% | 5.89 steps/s | ETA 0.5h | VRAM 1.2GB
[04:59:06 INFO] Ep 7/10 step 3250/3696 | loss 2.3546 | acc@1 26.3% acc@3 54.0% | 5.89 steps/s | ETA 0.5h | VRAM 1.2GB
[04:59:14 INFO] Ep 7/10 step 3300/3696 | loss 2.3552 | acc@1 26.2% acc@3 54.0% | 5.89 steps/s | ETA 0.5h | VRAM 1.2GB
[04:59:23 INFO] Ep 7/10 step 3350/3696 | loss 2.3553 | acc@1 26.2% acc@3 54.0% | 5.89 steps/s | ETA 0.5h | VRAM 1.2GB
[04:59:31 INFO] Ep 7/10 step 3400/3696 | loss 2.3550 | acc@1 26.2% acc@3 54.0% | 5.89 steps/s | ETA 0.5h | VRAM 1.2GB
[04:59:40 INFO] Ep 7/10 step 3450/3696 | loss 2.3550 | acc@1 26.2% acc@3 54.0% | 5.88 steps/s | ETA 0.5h | VRAM 1.2GB
[04:59:48 INFO] Ep 7/10 step 3500/3696 | loss 2.3545 | acc@1 26.3% acc@3 54.0% | 5.88 steps/s | ETA 0.5h | VRAM 1.2GB
[04:59:56 INFO] Ep 7/10 step 3550/3696 | loss 2.3538 | acc@1 26.3% acc@3 54.0% | 5.89 steps/s | ETA 0.5h | VRAM 1.2GB
[05:00:04 INFO] Ep 7/10 step 3600/3696 | loss 2.3536 | acc@1 26.3% acc@3 54.0% | 5.89 steps/s | ETA 0.5h | VRAM 1.2GB
[05:00:12 INFO] Ep 7/10 step 3650/3696 | loss 2.3535 | acc@1 26.3% acc@3 54.0% | 5.90 steps/s | ETA 0.5h | VRAM 1.2GB
[05:00:48 INFO] === Ep 7/10 | valid acc@1 14.52% acc@3 27.62% | loss 3.4172 | time 10.9min ===
[05:00:49 INFO]   ✓ New best acc@1=14.52% — saved
[05:00:57 INFO] Ep 8/10 step 50/3696 | loss 2.3483 | acc@1 27.0% acc@3 54.9% | 6.30 steps/s | ETA 0.5h | VRAM 1.2GB
[05:01:05 INFO] Ep 8/10 step 100/3696 | loss 2.3471 | acc@1 26.1% acc@3 53.8% | 6.07 steps/s | ETA 0.5h | VRAM 1.2GB
[05:01:14 INFO] Ep 8/10 step 150/3696 | loss 2.3361 | acc@1 26.8% acc@3 54.3% | 6.01 steps/s | ETA 0.5h | VRAM 1.2GB
[05:01:22 INFO] Ep 8/10 step 200/3696 | loss 2.3334 | acc@1 26.9% acc@3 54.6% | 5.97 steps/s | ETA 0.5h | VRAM 1.2GB
[05:01:31 INFO] Ep 8/10 step 250/3696 | loss 2.3344 | acc@1 26.6% acc@3 54.3% | 5.95 steps/s | ETA 0.5h | VRAM 1.2GB
[05:01:40 INFO] Ep 8/10 step 300/3696 | loss 2.3315 | acc@1 26.6% acc@3 54.3% | 5.94 steps/s | ETA 0.5h | VRAM 1.2GB
[05:01:48 INFO] Ep 8/10 step 350/3696 | loss 2.3246 | acc@1 26.8% acc@3 54.8% | 5.93 steps/s | ETA 0.5h | VRAM 1.2GB
[05:01:57 INFO] Ep 8/10 step 400/3696 | loss 2.3249 | acc@1 26.7% acc@3 54.8% | 5.92 steps/s | ETA 0.5h | VRAM 1.2GB
[05:02:05 INFO] Ep 8/10 step 450/3696 | loss 2.3272 | acc@1 26.8% acc@3 54.7% | 5.91 steps/s | ETA 0.5h | VRAM 1.2GB
[05:02:14 INFO] Ep 8/10 step 500/3696 | loss 2.3260 | acc@1 26.9% acc@3 54.8% | 5.91 steps/s | ETA 0.5h | VRAM 1.2GB
[05:02:22 INFO] Ep 8/10 step 550/3696 | loss 2.3237 | acc@1 27.0% acc@3 54.9% | 5.90 steps/s | ETA 0.5h | VRAM 1.2GB
[05:02:31 INFO] Ep 8/10 step 600/3696 | loss 2.3247 | acc@1 27.0% acc@3 54.8% | 5.90 steps/s | ETA 0.5h | VRAM 1.2GB
[05:02:39 INFO] Ep 8/10 step 650/3696 | loss 2.3244 | acc@1 27.0% acc@3 54.8% | 5.90 steps/s | ETA 0.5h | VRAM 1.2GB
[05:02:48 INFO] Ep 8/10 step 700/3696 | loss 2.3295 | acc@1 27.0% acc@3 54.7% | 5.90 steps/s | ETA 0.5h | VRAM 1.2GB
[05:02:56 INFO] Ep 8/10 step 750/3696 | loss 2.3285 | acc@1 27.1% acc@3 54.8% | 5.89 steps/s | ETA 0.5h | VRAM 1.2GB
[05:03:05 INFO] Ep 8/10 step 800/3696 | loss 2.3283 | acc@1 27.1% acc@3 54.8% | 5.89 steps/s | ETA 0.5h | VRAM 1.2GB
[05:03:13 INFO] Ep 8/10 step 850/3696 | loss 2.3292 | acc@1 27.1% acc@3 54.8% | 5.89 steps/s | ETA 0.5h | VRAM 1.2GB
[05:03:22 INFO] Ep 8/10 step 900/3696 | loss 2.3312 | acc@1 27.1% acc@3 54.7% | 5.89 steps/s | ETA 0.5h | VRAM 1.2GB
[05:03:30 INFO] Ep 8/10 step 950/3696 | loss 2.3300 | acc@1 27.0% acc@3 54.7% | 5.89 steps/s | ETA 0.5h | VRAM 1.2GB
[05:03:39 INFO] Ep 8/10 step 1000/3696 | loss 2.3279 | acc@1 27.1% acc@3 54.7% | 5.88 steps/s | ETA 0.5h | VRAM 1.2GB
[05:03:47 INFO] Ep 8/10 step 1050/3696 | loss 2.3269 | acc@1 27.0% acc@3 54.8% | 5.88 steps/s | ETA 0.5h | VRAM 1.2GB
[05:03:56 INFO] Ep 8/10 step 1100/3696 | loss 2.3254 | acc@1 27.1% acc@3 54.9% | 5.88 steps/s | ETA 0.5h | VRAM 1.2GB
[05:04:04 INFO] Ep 8/10 step 1150/3696 | loss 2.3255 | acc@1 27.1% acc@3 54.9% | 5.88 steps/s | ETA 0.5h | VRAM 1.2GB
[05:04:13 INFO] Ep 8/10 step 1200/3696 | loss 2.3240 | acc@1 27.1% acc@3 54.9% | 5.88 steps/s | ETA 0.5h | VRAM 1.2GB
[05:04:22 INFO] Ep 8/10 step 1250/3696 | loss 2.3239 | acc@1 27.1% acc@3 54.9% | 5.88 steps/s | ETA 0.5h | VRAM 1.2GB
[05:04:30 INFO] Ep 8/10 step 1300/3696 | loss 2.3234 | acc@1 27.1% acc@3 54.9% | 5.88 steps/s | ETA 0.5h | VRAM 1.2GB
[05:04:39 INFO] Ep 8/10 step 1350/3696 | loss 2.3235 | acc@1 27.2% acc@3 54.9% | 5.88 steps/s | ETA 0.5h | VRAM 1.2GB
[05:04:47 INFO] Ep 8/10 step 1400/3696 | loss 2.3235 | acc@1 27.2% acc@3 54.9% | 5.88 steps/s | ETA 0.5h | VRAM 1.2GB
[05:04:56 INFO] Ep 8/10 step 1450/3696 | loss 2.3229 | acc@1 27.1% acc@3 54.9% | 5.88 steps/s | ETA 0.5h | VRAM 1.2GB
[05:05:04 INFO] Ep 8/10 step 1500/3696 | loss 2.3223 | acc@1 27.1% acc@3 54.9% | 5.88 steps/s | ETA 0.5h | VRAM 1.2GB
[05:05:13 INFO] Ep 8/10 step 1550/3696 | loss 2.3222 | acc@1 27.1% acc@3 54.9% | 5.88 steps/s | ETA 0.5h | VRAM 1.2GB
[05:05:21 INFO] Ep 8/10 step 1600/3696 | loss 2.3222 | acc@1 27.1% acc@3 55.0% | 5.88 steps/s | ETA 0.4h | VRAM 1.2GB
[05:05:30 INFO] Ep 8/10 step 1650/3696 | loss 2.3212 | acc@1 27.0% acc@3 54.9% | 5.88 steps/s | ETA 0.4h | VRAM 1.2GB
[05:05:38 INFO] Ep 8/10 step 1700/3696 | loss 2.3209 | acc@1 27.0% acc@3 55.0% | 5.88 steps/s | ETA 0.4h | VRAM 1.2GB
[05:05:47 INFO] Ep 8/10 step 1750/3696 | loss 2.3195 | acc@1 27.1% acc@3 55.0% | 5.88 steps/s | ETA 0.4h | VRAM 1.2GB
[05:05:55 INFO] Ep 8/10 step 1800/3696 | loss 2.3181 | acc@1 27.1% acc@3 55.1% | 5.88 steps/s | ETA 0.4h | VRAM 1.2GB
[05:06:04 INFO] Ep 8/10 step 1850/3696 | loss 2.3176 | acc@1 27.1% acc@3 55.0% | 5.88 steps/s | ETA 0.4h | VRAM 1.2GB
[05:06:12 INFO] Ep 8/10 step 1900/3696 | loss 2.3178 | acc@1 27.1% acc@3 55.0% | 5.88 steps/s | ETA 0.4h | VRAM 1.2GB
[05:06:21 INFO] Ep 8/10 step 1950/3696 | loss 2.3172 | acc@1 27.2% acc@3 55.0% | 5.88 steps/s | ETA 0.4h | VRAM 1.2GB
[05:06:29 INFO] Ep 8/10 step 2000/3696 | loss 2.3166 | acc@1 27.2% acc@3 55.0% | 5.88 steps/s | ETA 0.4h | VRAM 1.2GB
[05:06:37 INFO] Ep 8/10 step 2050/3696 | loss 2.3157 | acc@1 27.2% acc@3 55.0% | 5.88 steps/s | ETA 0.4h | VRAM 1.2GB
[05:06:46 INFO] Ep 8/10 step 2100/3696 | loss 2.3151 | acc@1 27.1% acc@3 55.1% | 5.88 steps/s | ETA 0.4h | VRAM 1.2GB
[05:06:54 INFO] Ep 8/10 step 2150/3696 | loss 2.3152 | acc@1 27.2% acc@3 55.0% | 5.90 steps/s | ETA 0.4h | VRAM 1.2GB
[05:07:01 INFO] Ep 8/10 step 2200/3696 | loss 2.3153 | acc@1 27.2% acc@3 55.0% | 5.91 steps/s | ETA 0.4h | VRAM 1.2GB
[05:07:09 INFO] Ep 8/10 step 2250/3696 | loss 2.3144 | acc@1 27.2% acc@3 55.0% | 5.92 steps/s | ETA 0.4h | VRAM 1.2GB
[05:07:17 INFO] Ep 8/10 step 2300/3696 | loss 2.3138 | acc@1 27.2% acc@3 55.1% | 5.92 steps/s | ETA 0.4h | VRAM 1.2GB
[05:07:25 INFO] Ep 8/10 step 2350/3696 | loss 2.3141 | acc@1 27.2% acc@3 55.1% | 5.93 steps/s | ETA 0.4h | VRAM 1.2GB
[05:07:33 INFO] Ep 8/10 step 2400/3696 | loss 2.3145 | acc@1 27.2% acc@3 55.1% | 5.93 steps/s | ETA 0.4h | VRAM 1.2GB
[05:07:42 INFO] Ep 8/10 step 2450/3696 | loss 2.3139 | acc@1 27.2% acc@3 55.1% | 5.94 steps/s | ETA 0.4h | VRAM 1.2GB
[05:07:50 INFO] Ep 8/10 step 2500/3696 | loss 2.3143 | acc@1 27.2% acc@3 55.1% | 5.94 steps/s | ETA 0.4h | VRAM 1.2GB
[05:07:58 INFO] Ep 8/10 step 2550/3696 | loss 2.3140 | acc@1 27.2% acc@3 55.1% | 5.95 steps/s | ETA 0.4h | VRAM 1.2GB
[05:08:06 INFO] Ep 8/10 step 2600/3696 | loss 2.3138 | acc@1 27.2% acc@3 55.1% | 5.95 steps/s | ETA 0.4h | VRAM 1.2GB
[05:08:14 INFO] Ep 8/10 step 2650/3696 | loss 2.3144 | acc@1 27.2% acc@3 55.1% | 5.95 steps/s | ETA 0.4h | VRAM 1.2GB
[05:08:22 INFO] Ep 8/10 step 2700/3696 | loss 2.3146 | acc@1 27.1% acc@3 55.1% | 5.96 steps/s | ETA 0.4h | VRAM 1.2GB
[05:08:30 INFO] Ep 8/10 step 2750/3696 | loss 2.3147 | acc@1 27.1% acc@3 55.1% | 5.96 steps/s | ETA 0.4h | VRAM 1.2GB
[05:08:38 INFO] Ep 8/10 step 2800/3696 | loss 2.3145 | acc@1 27.2% acc@3 55.1% | 5.96 steps/s | ETA 0.4h | VRAM 1.2GB
[05:08:47 INFO] Ep 8/10 step 2850/3696 | loss 2.3143 | acc@1 27.2% acc@3 55.1% | 5.97 steps/s | ETA 0.4h | VRAM 1.2GB
[05:08:55 INFO] Ep 8/10 step 2900/3696 | loss 2.3147 | acc@1 27.1% acc@3 55.0% | 5.97 steps/s | ETA 0.4h | VRAM 1.2GB
[05:09:03 INFO] Ep 8/10 step 2950/3696 | loss 2.3146 | acc@1 27.1% acc@3 55.0% | 5.97 steps/s | ETA 0.4h | VRAM 1.2GB
[05:09:11 INFO] Ep 8/10 step 3000/3696 | loss 2.3141 | acc@1 27.1% acc@3 55.0% | 5.98 steps/s | ETA 0.4h | VRAM 1.2GB
[05:09:19 INFO] Ep 8/10 step 3050/3696 | loss 2.3136 | acc@1 27.2% acc@3 55.0% | 5.98 steps/s | ETA 0.4h | VRAM 1.2GB
[05:09:27 INFO] Ep 8/10 step 3100/3696 | loss 2.3129 | acc@1 27.2% acc@3 55.1% | 5.99 steps/s | ETA 0.4h | VRAM 1.2GB
[05:09:35 INFO] Ep 8/10 step 3150/3696 | loss 2.3128 | acc@1 27.2% acc@3 55.1% | 5.99 steps/s | ETA 0.4h | VRAM 1.2GB
[05:09:43 INFO] Ep 8/10 step 3200/3696 | loss 2.3120 | acc@1 27.2% acc@3 55.1% | 5.99 steps/s | ETA 0.4h | VRAM 1.2GB
[05:09:51 INFO] Ep 8/10 step 3250/3696 | loss 2.3116 | acc@1 27.2% acc@3 55.1% | 6.00 steps/s | ETA 0.4h | VRAM 1.2GB
[05:10:00 INFO] Ep 8/10 step 3300/3696 | loss 2.3115 | acc@1 27.2% acc@3 55.1% | 5.99 steps/s | ETA 0.4h | VRAM 1.2GB
[05:10:08 INFO] Ep 8/10 step 3350/3696 | loss 2.3113 | acc@1 27.2% acc@3 55.2% | 5.99 steps/s | ETA 0.4h | VRAM 1.2GB
[05:10:16 INFO] Ep 8/10 step 3400/3696 | loss 2.3110 | acc@1 27.2% acc@3 55.1% | 6.00 steps/s | ETA 0.4h | VRAM 1.2GB
[05:10:24 INFO] Ep 8/10 step 3450/3696 | loss 2.3108 | acc@1 27.2% acc@3 55.1% | 6.00 steps/s | ETA 0.4h | VRAM 1.2GB
[05:10:32 INFO] Ep 8/10 step 3500/3696 | loss 2.3100 | acc@1 27.2% acc@3 55.2% | 6.00 steps/s | ETA 0.4h | VRAM 1.2GB
[05:10:40 INFO] Ep 8/10 step 3550/3696 | loss 2.3097 | acc@1 27.2% acc@3 55.2% | 6.01 steps/s | ETA 0.3h | VRAM 1.2GB
[05:10:48 INFO] Ep 8/10 step 3600/3696 | loss 2.3099 | acc@1 27.2% acc@3 55.1% | 6.01 steps/s | ETA 0.3h | VRAM 1.2GB
[05:10:56 INFO] Ep 8/10 step 3650/3696 | loss 2.3097 | acc@1 27.2% acc@3 55.1% | 6.02 steps/s | ETA 0.3h | VRAM 1.2GB
[05:11:31 INFO] === Ep 8/10 | valid acc@1 14.99% acc@3 28.45% | loss 3.3919 | time 10.7min ===
[05:11:32 INFO]   ✓ New best acc@1=14.99% — saved
[05:11:40 INFO] Ep 9/10 step 50/3696 | loss 2.2786 | acc@1 26.7% acc@3 55.0% | 6.33 steps/s | ETA 0.3h | VRAM 1.2GB
[05:11:48 INFO] Ep 9/10 step 100/3696 | loss 2.2946 | acc@1 27.2% acc@3 55.3% | 6.33 steps/s | ETA 0.3h | VRAM 1.2GB
[05:11:55 INFO] Ep 9/10 step 150/3696 | loss 2.2907 | acc@1 27.1% acc@3 55.6% | 6.37 steps/s | ETA 0.3h | VRAM 1.2GB
[05:12:03 INFO] Ep 9/10 step 200/3696 | loss 2.2701 | acc@1 27.2% acc@3 56.5% | 6.44 steps/s | ETA 0.3h | VRAM 1.2GB
[05:12:10 INFO] Ep 9/10 step 250/3696 | loss 2.2773 | acc@1 27.5% acc@3 56.4% | 6.48 steps/s | ETA 0.3h | VRAM 1.2GB
[05:12:18 INFO] Ep 9/10 step 300/3696 | loss 2.2733 | acc@1 27.6% acc@3 56.5% | 6.51 steps/s | ETA 0.3h | VRAM 1.2GB
[05:12:26 INFO] Ep 9/10 step 350/3696 | loss 2.2736 | acc@1 27.8% acc@3 56.6% | 6.53 steps/s | ETA 0.3h | VRAM 1.2GB
[05:12:33 INFO] Ep 9/10 step 400/3696 | loss 2.2814 | acc@1 27.7% acc@3 56.2% | 6.54 steps/s | ETA 0.3h | VRAM 1.2GB
[05:12:41 INFO] Ep 9/10 step 450/3696 | loss 2.2803 | acc@1 27.9% acc@3 56.3% | 6.54 steps/s | ETA 0.3h | VRAM 1.2GB
[05:12:49 INFO] Ep 9/10 step 500/3696 | loss 2.2838 | acc@1 27.8% acc@3 56.3% | 6.53 steps/s | ETA 0.3h | VRAM 1.2GB
[05:12:56 INFO] Ep 9/10 step 550/3696 | loss 2.2832 | acc@1 27.7% acc@3 56.3% | 6.53 steps/s | ETA 0.3h | VRAM 1.2GB
[05:13:04 INFO] Ep 9/10 step 600/3696 | loss 2.2809 | acc@1 27.7% acc@3 56.4% | 6.53 steps/s | ETA 0.3h | VRAM 1.2GB
[05:13:12 INFO] Ep 9/10 step 650/3696 | loss 2.2839 | acc@1 27.6% acc@3 56.1% | 6.51 steps/s | ETA 0.3h | VRAM 1.2GB
[05:13:19 INFO] Ep 9/10 step 700/3696 | loss 2.2839 | acc@1 27.5% acc@3 56.0% | 6.52 steps/s | ETA 0.3h | VRAM 1.2GB
[05:13:27 INFO] Ep 9/10 step 750/3696 | loss 2.2858 | acc@1 27.4% acc@3 55.9% | 6.53 steps/s | ETA 0.3h | VRAM 1.2GB
[05:13:34 INFO] Ep 9/10 step 800/3696 | loss 2.2856 | acc@1 27.5% acc@3 56.0% | 6.54 steps/s | ETA 0.3h | VRAM 1.2GB
[05:13:42 INFO] Ep 9/10 step 850/3696 | loss 2.2849 | acc@1 27.6% acc@3 56.0% | 6.53 steps/s | ETA 0.3h | VRAM 1.2GB
[05:13:50 INFO] Ep 9/10 step 900/3696 | loss 2.2845 | acc@1 27.5% acc@3 56.0% | 6.53 steps/s | ETA 0.3h | VRAM 1.2GB
[05:13:57 INFO] Ep 9/10 step 950/3696 | loss 2.2840 | acc@1 27.6% acc@3 56.0% | 6.54 steps/s | ETA 0.3h | VRAM 1.2GB
[05:14:05 INFO] Ep 9/10 step 1000/3696 | loss 2.2848 | acc@1 27.6% acc@3 56.0% | 6.53 steps/s | ETA 0.3h | VRAM 1.2GB
[05:14:13 INFO] Ep 9/10 step 1050/3696 | loss 2.2853 | acc@1 27.7% acc@3 55.9% | 6.52 steps/s | ETA 0.3h | VRAM 1.2GB
[05:14:21 INFO] Ep 9/10 step 1100/3696 | loss 2.2849 | acc@1 27.6% acc@3 55.9% | 6.52 steps/s | ETA 0.3h | VRAM 1.2GB
[05:14:28 INFO] Ep 9/10 step 1150/3696 | loss 2.2842 | acc@1 27.6% acc@3 55.9% | 6.52 steps/s | ETA 0.3h | VRAM 1.2GB
[05:14:36 INFO] Ep 9/10 step 1200/3696 | loss 2.2837 | acc@1 27.7% acc@3 55.9% | 6.52 steps/s | ETA 0.3h | VRAM 1.2GB
[05:14:44 INFO] Ep 9/10 step 1250/3696 | loss 2.2830 | acc@1 27.7% acc@3 56.0% | 6.52 steps/s | ETA 0.3h | VRAM 1.2GB
[05:14:51 INFO] Ep 9/10 step 1300/3696 | loss 2.2831 | acc@1 27.7% acc@3 56.0% | 6.52 steps/s | ETA 0.3h | VRAM 1.2GB
[05:14:59 INFO] Ep 9/10 step 1350/3696 | loss 2.2836 | acc@1 27.7% acc@3 56.0% | 6.52 steps/s | ETA 0.3h | VRAM 1.2GB
[05:15:07 INFO] Ep 9/10 step 1400/3696 | loss 2.2841 | acc@1 27.7% acc@3 55.9% | 6.52 steps/s | ETA 0.3h | VRAM 1.2GB
[05:15:14 INFO] Ep 9/10 step 1450/3696 | loss 2.2837 | acc@1 27.7% acc@3 55.9% | 6.53 steps/s | ETA 0.3h | VRAM 1.2GB
[05:15:22 INFO] Ep 9/10 step 1500/3696 | loss 2.2828 | acc@1 27.8% acc@3 55.9% | 6.53 steps/s | ETA 0.3h | VRAM 1.2GB
[05:15:29 INFO] Ep 9/10 step 1550/3696 | loss 2.2836 | acc@1 27.8% acc@3 55.9% | 6.54 steps/s | ETA 0.2h | VRAM 1.2GB
[05:15:37 INFO] Ep 9/10 step 1600/3696 | loss 2.2833 | acc@1 27.8% acc@3 55.9% | 6.54 steps/s | ETA 0.2h | VRAM 1.2GB
[05:15:44 INFO] Ep 9/10 step 1650/3696 | loss 2.2835 | acc@1 27.7% acc@3 55.8% | 6.54 steps/s | ETA 0.2h | VRAM 1.2GB
[05:15:52 INFO] Ep 9/10 step 1700/3696 | loss 2.2838 | acc@1 27.7% acc@3 55.8% | 6.53 steps/s | ETA 0.2h | VRAM 1.2GB
[05:16:00 INFO] Ep 9/10 step 1750/3696 | loss 2.2836 | acc@1 27.6% acc@3 55.8% | 6.52 steps/s | ETA 0.2h | VRAM 1.2GB
[05:16:08 INFO] Ep 9/10 step 1800/3696 | loss 2.2829 | acc@1 27.7% acc@3 55.8% | 6.52 steps/s | ETA 0.2h | VRAM 1.2GB
[05:16:16 INFO] Ep 9/10 step 1850/3696 | loss 2.2825 | acc@1 27.7% acc@3 55.8% | 6.52 steps/s | ETA 0.2h | VRAM 1.2GB
[05:16:24 INFO] Ep 9/10 step 1900/3696 | loss 2.2812 | acc@1 27.7% acc@3 55.8% | 6.51 steps/s | ETA 0.2h | VRAM 1.2GB
[05:16:31 INFO] Ep 9/10 step 1950/3696 | loss 2.2816 | acc@1 27.8% acc@3 55.8% | 6.51 steps/s | ETA 0.2h | VRAM 1.2GB
[05:16:39 INFO] Ep 9/10 step 2000/3696 | loss 2.2817 | acc@1 27.7% acc@3 55.8% | 6.51 steps/s | ETA 0.2h | VRAM 1.2GB
[05:16:47 INFO] Ep 9/10 step 2050/3696 | loss 2.2823 | acc@1 27.7% acc@3 55.8% | 6.50 steps/s | ETA 0.2h | VRAM 1.2GB
[05:16:55 INFO] Ep 9/10 step 2100/3696 | loss 2.2822 | acc@1 27.7% acc@3 55.8% | 6.50 steps/s | ETA 0.2h | VRAM 1.2GB
[05:17:03 INFO] Ep 9/10 step 2150/3696 | loss 2.2820 | acc@1 27.7% acc@3 55.8% | 6.49 steps/s | ETA 0.2h | VRAM 1.2GB
[05:17:11 INFO] Ep 9/10 step 2200/3696 | loss 2.2814 | acc@1 27.7% acc@3 55.8% | 6.49 steps/s | ETA 0.2h | VRAM 1.2GB
[05:17:20 INFO] Ep 9/10 step 2250/3696 | loss 2.2815 | acc@1 27.7% acc@3 55.8% | 6.47 steps/s | ETA 0.2h | VRAM 1.2GB
[05:17:27 INFO] Ep 9/10 step 2300/3696 | loss 2.2811 | acc@1 27.7% acc@3 55.8% | 6.47 steps/s | ETA 0.2h | VRAM 1.2GB
[05:17:35 INFO] Ep 9/10 step 2350/3696 | loss 2.2810 | acc@1 27.7% acc@3 55.8% | 6.47 steps/s | ETA 0.2h | VRAM 1.2GB
[05:17:42 INFO] Ep 9/10 step 2400/3696 | loss 2.2804 | acc@1 27.7% acc@3 55.9% | 6.48 steps/s | ETA 0.2h | VRAM 1.2GB
[05:17:50 INFO] Ep 9/10 step 2450/3696 | loss 2.2809 | acc@1 27.7% acc@3 55.9% | 6.48 steps/s | ETA 0.2h | VRAM 1.2GB
[05:17:58 INFO] Ep 9/10 step 2500/3696 | loss 2.2810 | acc@1 27.7% acc@3 55.9% | 6.48 steps/s | ETA 0.2h | VRAM 1.2GB
[05:18:06 INFO] Ep 9/10 step 2550/3696 | loss 2.2815 | acc@1 27.7% acc@3 55.8% | 6.47 steps/s | ETA 0.2h | VRAM 1.2GB
[05:18:15 INFO] Ep 9/10 step 2600/3696 | loss 2.2811 | acc@1 27.7% acc@3 55.8% | 6.45 steps/s | ETA 0.2h | VRAM 1.2GB
[05:18:23 INFO] Ep 9/10 step 2650/3696 | loss 2.2800 | acc@1 27.7% acc@3 55.8% | 6.44 steps/s | ETA 0.2h | VRAM 1.2GB
[05:18:32 INFO] Ep 9/10 step 2700/3696 | loss 2.2807 | acc@1 27.7% acc@3 55.8% | 6.43 steps/s | ETA 0.2h | VRAM 1.2GB
[05:18:40 INFO] Ep 9/10 step 2750/3696 | loss 2.2817 | acc@1 27.7% acc@3 55.8% | 6.42 steps/s | ETA 0.2h | VRAM 1.2GB
[05:18:49 INFO] Ep 9/10 step 2800/3696 | loss 2.2804 | acc@1 27.7% acc@3 55.8% | 6.41 steps/s | ETA 0.2h | VRAM 1.2GB
[05:18:57 INFO] Ep 9/10 step 2850/3696 | loss 2.2810 | acc@1 27.7% acc@3 55.8% | 6.40 steps/s | ETA 0.2h | VRAM 1.2GB
[05:19:06 INFO] Ep 9/10 step 2900/3696 | loss 2.2804 | acc@1 27.7% acc@3 55.8% | 6.39 steps/s | ETA 0.2h | VRAM 1.2GB
[05:19:14 INFO] Ep 9/10 step 2950/3696 | loss 2.2805 | acc@1 27.7% acc@3 55.8% | 6.38 steps/s | ETA 0.2h | VRAM 1.2GB
[05:19:23 INFO] Ep 9/10 step 3000/3696 | loss 2.2806 | acc@1 27.7% acc@3 55.8% | 6.37 steps/s | ETA 0.2h | VRAM 1.2GB
[05:19:31 INFO] Ep 9/10 step 3050/3696 | loss 2.2805 | acc@1 27.7% acc@3 55.8% | 6.36 steps/s | ETA 0.2h | VRAM 1.2GB
[05:19:40 INFO] Ep 9/10 step 3100/3696 | loss 2.2804 | acc@1 27.7% acc@3 55.8% | 6.35 steps/s | ETA 0.2h | VRAM 1.2GB
[05:19:49 INFO] Ep 9/10 step 3150/3696 | loss 2.2800 | acc@1 27.7% acc@3 55.9% | 6.34 steps/s | ETA 0.2h | VRAM 1.2GB
[05:19:57 INFO] Ep 9/10 step 3200/3696 | loss 2.2799 | acc@1 27.7% acc@3 55.9% | 6.33 steps/s | ETA 0.2h | VRAM 1.2GB
[05:20:06 INFO] Ep 9/10 step 3250/3696 | loss 2.2802 | acc@1 27.7% acc@3 55.9% | 6.33 steps/s | ETA 0.2h | VRAM 1.2GB
[05:20:14 INFO] Ep 9/10 step 3300/3696 | loss 2.2804 | acc@1 27.7% acc@3 55.9% | 6.32 steps/s | ETA 0.2h | VRAM 1.2GB
[05:20:23 INFO] Ep 9/10 step 3350/3696 | loss 2.2797 | acc@1 27.7% acc@3 55.9% | 6.31 steps/s | ETA 0.2h | VRAM 1.2GB
[05:20:31 INFO] Ep 9/10 step 3400/3696 | loss 2.2799 | acc@1 27.7% acc@3 55.9% | 6.31 steps/s | ETA 0.2h | VRAM 1.2GB
[05:20:40 INFO] Ep 9/10 step 3450/3696 | loss 2.2796 | acc@1 27.7% acc@3 55.8% | 6.30 steps/s | ETA 0.2h | VRAM 1.2GB
[05:20:48 INFO] Ep 9/10 step 3500/3696 | loss 2.2795 | acc@1 27.7% acc@3 55.9% | 6.29 steps/s | ETA 0.2h | VRAM 1.2GB
[05:20:57 INFO] Ep 9/10 step 3550/3696 | loss 2.2793 | acc@1 27.8% acc@3 55.9% | 6.29 steps/s | ETA 0.2h | VRAM 1.2GB
[05:21:05 INFO] Ep 9/10 step 3600/3696 | loss 2.2795 | acc@1 27.8% acc@3 55.8% | 6.28 steps/s | ETA 0.2h | VRAM 1.2GB
[05:21:14 INFO] Ep 9/10 step 3650/3696 | loss 2.2795 | acc@1 27.8% acc@3 55.8% | 6.27 steps/s | ETA 0.2h | VRAM 1.2GB
[05:21:52 INFO] === Ep 9/10 | valid acc@1 14.97% acc@3 28.68% | loss 3.3717 | time 10.3min ===
[05:22:00 INFO] Ep 10/10 step 50/3696 | loss 2.2514 | acc@1 26.6% acc@3 55.7% | 5.87 steps/s | ETA 0.2h | VRAM 1.2GB
[05:22:09 INFO] Ep 10/10 step 100/3696 | loss 2.2682 | acc@1 26.8% acc@3 55.7% | 5.88 steps/s | ETA 0.2h | VRAM 1.2GB
[05:22:17 INFO] Ep 10/10 step 150/3696 | loss 2.2638 | acc@1 26.9% acc@3 56.0% | 5.87 steps/s | ETA 0.2h | VRAM 1.2GB
[05:22:26 INFO] Ep 10/10 step 200/3696 | loss 2.2698 | acc@1 27.0% acc@3 55.9% | 5.87 steps/s | ETA 0.2h | VRAM 1.2GB
[05:22:34 INFO] Ep 10/10 step 250/3696 | loss 2.2731 | acc@1 27.3% acc@3 55.7% | 5.87 steps/s | ETA 0.2h | VRAM 1.2GB
[05:22:43 INFO] Ep 10/10 step 300/3696 | loss 2.2749 | acc@1 27.3% acc@3 55.7% | 5.87 steps/s | ETA 0.2h | VRAM 1.2GB
[05:22:51 INFO] Ep 10/10 step 350/3696 | loss 2.2758 | acc@1 27.4% acc@3 55.9% | 5.87 steps/s | ETA 0.2h | VRAM 1.2GB
[05:23:00 INFO] Ep 10/10 step 400/3696 | loss 2.2725 | acc@1 27.3% acc@3 56.0% | 5.87 steps/s | ETA 0.2h | VRAM 1.2GB
[05:23:08 INFO] Ep 10/10 step 450/3696 | loss 2.2734 | acc@1 27.2% acc@3 56.0% | 5.87 steps/s | ETA 0.2h | VRAM 1.2GB
[05:23:17 INFO] Ep 10/10 step 500/3696 | loss 2.2730 | acc@1 27.2% acc@3 55.9% | 5.87 steps/s | ETA 0.2h | VRAM 1.2GB
[05:23:26 INFO] Ep 10/10 step 550/3696 | loss 2.2729 | acc@1 27.3% acc@3 55.9% | 5.87 steps/s | ETA 0.1h | VRAM 1.2GB
[05:23:34 INFO] Ep 10/10 step 600/3696 | loss 2.2704 | acc@1 27.3% acc@3 56.0% | 5.87 steps/s | ETA 0.1h | VRAM 1.2GB
[05:23:43 INFO] Ep 10/10 step 650/3696 | loss 2.2682 | acc@1 27.4% acc@3 56.1% | 5.87 steps/s | ETA 0.1h | VRAM 1.2GB
[05:23:51 INFO] Ep 10/10 step 700/3696 | loss 2.2691 | acc@1 27.5% acc@3 56.1% | 5.87 steps/s | ETA 0.1h | VRAM 1.2GB
[05:24:00 INFO] Ep 10/10 step 750/3696 | loss 2.2675 | acc@1 27.6% acc@3 56.2% | 5.87 steps/s | ETA 0.1h | VRAM 1.2GB
[05:24:08 INFO] Ep 10/10 step 800/3696 | loss 2.2688 | acc@1 27.6% acc@3 56.1% | 5.87 steps/s | ETA 0.1h | VRAM 1.2GB
[05:24:17 INFO] Ep 10/10 step 850/3696 | loss 2.2697 | acc@1 27.4% acc@3 56.0% | 5.87 steps/s | ETA 0.1h | VRAM 1.2GB
[05:24:24 INFO] Ep 10/10 step 900/3696 | loss 2.2692 | acc@1 27.6% acc@3 56.1% | 5.90 steps/s | ETA 0.1h | VRAM 1.2GB
[05:24:32 INFO] Ep 10/10 step 950/3696 | loss 2.2677 | acc@1 27.6% acc@3 56.1% | 5.93 steps/s | ETA 0.1h | VRAM 1.2GB
[05:24:40 INFO] Ep 10/10 step 1000/3696 | loss 2.2685 | acc@1 27.6% acc@3 56.1% | 5.95 steps/s | ETA 0.1h | VRAM 1.2GB
[05:24:48 INFO] Ep 10/10 step 1050/3696 | loss 2.2689 | acc@1 27.6% acc@3 56.1% | 5.97 steps/s | ETA 0.1h | VRAM 1.2GB
[05:24:55 INFO] Ep 10/10 step 1100/3696 | loss 2.2677 | acc@1 27.6% acc@3 56.1% | 5.99 steps/s | ETA 0.1h | VRAM 1.2GB
[05:25:03 INFO] Ep 10/10 step 1150/3696 | loss 2.2666 | acc@1 27.7% acc@3 56.2% | 6.00 steps/s | ETA 0.1h | VRAM 1.2GB
[05:25:12 INFO] Ep 10/10 step 1200/3696 | loss 2.2646 | acc@1 27.8% acc@3 56.3% | 6.00 steps/s | ETA 0.1h | VRAM 1.2GB
[05:25:20 INFO] Ep 10/10 step 1250/3696 | loss 2.2650 | acc@1 27.8% acc@3 56.3% | 5.99 steps/s | ETA 0.1h | VRAM 1.2GB
[05:25:29 INFO] Ep 10/10 step 1300/3696 | loss 2.2648 | acc@1 27.9% acc@3 56.3% | 5.99 steps/s | ETA 0.1h | VRAM 1.2GB
[05:25:37 INFO] Ep 10/10 step 1350/3696 | loss 2.2662 | acc@1 27.9% acc@3 56.3% | 5.98 steps/s | ETA 0.1h | VRAM 1.2GB
[05:25:46 INFO] Ep 10/10 step 1400/3696 | loss 2.2658 | acc@1 27.9% acc@3 56.3% | 5.98 steps/s | ETA 0.1h | VRAM 1.2GB
[05:25:54 INFO] Ep 10/10 step 1450/3696 | loss 2.2671 | acc@1 27.9% acc@3 56.3% | 5.98 steps/s | ETA 0.1h | VRAM 1.2GB
[05:26:03 INFO] Ep 10/10 step 1500/3696 | loss 2.2679 | acc@1 27.9% acc@3 56.3% | 5.97 steps/s | ETA 0.1h | VRAM 1.2GB
[05:26:11 INFO] Ep 10/10 step 1550/3696 | loss 2.2677 | acc@1 27.8% acc@3 56.3% | 5.97 steps/s | ETA 0.1h | VRAM 1.2GB
[05:26:20 INFO] Ep 10/10 step 1600/3696 | loss 2.2686 | acc@1 27.8% acc@3 56.3% | 5.97 steps/s | ETA 0.1h | VRAM 1.2GB
[05:26:28 INFO] Ep 10/10 step 1650/3696 | loss 2.2673 | acc@1 27.9% acc@3 56.3% | 5.96 steps/s | ETA 0.1h | VRAM 1.2GB
[05:26:37 INFO] Ep 10/10 step 1700/3696 | loss 2.2677 | acc@1 27.9% acc@3 56.3% | 5.96 steps/s | ETA 0.1h | VRAM 1.2GB
[05:26:45 INFO] Ep 10/10 step 1750/3696 | loss 2.2661 | acc@1 27.9% acc@3 56.3% | 5.97 steps/s | ETA 0.1h | VRAM 1.2GB
[05:26:53 INFO] Ep 10/10 step 1800/3696 | loss 2.2675 | acc@1 27.9% acc@3 56.3% | 5.98 steps/s | ETA 0.1h | VRAM 1.2GB
[05:27:01 INFO] Ep 10/10 step 1850/3696 | loss 2.2682 | acc@1 27.9% acc@3 56.3% | 5.98 steps/s | ETA 0.1h | VRAM 1.2GB
[05:27:10 INFO] Ep 10/10 step 1900/3696 | loss 2.2681 | acc@1 27.9% acc@3 56.3% | 5.98 steps/s | ETA 0.1h | VRAM 1.2GB
[05:27:18 INFO] Ep 10/10 step 1950/3696 | loss 2.2685 | acc@1 27.9% acc@3 56.2% | 5.98 steps/s | ETA 0.1h | VRAM 1.2GB
[05:27:27 INFO] Ep 10/10 step 2000/3696 | loss 2.2678 | acc@1 27.9% acc@3 56.2% | 5.97 steps/s | ETA 0.1h | VRAM 1.2GB
[05:27:35 INFO] Ep 10/10 step 2050/3696 | loss 2.2663 | acc@1 28.0% acc@3 56.3% | 5.97 steps/s | ETA 0.1h | VRAM 1.2GB
[05:27:44 INFO] Ep 10/10 step 2100/3696 | loss 2.2662 | acc@1 27.9% acc@3 56.3% | 5.97 steps/s | ETA 0.1h | VRAM 1.2GB
[05:27:52 INFO] Ep 10/10 step 2150/3696 | loss 2.2651 | acc@1 28.0% acc@3 56.4% | 5.97 steps/s | ETA 0.1h | VRAM 1.2GB
[05:28:00 INFO] Ep 10/10 step 2200/3696 | loss 2.2658 | acc@1 28.0% acc@3 56.4% | 5.97 steps/s | ETA 0.1h | VRAM 1.2GB
[05:28:08 INFO] Ep 10/10 step 2250/3696 | loss 2.2652 | acc@1 28.1% acc@3 56.4% | 5.97 steps/s | ETA 0.1h | VRAM 1.2GB
[05:28:17 INFO] Ep 10/10 step 2300/3696 | loss 2.2659 | acc@1 28.0% acc@3 56.3% | 5.97 steps/s | ETA 0.1h | VRAM 1.2GB
[05:28:25 INFO] Ep 10/10 step 2350/3696 | loss 2.2653 | acc@1 28.0% acc@3 56.3% | 5.98 steps/s | ETA 0.1h | VRAM 1.2GB
[05:28:33 INFO] Ep 10/10 step 2400/3696 | loss 2.2648 | acc@1 28.0% acc@3 56.3% | 5.99 steps/s | ETA 0.1h | VRAM 1.2GB
[05:28:41 INFO] Ep 10/10 step 2450/3696 | loss 2.2648 | acc@1 28.0% acc@3 56.3% | 5.99 steps/s | ETA 0.1h | VRAM 1.2GB
[05:28:49 INFO] Ep 10/10 step 2500/3696 | loss 2.2640 | acc@1 28.0% acc@3 56.4% | 5.99 steps/s | ETA 0.1h | VRAM 1.2GB
[05:28:57 INFO] Ep 10/10 step 2550/3696 | loss 2.2640 | acc@1 28.0% acc@3 56.4% | 6.00 steps/s | ETA 0.1h | VRAM 1.2GB
[05:29:05 INFO] Ep 10/10 step 2600/3696 | loss 2.2638 | acc@1 28.0% acc@3 56.3% | 6.00 steps/s | ETA 0.1h | VRAM 1.2GB
[05:29:13 INFO] Ep 10/10 step 2650/3696 | loss 2.2639 | acc@1 28.1% acc@3 56.3% | 6.00 steps/s | ETA 0.0h | VRAM 1.2GB
[05:29:22 INFO] Ep 10/10 step 2700/3696 | loss 2.2634 | acc@1 28.1% acc@3 56.4% | 6.00 steps/s | ETA 0.0h | VRAM 1.2GB
[05:29:31 INFO] Ep 10/10 step 2750/3696 | loss 2.2631 | acc@1 28.1% acc@3 56.4% | 5.99 steps/s | ETA 0.0h | VRAM 1.2GB
[05:29:39 INFO] Ep 10/10 step 2800/3696 | loss 2.2629 | acc@1 28.1% acc@3 56.4% | 5.99 steps/s | ETA 0.0h | VRAM 1.2GB
[05:29:48 INFO] Ep 10/10 step 2850/3696 | loss 2.2641 | acc@1 28.1% acc@3 56.3% | 5.99 steps/s | ETA 0.0h | VRAM 1.2GB
[05:29:56 INFO] Ep 10/10 step 2900/3696 | loss 2.2642 | acc@1 28.0% acc@3 56.3% | 5.99 steps/s | ETA 0.0h | VRAM 1.2GB
[05:30:05 INFO] Ep 10/10 step 2950/3696 | loss 2.2647 | acc@1 28.0% acc@3 56.3% | 5.98 steps/s | ETA 0.0h | VRAM 1.2GB
[05:30:13 INFO] Ep 10/10 step 3000/3696 | loss 2.2647 | acc@1 28.0% acc@3 56.3% | 5.98 steps/s | ETA 0.0h | VRAM 1.2GB
[05:30:22 INFO] Ep 10/10 step 3050/3696 | loss 2.2642 | acc@1 28.0% acc@3 56.3% | 5.98 steps/s | ETA 0.0h | VRAM 1.2GB
[05:30:30 INFO] Ep 10/10 step 3100/3696 | loss 2.2638 | acc@1 28.0% acc@3 56.3% | 5.98 steps/s | ETA 0.0h | VRAM 1.2GB
[05:30:38 INFO] Ep 10/10 step 3150/3696 | loss 2.2637 | acc@1 28.0% acc@3 56.3% | 5.98 steps/s | ETA 0.0h | VRAM 1.2GB
[05:30:47 INFO] Ep 10/10 step 3200/3696 | loss 2.2635 | acc@1 28.0% acc@3 56.3% | 5.98 steps/s | ETA 0.0h | VRAM 1.2GB
[05:30:55 INFO] Ep 10/10 step 3250/3696 | loss 2.2635 | acc@1 28.0% acc@3 56.3% | 5.98 steps/s | ETA 0.0h | VRAM 1.2GB
[05:31:04 INFO] Ep 10/10 step 3300/3696 | loss 2.2631 | acc@1 28.0% acc@3 56.4% | 5.98 steps/s | ETA 0.0h | VRAM 1.2GB
[05:31:12 INFO] Ep 10/10 step 3350/3696 | loss 2.2638 | acc@1 28.0% acc@3 56.3% | 5.98 steps/s | ETA 0.0h | VRAM 1.2GB
[05:31:20 INFO] Ep 10/10 step 3400/3696 | loss 2.2635 | acc@1 28.0% acc@3 56.4% | 5.98 steps/s | ETA 0.0h | VRAM 1.2GB
[05:31:28 INFO] Ep 10/10 step 3450/3696 | loss 2.2636 | acc@1 28.0% acc@3 56.4% | 5.98 steps/s | ETA 0.0h | VRAM 1.2GB
[05:31:36 INFO] Ep 10/10 step 3500/3696 | loss 2.2634 | acc@1 28.0% acc@3 56.4% | 5.99 steps/s | ETA 0.0h | VRAM 1.2GB
[05:31:44 INFO] Ep 10/10 step 3550/3696 | loss 2.2635 | acc@1 28.0% acc@3 56.3% | 5.99 steps/s | ETA 0.0h | VRAM 1.2GB
[05:31:53 INFO] Ep 10/10 step 3600/3696 | loss 2.2636 | acc@1 28.0% acc@3 56.3% | 5.99 steps/s | ETA 0.0h | VRAM 1.2GB
[05:32:01 INFO] Ep 10/10 step 3650/3696 | loss 2.2635 | acc@1 28.0% acc@3 56.3% | 5.99 steps/s | ETA 0.0h | VRAM 1.2GB
[05:32:40 INFO] === Ep 10/10 | valid acc@1 15.28% acc@3 28.90% | loss 3.3648 | time 10.8min ===
[05:32:41 INFO]   ✓ New best acc@1=15.28% — saved
[05:32:41 INFO] Done. Best valid acc@1: 15.28%  Checkpoints: /home/admin_wsl/research_kg/DBP5L/checkpoints/bgem3_lora_dbp5l_20260626_0344
